<?xml version="1.0" encoding="UTF-8"?>
<coverage generated="1611224302120" clover="3.2.0">
  <project timestamp="1611224302120" name="All files">
    <metrics statements="159" coveredstatements="148" conditionals="48" coveredconditionals="41" methods="73" coveredmethods="67" elements="280" coveredelements="256" complexity="0" loc="159" ncloc="159" packages="1" files="6" classes="6"/>
    <file name="Env.js" path="/Users/dannyyassine/Documents/dev/vuuri/tests/client/src/vuuri/Env.js">
      <metrics statements="1" coveredstatements="0" conditionals="0" coveredconditionals="0" methods="1" coveredmethods="0"/>
      <line num="3" count="0" type="stmt"/>
    </file>
    <file name="GridEvent.js" path="/Users/dannyyassine/Documents/dev/vuuri/tests/client/src/vuuri/GridEvent.js">
      <metrics statements="1" coveredstatements="1" conditionals="0" coveredconditionals="0" methods="0" coveredmethods="0"/>
      <line num="2" count="16" type="stmt"/>
    </file>
    <file name="GridStore.js" path="/Users/dannyyassine/Documents/dev/vuuri/tests/client/src/vuuri/GridStore.js">
      <metrics statements="22" coveredstatements="18" conditionals="4" coveredconditionals="3" methods="13" coveredmethods="11"/>
      <line num="9" count="16" type="stmt"/>
      <line num="14" count="16" type="stmt"/>
      <line num="19" count="16" type="stmt"/>
      <line num="24" count="16" type="stmt"/>
      <line num="32" count="72" type="stmt"/>
      <line num="41" count="0" type="stmt"/>
      <line num="42" count="0" type="stmt"/>
      <line num="49" count="14" type="stmt"/>
      <line num="56" count="10" type="stmt"/>
      <line num="63" count="3" type="stmt"/>
      <line num="70" count="3" type="stmt"/>
      <line num="78" count="9" type="stmt"/>
      <line num="79" count="9" type="cond" truecount="2" falsecount="0"/>
      <line num="80" count="6" type="stmt"/>
      <line num="82" count="9" type="stmt"/>
      <line num="90" count="6" type="stmt"/>
      <line num="98" count="3" type="cond" truecount="1" falsecount="1"/>
      <line num="99" count="3" type="stmt"/>
      <line num="100" count="3" type="stmt"/>
      <line num="101" count="3" type="stmt"/>
      <line num="104" count="0" type="stmt"/>
      <line num="105" count="0" type="stmt"/>
    </file>
    <file name="Vuuri.vue" path="/Users/dannyyassine/Documents/dev/vuuri/tests/client/src/vuuri/Vuuri.vue">
      <metrics statements="132" coveredstatements="126" conditionals="44" coveredconditionals="38" methods="59" coveredmethods="56"/>
      <line num="39" count="22" type="stmt"/>
      <line num="48" count="22" type="stmt"/>
      <line num="63" count="13" type="stmt"/>
      <line num="71" count="122" type="stmt"/>
      <line num="79" count="122" type="stmt"/>
      <line num="113" count="22" type="stmt"/>
      <line num="132" count="28" type="cond" truecount="2" falsecount="0"/>
      <line num="133" count="18" type="stmt"/>
      <line num="139" count="22" type="stmt"/>
      <line num="147" count="76" type="stmt"/>
      <line num="148" count="76" type="stmt"/>
      <line num="150" count="55" type="stmt"/>
      <line num="158" count="22" type="stmt"/>
      <line num="159" count="22" type="cond" truecount="2" falsecount="0"/>
      <line num="160" count="3" type="stmt"/>
      <line num="162" count="22" type="cond" truecount="2" falsecount="0"/>
      <line num="163" count="6" type="stmt"/>
      <line num="165" count="22" type="cond" truecount="1" falsecount="1"/>
      <line num="166" count="22" type="stmt"/>
      <line num="167" count="47" type="stmt"/>
      <line num="169" count="22" type="stmt"/>
      <line num="171" count="22" type="stmt"/>
      <line num="172" count="22" type="stmt"/>
      <line num="173" count="22" type="stmt"/>
      <line num="183" count="22" type="stmt"/>
      <line num="187" count="22" type="stmt"/>
      <line num="191" count="22" type="stmt"/>
      <line num="198" count="22" type="cond" truecount="2" falsecount="0"/>
      <line num="199" count="13" type="stmt"/>
      <line num="201" count="22" type="cond" truecount="4" falsecount="0"/>
      <line num="202" count="9" type="stmt"/>
      <line num="203" count="9" type="cond" truecount="2" falsecount="0"/>
      <line num="204" count="3" type="stmt"/>
      <line num="206" count="9" type="cond" truecount="2" falsecount="0"/>
      <line num="207" count="6" type="stmt"/>
      <line num="209" count="9" type="stmt"/>
      <line num="210" count="3" type="stmt"/>
      <line num="213" count="22" type="stmt"/>
      <line num="219" count="13" type="stmt"/>
      <line num="231" count="7" type="stmt"/>
      <line num="246" count="22" type="stmt"/>
      <line num="247" count="550" type="stmt"/>
      <line num="248" count="408" type="stmt"/>
      <line num="250" count="550" type="stmt"/>
      <line num="252" count="550" type="cond" truecount="2" falsecount="0"/>
      <line num="253" count="22" type="stmt"/>
      <line num="255" count="550" type="cond" truecount="2" falsecount="0"/>
      <line num="256" count="22" type="stmt"/>
      <line num="258" count="550" type="cond" truecount="2" falsecount="0"/>
      <line num="259" count="22" type="stmt"/>
      <line num="261" count="550" type="cond" truecount="2" falsecount="0"/>
      <line num="262" count="22" type="stmt"/>
      <line num="264" count="550" type="cond" truecount="2" falsecount="0"/>
      <line num="265" count="22" type="stmt"/>
      <line num="274" count="0" type="stmt"/>
      <line num="275" count="0" type="stmt"/>
      <line num="276" count="0" type="stmt"/>
      <line num="285" count="7" type="stmt"/>
      <line num="293" count="4" type="stmt"/>
      <line num="294" count="4" type="stmt"/>
      <line num="302" count="12" type="stmt"/>
      <line num="303" count="3" type="stmt"/>
      <line num="304" count="3" type="stmt"/>
      <line num="305" count="3" type="stmt"/>
      <line num="312" count="3" type="stmt"/>
      <line num="313" count="3" type="stmt"/>
      <line num="314" count="3" type="stmt"/>
      <line num="315" count="3" type="stmt"/>
      <line num="321" count="7" type="stmt"/>
      <line num="322" count="7" type="stmt"/>
      <line num="330" count="7" type="stmt"/>
      <line num="332" count="7" type="stmt"/>
      <line num="333" count="7" type="stmt"/>
      <line num="334" count="92" type="stmt"/>
      <line num="335" count="92" type="stmt"/>
      <line num="336" count="92" type="stmt"/>
      <line num="339" count="7" type="stmt"/>
      <line num="340" count="92" type="stmt"/>
      <line num="341" count="92" type="stmt"/>
      <line num="349" count="122" type="stmt"/>
      <line num="362" count="101" type="stmt"/>
      <line num="369" count="36" type="stmt"/>
      <line num="370" count="36" type="stmt"/>
      <line num="381" count="120" type="stmt"/>
      <line num="382" count="33" type="stmt"/>
      <line num="392" count="40" type="cond" truecount="3" falsecount="1"/>
      <line num="393" count="0" type="stmt"/>
      <line num="396" count="40" type="stmt"/>
      <line num="398" count="40" type="stmt"/>
      <line num="399" count="40" type="stmt"/>
      <line num="400" count="40" type="stmt"/>
      <line num="411" count="40" type="stmt"/>
      <line num="412" count="40" type="cond" truecount="2" falsecount="0"/>
      <line num="413" count="37" type="stmt"/>
      <line num="416" count="3" type="stmt"/>
      <line num="417" count="3" type="stmt"/>
      <line num="418" count="3" type="stmt"/>
      <line num="419" count="3" type="stmt"/>
      <line num="425" count="3" type="cond" truecount="1" falsecount="1"/>
      <line num="426" count="3" type="stmt"/>
      <line num="430" count="3" type="cond" truecount="1" falsecount="1"/>
      <line num="431" count="0" type="stmt"/>
      <line num="434" count="3" type="stmt"/>
      <line num="435" count="3" type="stmt"/>
      <line num="437" count="3" type="stmt"/>
      <line num="439" count="3" type="stmt"/>
      <line num="440" count="6" type="stmt"/>
      <line num="441" count="3" type="stmt"/>
      <line num="444" count="3" type="stmt"/>
      <line num="456" count="40" type="stmt"/>
      <line num="457" count="40" type="stmt"/>
      <line num="458" count="40" type="cond" truecount="2" falsecount="0"/>
      <line num="459" count="12" type="stmt"/>
      <line num="462" count="28" type="cond" truecount="2" falsecount="0"/>
      <line num="463" count="114" type="stmt"/>
      <line num="467" count="28" type="stmt"/>
      <line num="469" count="28" type="stmt"/>
      <line num="470" count="28" type="stmt"/>
      <line num="471" count="116" type="stmt"/>
      <line num="472" count="116" type="stmt"/>
      <line num="477" count="150" type="stmt"/>
      <line num="486" count="3" type="stmt"/>
      <line num="489" count="10" type="stmt"/>
      <line num="490" count="10" type="stmt"/>
      <line num="491" count="10" type="stmt"/>
      <line num="492" count="10" type="stmt"/>
      <line num="493" count="14" type="stmt"/>
      <line num="498" count="22" type="stmt"/>
      <line num="499" count="22" type="stmt"/>
      <line num="502" count="22" type="stmt"/>
      <line num="503" count="15" type="stmt"/>
      <line num="506" count="0" type="stmt"/>
    </file>
    <file name="constants.js" path="/Users/dannyyassine/Documents/dev/vuuri/tests/client/src/vuuri/constants.js">
      <metrics statements="3" coveredstatements="3" conditionals="0" coveredconditionals="0" methods="0" coveredmethods="0"/>
      <line num="2" count="16" type="stmt"/>
      <line num="6" count="16" type="stmt"/>
      <line num="11" count="16" type="stmt"/>
    </file>
    <file name="index.js" path="/Users/dannyyassine/Documents/dev/vuuri/tests/client/src/vuuri/index.js">
      <metrics statements="0" coveredstatements="0" conditionals="0" coveredconditionals="0" methods="0" coveredmethods="0"/>
    </file>
  </project>
</coverage>
