{"total": {"lines":{"total":159,"covered":148,"skipped":0,"pct":93.08},"statements":{"total":162,"covered":150,"skipped":0,"pct":92.59},"functions":{"total":73,"covered":67,"skipped":0,"pct":91.78},"branches":{"total":48,"covered":41,"skipped":0,"pct":85.42}}
,"/Users/dannyyassine/Documents/dev/vuuri/tests/client/src/vuuri/Env.js": {"lines":{"total":1,"covered":0,"skipped":0,"pct":0},"functions":{"total":1,"covered":0,"skipped":0,"pct":0},"statements":{"total":1,"covered":0,"skipped":0,"pct":0},"branches":{"total":0,"covered":0,"skipped":0,"pct":100}}
,"/Users/dannyyassine/Documents/dev/vuuri/tests/client/src/vuuri/GridEvent.js": {"lines":{"total":1,"covered":1,"skipped":0,"pct":100},"functions":{"total":0,"covered":0,"skipped":0,"pct":100},"statements":{"total":1,"covered":1,"skipped":0,"pct":100},"branches":{"total":0,"covered":0,"skipped":0,"pct":100}}
,"/Users/dannyyassine/Documents/dev/vuuri/tests/client/src/vuuri/GridStore.js": {"lines":{"total":22,"covered":18,"skipped":0,"pct":81.82},"functions":{"total":13,"covered":11,"skipped":0,"pct":84.62},"statements":{"total":25,"covered":20,"skipped":0,"pct":80},"branches":{"total":4,"covered":3,"skipped":0,"pct":75}}
,"/Users/dannyyassine/Documents/dev/vuuri/tests/client/src/vuuri/Vuuri.vue": {"lines":{"total":132,"covered":126,"skipped":0,"pct":95.45},"functions":{"total":59,"covered":56,"skipped":0,"pct":94.92},"statements":{"total":132,"covered":126,"skipped":0,"pct":95.45},"branches":{"total":44,"covered":38,"skipped":0,"pct":86.36}}
,"/Users/dannyyassine/Documents/dev/vuuri/tests/client/src/vuuri/constants.js": {"lines":{"total":3,"covered":3,"skipped":0,"pct":100},"functions":{"total":0,"covered":0,"skipped":0,"pct":100},"statements":{"total":3,"covered":3,"skipped":0,"pct":100},"branches":{"total":0,"covered":0,"skipped":0,"pct":100}}
,"/Users/dannyyassine/Documents/dev/vuuri/tests/client/src/vuuri/index.js": {"lines":{"total":0,"covered":0,"skipped":0,"pct":0},"functions":{"total":0,"covered":0,"skipped":0,"pct":0},"statements":{"total":0,"covered":0,"skipped":0,"pct":0},"branches":{"total":0,"covered":0,"skipped":0,"pct":0}}
}
