{"/Users/dannyyassine/Documents/dev/vuuri/tests/client/src/vuuri/Env.js": {"path":"/Users/dannyyassine/Documents/dev/vuuri/tests/client/src/vuuri/Env.js","statementMap":{"0":{"start":{"line":3,"column":4},"end":{"line":3,"column":52}}},"fnMap":{"0":{"name":"(anonymous_0)","decl":{"start":{"line":2,"column":2},"end":{"line":2,"column":3}},"loc":{"start":{"line":2,"column":18},"end":{"line":4,"column":3}},"line":2}},"branchMap":{},"s":{"0":0},"f":{"0":0},"b":{},"_coverageSchema":"1a1c01bbd47fc00a2c39e90264f33305004495a9","hash":"077cdbc7900d7bd716e5d340a051921d554449a7"}
,"/Users/dannyyassine/Documents/dev/vuuri/tests/client/src/vuuri/GridEvent.js": {"path":"/Users/dannyyassine/Documents/dev/vuuri/tests/client/src/vuuri/GridEvent.js","statementMap":{"0":{"start":{"line":2,"column":25},"end":{"line":28,"column":1}}},"fnMap":{},"branchMap":{},"s":{"0":16},"f":{},"b":{},"_coverageSchema":"1a1c01bbd47fc00a2c39e90264f33305004495a9","hash":"10ea54f3c6c907a5a2106de68d253a0932871f9e"}
,"/Users/dannyyassine/Documents/dev/vuuri/tests/client/src/vuuri/GridStore.js": {"path":"/Users/dannyyassine/Documents/dev/vuuri/tests/client/src/vuuri/GridStore.js","statementMap":{"0":{"start":{"line":9,"column":4},"end":{"line":9,"column":28}},"1":{"start":{"line":14,"column":4},"end":{"line":14,"column":32}},"2":{"start":{"line":19,"column":4},"end":{"line":19,"column":34}},"3":{"start":{"line":24,"column":4},"end":{"line":24,"column":30}},"4":{"start":{"line":32,"column":4},"end":{"line":32,"column":39}},"5":{"start":{"line":41,"column":18},"end":{"line":41,"column":45}},"6":{"start":{"line":42,"column":4},"end":{"line":42,"column":81}},"7":{"start":{"line":42,"column":30},"end":{"line":42,"column":79}},"8":{"start":{"line":49,"column":4},"end":{"line":49,"column":35}},"9":{"start":{"line":56,"column":4},"end":{"line":56,"column":31}},"10":{"start":{"line":63,"column":4},"end":{"line":63,"column":34}},"11":{"start":{"line":70,"column":4},"end":{"line":70,"column":30}},"12":{"start":{"line":78,"column":26},"end":{"line":78,"column":36}},"13":{"start":{"line":79,"column":4},"end":{"line":81,"column":5}},"14":{"start":{"line":80,"column":6},"end":{"line":80,"column":44}},"15":{"start":{"line":82,"column":4},"end":{"line":82,"column":46}},"16":{"start":{"line":90,"column":4},"end":{"line":90,"column":61}},"17":{"start":{"line":90,"column":32},"end":{"line":90,"column":59}},"18":{"start":{"line":98,"column":4},"end":{"line":102,"column":5}},"19":{"start":{"line":99,"column":19},"end":{"line":99,"column":21}},"20":{"start":{"line":100,"column":6},"end":{"line":100,"column":86}},"21":{"start":{"line":100,"column":32},"end":{"line":100,"column":84}},"22":{"start":{"line":101,"column":6},"end":{"line":101,"column":20}},"23":{"start":{"line":104,"column":26},"end":{"line":104,"column":34}},"24":{"start":{"line":105,"column":4},"end":{"line":105,"column":42}}},"fnMap":{"0":{"name":"(anonymous_0)","decl":{"start":{"line":5,"column":2},"end":{"line":5,"column":3}},"loc":{"start":{"line":5,"column":16},"end":{"line":25,"column":3}},"line":5},"1":{"name":"(anonymous_1)","decl":{"start":{"line":31,"column":2},"end":{"line":31,"column":3}},"loc":{"start":{"line":31,"column":35},"end":{"line":33,"column":3}},"line":31},"2":{"name":"(anonymous_2)","decl":{"start":{"line":40,"column":2},"end":{"line":40,"column":3}},"loc":{"start":{"line":40,"column":39},"end":{"line":43,"column":3}},"line":40},"3":{"name":"(anonymous_3)","decl":{"start":{"line":42,"column":22},"end":{"line":42,"column":23}},"loc":{"start":{"line":42,"column":30},"end":{"line":42,"column":79}},"line":42},"4":{"name":"(anonymous_4)","decl":{"start":{"line":48,"column":2},"end":{"line":48,"column":3}},"loc":{"start":{"line":48,"column":29},"end":{"line":50,"column":3}},"line":48},"5":{"name":"(anonymous_5)","decl":{"start":{"line":55,"column":2},"end":{"line":55,"column":3}},"loc":{"start":{"line":55,"column":25},"end":{"line":57,"column":3}},"line":55},"6":{"name":"(anonymous_6)","decl":{"start":{"line":62,"column":2},"end":{"line":62,"column":3}},"loc":{"start":{"line":62,"column":24},"end":{"line":64,"column":3}},"line":62},"7":{"name":"(anonymous_7)","decl":{"start":{"line":69,"column":2},"end":{"line":69,"column":3}},"loc":{"start":{"line":69,"column":20},"end":{"line":71,"column":3}},"line":69},"8":{"name":"(anonymous_8)","decl":{"start":{"line":77,"column":2},"end":{"line":77,"column":3}},"loc":{"start":{"line":77,"column":25},"end":{"line":83,"column":3}},"line":77},"9":{"name":"(anonymous_9)","decl":{"start":{"line":89,"column":2},"end":{"line":89,"column":3}},"loc":{"start":{"line":89,"column":34},"end":{"line":91,"column":3}},"line":89},"10":{"name":"(anonymous_10)","decl":{"start":{"line":90,"column":21},"end":{"line":90,"column":22}},"loc":{"start":{"line":90,"column":32},"end":{"line":90,"column":59}},"line":90},"11":{"name":"(anonymous_11)","decl":{"start":{"line":97,"column":2},"end":{"line":97,"column":3}},"loc":{"start":{"line":97,"column":18},"end":{"line":106,"column":3}},"line":97},"12":{"name":"(anonymous_12)","decl":{"start":{"line":100,"column":20},"end":{"line":100,"column":21}},"loc":{"start":{"line":100,"column":32},"end":{"line":100,"column":84}},"line":100}},"branchMap":{"0":{"loc":{"start":{"line":79,"column":4},"end":{"line":81,"column":5}},"type":"if","locations":[{"start":{"line":79,"column":4},"end":{"line":81,"column":5}},{"start":{"line":79,"column":4},"end":{"line":81,"column":5}}],"line":79},"1":{"loc":{"start":{"line":98,"column":4},"end":{"line":102,"column":5}},"type":"if","locations":[{"start":{"line":98,"column":4},"end":{"line":102,"column":5}},{"start":{"line":98,"column":4},"end":{"line":102,"column":5}}],"line":98}},"s":{"0":16,"1":16,"2":16,"3":16,"4":72,"5":0,"6":0,"7":0,"8":14,"9":10,"10":3,"11":3,"12":9,"13":9,"14":6,"15":9,"16":6,"17":6,"18":3,"19":3,"20":3,"21":3,"22":3,"23":0,"24":0},"f":{"0":16,"1":72,"2":0,"3":0,"4":14,"5":10,"6":3,"7":3,"8":9,"9":6,"10":6,"11":3,"12":3},"b":{"0":[6,3],"1":[3,0]},"_coverageSchema":"1a1c01bbd47fc00a2c39e90264f33305004495a9","hash":"4eebd64ae29772ccf41a7506ad451d772bf5665f"}
,"/Users/dannyyassine/Documents/dev/vuuri/tests/client/src/vuuri/Vuuri.vue": {"path":"/Users/dannyyassine/Documents/dev/vuuri/tests/client/src/vuuri/Vuuri.vue","statementMap":{"0":{"start":{"line":39,"column":0},"end":{"line":39,"column":null}},"1":{"start":{"line":48,"column":0},"end":{"line":48,"column":null}},"2":{"start":{"line":63,"column":0},"end":{"line":63,"column":null}},"3":{"start":{"line":71,"column":0},"end":{"line":71,"column":null}},"4":{"start":{"line":79,"column":0},"end":{"line":79,"column":null}},"5":{"start":{"line":113,"column":0},"end":{"line":128,"column":null}},"6":{"start":{"line":132,"column":0},"end":{"line":134,"column":null}},"7":{"start":{"line":133,"column":0},"end":{"line":133,"column":null}},"8":{"start":{"line":139,"column":0},"end":{"line":139,"column":null}},"9":{"start":{"line":147,"column":0},"end":{"line":151,"column":null}},"10":{"start":{"line":148,"column":0},"end":{"line":150,"column":null}},"11":{"start":{"line":150,"column":0},"end":{"line":150,"column":null}},"12":{"start":{"line":158,"column":0},"end":{"line":158,"column":null}},"13":{"start":{"line":159,"column":0},"end":{"line":161,"column":null}},"14":{"start":{"line":160,"column":0},"end":{"line":160,"column":null}},"15":{"start":{"line":162,"column":0},"end":{"line":164,"column":null}},"16":{"start":{"line":163,"column":0},"end":{"line":163,"column":null}},"17":{"start":{"line":165,"column":0},"end":{"line":170,"column":null}},"18":{"start":{"line":166,"column":0},"end":{"line":168,"column":null}},"19":{"start":{"line":167,"column":0},"end":{"line":167,"column":null}},"20":{"start":{"line":169,"column":0},"end":{"line":169,"column":null}},"21":{"start":{"line":171,"column":0},"end":{"line":171,"column":null}},"22":{"start":{"line":172,"column":0},"end":{"line":174,"column":null}},"23":{"start":{"line":173,"column":0},"end":{"line":173,"column":null}},"24":{"start":{"line":183,"column":0},"end":{"line":183,"column":null}},"25":{"start":{"line":187,"column":0},"end":{"line":187,"column":null}},"26":{"start":{"line":191,"column":0},"end":{"line":191,"column":null}},"27":{"start":{"line":198,"column":0},"end":{"line":200,"column":null}},"28":{"start":{"line":199,"column":0},"end":{"line":199,"column":null}},"29":{"start":{"line":201,"column":0},"end":{"line":212,"column":null}},"30":{"start":{"line":202,"column":0},"end":{"line":202,"column":null}},"31":{"start":{"line":203,"column":0},"end":{"line":205,"column":null}},"32":{"start":{"line":204,"column":0},"end":{"line":204,"column":null}},"33":{"start":{"line":206,"column":0},"end":{"line":208,"column":null}},"34":{"start":{"line":207,"column":0},"end":{"line":207,"column":null}},"35":{"start":{"line":209,"column":0},"end":{"line":211,"column":null}},"36":{"start":{"line":210,"column":0},"end":{"line":210,"column":null}},"37":{"start":{"line":213,"column":0},"end":{"line":213,"column":null}},"38":{"start":{"line":219,"column":0},"end":{"line":239,"column":null}},"39":{"start":{"line":231,"column":0},"end":{"line":231,"column":null}},"40":{"start":{"line":246,"column":0},"end":{"line":267,"column":null}},"41":{"start":{"line":247,"column":0},"end":{"line":249,"column":null}},"42":{"start":{"line":248,"column":0},"end":{"line":248,"column":null}},"43":{"start":{"line":250,"column":0},"end":{"line":250,"column":null}},"44":{"start":{"line":252,"column":0},"end":{"line":254,"column":null}},"45":{"start":{"line":253,"column":0},"end":{"line":253,"column":null}},"46":{"start":{"line":255,"column":0},"end":{"line":257,"column":null}},"47":{"start":{"line":256,"column":0},"end":{"line":256,"column":null}},"48":{"start":{"line":258,"column":0},"end":{"line":260,"column":null}},"49":{"start":{"line":259,"column":0},"end":{"line":259,"column":null}},"50":{"start":{"line":261,"column":0},"end":{"line":263,"column":null}},"51":{"start":{"line":262,"column":0},"end":{"line":262,"column":null}},"52":{"start":{"line":264,"column":0},"end":{"line":266,"column":null}},"53":{"start":{"line":265,"column":0},"end":{"line":265,"column":null}},"54":{"start":{"line":274,"column":0},"end":{"line":277,"column":null}},"55":{"start":{"line":275,"column":0},"end":{"line":275,"column":null}},"56":{"start":{"line":276,"column":0},"end":{"line":276,"column":null}},"57":{"start":{"line":285,"column":0},"end":{"line":285,"column":null}},"58":{"start":{"line":293,"column":0},"end":{"line":293,"column":null}},"59":{"start":{"line":294,"column":0},"end":{"line":294,"column":null}},"60":{"start":{"line":302,"column":0},"end":{"line":302,"column":null}},"61":{"start":{"line":303,"column":0},"end":{"line":303,"column":null}},"62":{"start":{"line":304,"column":0},"end":{"line":304,"column":null}},"63":{"start":{"line":305,"column":0},"end":{"line":305,"column":null}},"64":{"start":{"line":312,"column":0},"end":{"line":312,"column":null}},"65":{"start":{"line":313,"column":0},"end":{"line":313,"column":null}},"66":{"start":{"line":314,"column":0},"end":{"line":314,"column":null}},"67":{"start":{"line":315,"column":0},"end":{"line":315,"column":null}},"68":{"start":{"line":321,"column":0},"end":{"line":321,"column":null}},"69":{"start":{"line":322,"column":0},"end":{"line":322,"column":null}},"70":{"start":{"line":330,"column":0},"end":{"line":330,"column":null}},"71":{"start":{"line":332,"column":0},"end":{"line":332,"column":null}},"72":{"start":{"line":333,"column":0},"end":{"line":337,"column":null}},"73":{"start":{"line":334,"column":0},"end":{"line":334,"column":null}},"74":{"start":{"line":335,"column":0},"end":{"line":335,"column":null}},"75":{"start":{"line":336,"column":0},"end":{"line":336,"column":null}},"76":{"start":{"line":339,"column":0},"end":{"line":342,"column":null}},"77":{"start":{"line":340,"column":0},"end":{"line":340,"column":null}},"78":{"start":{"line":341,"column":0},"end":{"line":341,"column":null}},"79":{"start":{"line":349,"column":0},"end":{"line":352,"column":null}},"80":{"start":{"line":362,"column":0},"end":{"line":362,"column":null}},"81":{"start":{"line":369,"column":0},"end":{"line":371,"column":null}},"82":{"start":{"line":370,"column":0},"end":{"line":370,"column":null}},"83":{"start":{"line":381,"column":0},"end":{"line":383,"column":null}},"84":{"start":{"line":382,"column":0},"end":{"line":382,"column":null}},"85":{"start":{"line":392,"column":0},"end":{"line":394,"column":null}},"86":{"start":{"line":393,"column":0},"end":{"line":393,"column":null}},"87":{"start":{"line":396,"column":0},"end":{"line":401,"column":null}},"88":{"start":{"line":398,"column":0},"end":{"line":398,"column":null}},"89":{"start":{"line":399,"column":0},"end":{"line":399,"column":null}},"90":{"start":{"line":400,"column":0},"end":{"line":400,"column":null}},"91":{"start":{"line":411,"column":0},"end":{"line":411,"column":null}},"92":{"start":{"line":412,"column":0},"end":{"line":414,"column":null}},"93":{"start":{"line":413,"column":0},"end":{"line":413,"column":null}},"94":{"start":{"line":416,"column":0},"end":{"line":416,"column":null}},"95":{"start":{"line":417,"column":0},"end":{"line":428,"column":null}},"96":{"start":{"line":418,"column":0},"end":{"line":423,"column":null}},"97":{"start":{"line":419,"column":0},"end":{"line":422,"column":null}},"98":{"start":{"line":425,"column":0},"end":{"line":427,"column":null}},"99":{"start":{"line":426,"column":0},"end":{"line":426,"column":null}},"100":{"start":{"line":430,"column":0},"end":{"line":432,"column":null}},"101":{"start":{"line":431,"column":0},"end":{"line":431,"column":null}},"102":{"start":{"line":434,"column":0},"end":{"line":447,"column":null}},"103":{"start":{"line":435,"column":0},"end":{"line":446,"column":null}},"104":{"start":{"line":437,"column":0},"end":{"line":437,"column":null}},"105":{"start":{"line":439,"column":0},"end":{"line":442,"column":null}},"106":{"start":{"line":440,"column":0},"end":{"line":440,"column":null}},"107":{"start":{"line":441,"column":0},"end":{"line":441,"column":null}},"108":{"start":{"line":444,"column":0},"end":{"line":444,"column":null}},"109":{"start":{"line":456,"column":0},"end":{"line":456,"column":null}},"110":{"start":{"line":457,"column":0},"end":{"line":457,"column":null}},"111":{"start":{"line":458,"column":0},"end":{"line":460,"column":null}},"112":{"start":{"line":459,"column":0},"end":{"line":459,"column":null}},"113":{"start":{"line":462,"column":0},"end":{"line":464,"column":null}},"114":{"start":{"line":463,"column":0},"end":{"line":463,"column":null}},"115":{"start":{"line":467,"column":0},"end":{"line":467,"column":null}},"116":{"start":{"line":469,"column":0},"end":{"line":478,"column":null}},"117":{"start":{"line":470,"column":0},"end":{"line":476,"column":null}},"118":{"start":{"line":471,"column":0},"end":{"line":471,"column":null}},"119":{"start":{"line":472,"column":0},"end":{"line":475,"column":null}},"120":{"start":{"line":477,"column":0},"end":{"line":477,"column":null}},"121":{"start":{"line":486,"column":0},"end":{"line":486,"column":null}},"122":{"start":{"line":489,"column":0},"end":{"line":489,"column":null}},"123":{"start":{"line":490,"column":0},"end":{"line":490,"column":null}},"124":{"start":{"line":491,"column":0},"end":{"line":494,"column":null}},"125":{"start":{"line":492,"column":0},"end":{"line":492,"column":null}},"126":{"start":{"line":493,"column":0},"end":{"line":493,"column":null}},"127":{"start":{"line":498,"column":0},"end":{"line":498,"column":null}},"128":{"start":{"line":499,"column":0},"end":{"line":499,"column":null}},"129":{"start":{"line":502,"column":0},"end":{"line":502,"column":null}},"130":{"start":{"line":503,"column":0},"end":{"line":503,"column":null}},"131":{"start":{"line":506,"column":0},"end":{"line":506,"column":null}}},"fnMap":{"0":{"name":"(anonymous_0)","decl":{"start":{"line":39,"column":0},"end":{"line":39,"column":null}},"loc":{"start":{"line":39,"column":0},"end":{"line":39,"column":null}}},"1":{"name":"(anonymous_1)","decl":{"start":{"line":48,"column":0},"end":{"line":48,"column":null}},"loc":{"start":{"line":48,"column":0},"end":{"line":48,"column":null}}},"2":{"name":"(anonymous_2)","decl":{"start":{"line":63,"column":0},"end":{"line":63,"column":null}},"loc":{"start":{"line":63,"column":0},"end":{"line":63,"column":null}}},"3":{"name":"(anonymous_3)","decl":{"start":{"line":71,"column":0},"end":{"line":71,"column":null}},"loc":{"start":{"line":71,"column":0},"end":{"line":71,"column":null}}},"4":{"name":"(anonymous_4)","decl":{"start":{"line":79,"column":0},"end":{"line":79,"column":null}},"loc":{"start":{"line":79,"column":0},"end":{"line":79,"column":null}}},"5":{"name":"(anonymous_5)","decl":{"start":{"line":112,"column":0},"end":{"line":112,"column":null}},"loc":{"start":{"line":112,"column":0},"end":{"line":129,"column":null}}},"6":{"name":"(anonymous_6)","decl":{"start":{"line":131,"column":0},"end":{"line":131,"column":null}},"loc":{"start":{"line":131,"column":0},"end":{"line":135,"column":null}}},"7":{"name":"(anonymous_7)","decl":{"start":{"line":138,"column":0},"end":{"line":138,"column":null}},"loc":{"start":{"line":138,"column":0},"end":{"line":140,"column":null}}},"8":{"name":"(anonymous_8)","decl":{"start":{"line":146,"column":0},"end":{"line":146,"column":null}},"loc":{"start":{"line":146,"column":0},"end":{"line":152,"column":null}}},"9":{"name":"(anonymous_9)","decl":{"start":{"line":147,"column":0},"end":{"line":147,"column":null}},"loc":{"start":{"line":147,"column":0},"end":{"line":151,"column":null}}},"10":{"name":"(anonymous_10)","decl":{"start":{"line":150,"column":0},"end":{"line":150,"column":null}},"loc":{"start":{"line":150,"column":0},"end":{"line":150,"column":null}}},"11":{"name":"(anonymous_11)","decl":{"start":{"line":157,"column":0},"end":{"line":157,"column":null}},"loc":{"start":{"line":157,"column":0},"end":{"line":175,"column":null}}},"12":{"name":"(anonymous_12)","decl":{"start":{"line":166,"column":0},"end":{"line":166,"column":null}},"loc":{"start":{"line":166,"column":0},"end":{"line":168,"column":null}}},"13":{"name":"(anonymous_13)","decl":{"start":{"line":172,"column":0},"end":{"line":172,"column":null}},"loc":{"start":{"line":172,"column":0},"end":{"line":174,"column":null}}},"14":{"name":"(anonymous_14)","decl":{"start":{"line":179,"column":0},"end":{"line":179,"column":null}},"loc":{"start":{"line":179,"column":0},"end":{"line":192,"column":null}}},"15":{"name":"(anonymous_15)","decl":{"start":{"line":197,"column":0},"end":{"line":197,"column":null}},"loc":{"start":{"line":197,"column":0},"end":{"line":214,"column":null}}},"16":{"name":"(anonymous_16)","decl":{"start":{"line":209,"column":0},"end":{"line":209,"column":null}},"loc":{"start":{"line":209,"column":0},"end":{"line":211,"column":null}}},"17":{"name":"(anonymous_17)","decl":{"start":{"line":218,"column":0},"end":{"line":218,"column":null}},"loc":{"start":{"line":218,"column":0},"end":{"line":240,"column":null}}},"18":{"name":"(anonymous_18)","decl":{"start":{"line":230,"column":0},"end":{"line":230,"column":null}},"loc":{"start":{"line":230,"column":0},"end":{"line":232,"column":null}}},"19":{"name":"(anonymous_19)","decl":{"start":{"line":245,"column":0},"end":{"line":245,"column":null}},"loc":{"start":{"line":245,"column":0},"end":{"line":268,"column":null}}},"20":{"name":"(anonymous_20)","decl":{"start":{"line":246,"column":0},"end":{"line":246,"column":null}},"loc":{"start":{"line":246,"column":0},"end":{"line":267,"column":null}}},"21":{"name":"(anonymous_21)","decl":{"start":{"line":247,"column":0},"end":{"line":247,"column":null}},"loc":{"start":{"line":247,"column":0},"end":{"line":249,"column":null}}},"22":{"name":"(anonymous_22)","decl":{"start":{"line":273,"column":0},"end":{"line":273,"column":null}},"loc":{"start":{"line":273,"column":0},"end":{"line":278,"column":null}}},"23":{"name":"(anonymous_23)","decl":{"start":{"line":274,"column":0},"end":{"line":274,"column":null}},"loc":{"start":{"line":274,"column":0},"end":{"line":277,"column":null}}},"24":{"name":"(anonymous_24)","decl":{"start":{"line":284,"column":0},"end":{"line":284,"column":null}},"loc":{"start":{"line":284,"column":0},"end":{"line":286,"column":null}}},"25":{"name":"(anonymous_25)","decl":{"start":{"line":292,"column":0},"end":{"line":292,"column":null}},"loc":{"start":{"line":292,"column":0},"end":{"line":295,"column":null}}},"26":{"name":"(anonymous_26)","decl":{"start":{"line":301,"column":0},"end":{"line":301,"column":null}},"loc":{"start":{"line":301,"column":0},"end":{"line":306,"column":null}}},"27":{"name":"(anonymous_27)","decl":{"start":{"line":302,"column":0},"end":{"line":302,"column":null}},"loc":{"start":{"line":302,"column":0},"end":{"line":302,"column":null}}},"28":{"name":"(anonymous_28)","decl":{"start":{"line":311,"column":0},"end":{"line":311,"column":null}},"loc":{"start":{"line":311,"column":0},"end":{"line":316,"column":null}}},"29":{"name":"(anonymous_29)","decl":{"start":{"line":320,"column":0},"end":{"line":320,"column":null}},"loc":{"start":{"line":320,"column":0},"end":{"line":323,"column":null}}},"30":{"name":"(anonymous_30)","decl":{"start":{"line":329,"column":0},"end":{"line":329,"column":null}},"loc":{"start":{"line":329,"column":0},"end":{"line":343,"column":null}}},"31":{"name":"(anonymous_31)","decl":{"start":{"line":333,"column":0},"end":{"line":333,"column":null}},"loc":{"start":{"line":333,"column":0},"end":{"line":337,"column":null}}},"32":{"name":"(anonymous_32)","decl":{"start":{"line":339,"column":0},"end":{"line":339,"column":null}},"loc":{"start":{"line":339,"column":0},"end":{"line":342,"column":null}}},"33":{"name":"(anonymous_33)","decl":{"start":{"line":348,"column":0},"end":{"line":348,"column":null}},"loc":{"start":{"line":348,"column":0},"end":{"line":353,"column":null}}},"34":{"name":"(anonymous_34)","decl":{"start":{"line":361,"column":0},"end":{"line":361,"column":null}},"loc":{"start":{"line":361,"column":0},"end":{"line":363,"column":null}}},"35":{"name":"(anonymous_35)","decl":{"start":{"line":368,"column":0},"end":{"line":368,"column":null}},"loc":{"start":{"line":368,"column":0},"end":{"line":372,"column":null}}},"36":{"name":"(anonymous_36)","decl":{"start":{"line":369,"column":0},"end":{"line":369,"column":null}},"loc":{"start":{"line":369,"column":0},"end":{"line":371,"column":null}}},"37":{"name":"(anonymous_37)","decl":{"start":{"line":380,"column":0},"end":{"line":380,"column":null}},"loc":{"start":{"line":380,"column":0},"end":{"line":384,"column":null}}},"38":{"name":"(anonymous_38)","decl":{"start":{"line":381,"column":0},"end":{"line":381,"column":null}},"loc":{"start":{"line":381,"column":0},"end":{"line":383,"column":null}}},"39":{"name":"(anonymous_39)","decl":{"start":{"line":391,"column":0},"end":{"line":391,"column":null}},"loc":{"start":{"line":391,"column":0},"end":{"line":402,"column":null}}},"40":{"name":"(anonymous_40)","decl":{"start":{"line":397,"column":0},"end":{"line":397,"column":null}},"loc":{"start":{"line":397,"column":0},"end":{"line":401,"column":null}}},"41":{"name":"(anonymous_41)","decl":{"start":{"line":410,"column":0},"end":{"line":410,"column":null}},"loc":{"start":{"line":410,"column":0},"end":{"line":448,"column":null}}},"42":{"name":"(anonymous_42)","decl":{"start":{"line":417,"column":0},"end":{"line":417,"column":null}},"loc":{"start":{"line":417,"column":0},"end":{"line":428,"column":null}}},"43":{"name":"(anonymous_43)","decl":{"start":{"line":418,"column":0},"end":{"line":418,"column":null}},"loc":{"start":{"line":418,"column":0},"end":{"line":423,"column":null}}},"44":{"name":"(anonymous_44)","decl":{"start":{"line":434,"column":0},"end":{"line":434,"column":null}},"loc":{"start":{"line":434,"column":0},"end":{"line":447,"column":null}}},"45":{"name":"(anonymous_45)","decl":{"start":{"line":436,"column":0},"end":{"line":436,"column":null}},"loc":{"start":{"line":436,"column":0},"end":{"line":445,"column":null}}},"46":{"name":"(anonymous_46)","decl":{"start":{"line":439,"column":0},"end":{"line":439,"column":null}},"loc":{"start":{"line":439,"column":0},"end":{"line":442,"column":null}}},"47":{"name":"(anonymous_47)","decl":{"start":{"line":440,"column":0},"end":{"line":440,"column":null}},"loc":{"start":{"line":440,"column":0},"end":{"line":440,"column":null}}},"48":{"name":"(anonymous_48)","decl":{"start":{"line":455,"column":0},"end":{"line":455,"column":null}},"loc":{"start":{"line":455,"column":0},"end":{"line":479,"column":null}}},"49":{"name":"(anonymous_49)","decl":{"start":{"line":463,"column":0},"end":{"line":463,"column":null}},"loc":{"start":{"line":463,"column":0},"end":{"line":463,"column":null}}},"50":{"name":"(anonymous_50)","decl":{"start":{"line":469,"column":0},"end":{"line":469,"column":null}},"loc":{"start":{"line":469,"column":0},"end":{"line":478,"column":null}}},"51":{"name":"(anonymous_51)","decl":{"start":{"line":470,"column":0},"end":{"line":470,"column":null}},"loc":{"start":{"line":470,"column":0},"end":{"line":476,"column":null}}},"52":{"name":"(anonymous_52)","decl":{"start":{"line":477,"column":0},"end":{"line":477,"column":null}},"loc":{"start":{"line":477,"column":0},"end":{"line":477,"column":null}}},"53":{"name":"(anonymous_53)","decl":{"start":{"line":485,"column":0},"end":{"line":485,"column":null}},"loc":{"start":{"line":485,"column":0},"end":{"line":487,"column":null}}},"54":{"name":"(anonymous_54)","decl":{"start":{"line":488,"column":0},"end":{"line":488,"column":null}},"loc":{"start":{"line":488,"column":0},"end":{"line":495,"column":null}}},"55":{"name":"(anonymous_55)","decl":{"start":{"line":491,"column":0},"end":{"line":491,"column":null}},"loc":{"start":{"line":491,"column":0},"end":{"line":494,"column":null}}},"56":{"name":"(anonymous_56)","decl":{"start":{"line":497,"column":0},"end":{"line":497,"column":null}},"loc":{"start":{"line":497,"column":0},"end":{"line":500,"column":null}}},"57":{"name":"(anonymous_57)","decl":{"start":{"line":501,"column":0},"end":{"line":501,"column":null}},"loc":{"start":{"line":501,"column":0},"end":{"line":504,"column":null}}},"58":{"name":"(anonymous_58)","decl":{"start":{"line":505,"column":0},"end":{"line":505,"column":null}},"loc":{"start":{"line":505,"column":0},"end":{"line":507,"column":null}}}},"branchMap":{"0":{"loc":{"start":{"line":132,"column":0},"end":{"line":134,"column":null}},"type":"if","locations":[{"start":{"line":132,"column":0},"end":{"line":134,"column":null}},{"start":{"line":132,"column":0},"end":{"line":134,"column":null}}]},"1":{"loc":{"start":{"line":159,"column":0},"end":{"line":161,"column":null}},"type":"if","locations":[{"start":{"line":159,"column":0},"end":{"line":161,"column":null}},{"start":{"line":159,"column":0},"end":{"line":161,"column":null}}]},"2":{"loc":{"start":{"line":162,"column":0},"end":{"line":164,"column":null}},"type":"if","locations":[{"start":{"line":162,"column":0},"end":{"line":164,"column":null}},{"start":{"line":162,"column":0},"end":{"line":164,"column":null}}]},"3":{"loc":{"start":{"line":165,"column":0},"end":{"line":170,"column":null}},"type":"if","locations":[{"start":{"line":165,"column":0},"end":{"line":170,"column":null}},{"start":{"line":165,"column":0},"end":{"line":170,"column":null}}]},"4":{"loc":{"start":{"line":198,"column":0},"end":{"line":200,"column":null}},"type":"if","locations":[{"start":{"line":198,"column":0},"end":{"line":200,"column":null}},{"start":{"line":198,"column":0},"end":{"line":200,"column":null}}]},"5":{"loc":{"start":{"line":201,"column":0},"end":{"line":212,"column":null}},"type":"if","locations":[{"start":{"line":201,"column":0},"end":{"line":212,"column":null}},{"start":{"line":201,"column":0},"end":{"line":212,"column":null}}]},"6":{"loc":{"start":{"line":201,"column":0},"end":{"line":201,"column":null}},"type":"binary-expr","locations":[{"start":{"line":201,"column":0},"end":{"line":201,"column":null}},{"start":{"line":201,"column":0},"end":{"line":201,"column":null}}]},"7":{"loc":{"start":{"line":203,"column":0},"end":{"line":205,"column":null}},"type":"if","locations":[{"start":{"line":203,"column":0},"end":{"line":205,"column":null}},{"start":{"line":203,"column":0},"end":{"line":205,"column":null}}]},"8":{"loc":{"start":{"line":206,"column":0},"end":{"line":208,"column":null}},"type":"if","locations":[{"start":{"line":206,"column":0},"end":{"line":208,"column":null}},{"start":{"line":206,"column":0},"end":{"line":208,"column":null}}]},"9":{"loc":{"start":{"line":252,"column":0},"end":{"line":254,"column":null}},"type":"if","locations":[{"start":{"line":252,"column":0},"end":{"line":254,"column":null}},{"start":{"line":252,"column":0},"end":{"line":254,"column":null}}]},"10":{"loc":{"start":{"line":255,"column":0},"end":{"line":257,"column":null}},"type":"if","locations":[{"start":{"line":255,"column":0},"end":{"line":257,"column":null}},{"start":{"line":255,"column":0},"end":{"line":257,"column":null}}]},"11":{"loc":{"start":{"line":258,"column":0},"end":{"line":260,"column":null}},"type":"if","locations":[{"start":{"line":258,"column":0},"end":{"line":260,"column":null}},{"start":{"line":258,"column":0},"end":{"line":260,"column":null}}]},"12":{"loc":{"start":{"line":261,"column":0},"end":{"line":263,"column":null}},"type":"if","locations":[{"start":{"line":261,"column":0},"end":{"line":263,"column":null}},{"start":{"line":261,"column":0},"end":{"line":263,"column":null}}]},"13":{"loc":{"start":{"line":264,"column":0},"end":{"line":266,"column":null}},"type":"if","locations":[{"start":{"line":264,"column":0},"end":{"line":266,"column":null}},{"start":{"line":264,"column":0},"end":{"line":266,"column":null}}]},"14":{"loc":{"start":{"line":391,"column":0},"end":{"line":391,"column":null}},"type":"default-arg","locations":[{"start":{"line":391,"column":0},"end":{"line":391,"column":null}}]},"15":{"loc":{"start":{"line":392,"column":0},"end":{"line":394,"column":null}},"type":"if","locations":[{"start":{"line":392,"column":0},"end":{"line":394,"column":null}},{"start":{"line":392,"column":0},"end":{"line":394,"column":null}}]},"16":{"loc":{"start":{"line":392,"column":0},"end":{"line":392,"column":null}},"type":"binary-expr","locations":[{"start":{"line":392,"column":0},"end":{"line":392,"column":null}},{"start":{"line":392,"column":0},"end":{"line":392,"column":null}}]},"17":{"loc":{"start":{"line":412,"column":0},"end":{"line":414,"column":null}},"type":"if","locations":[{"start":{"line":412,"column":0},"end":{"line":414,"column":null}},{"start":{"line":412,"column":0},"end":{"line":414,"column":null}}]},"18":{"loc":{"start":{"line":425,"column":0},"end":{"line":427,"column":null}},"type":"if","locations":[{"start":{"line":425,"column":0},"end":{"line":427,"column":null}},{"start":{"line":425,"column":0},"end":{"line":427,"column":null}}]},"19":{"loc":{"start":{"line":430,"column":0},"end":{"line":432,"column":null}},"type":"if","locations":[{"start":{"line":430,"column":0},"end":{"line":432,"column":null}},{"start":{"line":430,"column":0},"end":{"line":432,"column":null}}]},"20":{"loc":{"start":{"line":458,"column":0},"end":{"line":460,"column":null}},"type":"if","locations":[{"start":{"line":458,"column":0},"end":{"line":460,"column":null}},{"start":{"line":458,"column":0},"end":{"line":460,"column":null}}]},"21":{"loc":{"start":{"line":462,"column":0},"end":{"line":464,"column":null}},"type":"if","locations":[{"start":{"line":462,"column":0},"end":{"line":464,"column":null}},{"start":{"line":462,"column":0},"end":{"line":464,"column":null}}]},"22":{"loc":{"start":{"line":485,"column":0},"end":{"line":485,"column":null}},"type":"default-arg","locations":[{"start":{"line":485,"column":0},"end":{"line":485,"column":null}}]}},"s":{"0":22,"1":22,"2":13,"3":122,"4":122,"5":22,"6":28,"7":18,"8":22,"9":76,"10":76,"11":55,"12":22,"13":22,"14":3,"15":22,"16":6,"17":22,"18":22,"19":47,"20":22,"21":22,"22":22,"23":22,"24":22,"25":22,"26":22,"27":22,"28":13,"29":22,"30":9,"31":9,"32":3,"33":9,"34":6,"35":9,"36":3,"37":22,"38":13,"39":7,"40":22,"41":550,"42":408,"43":550,"44":550,"45":22,"46":550,"47":22,"48":550,"49":22,"50":550,"51":22,"52":550,"53":22,"54":0,"55":0,"56":0,"57":7,"58":4,"59":4,"60":12,"61":3,"62":3,"63":3,"64":3,"65":3,"66":3,"67":3,"68":7,"69":7,"70":7,"71":7,"72":7,"73":92,"74":92,"75":92,"76":7,"77":92,"78":92,"79":122,"80":101,"81":36,"82":36,"83":120,"84":33,"85":40,"86":0,"87":40,"88":40,"89":40,"90":40,"91":40,"92":40,"93":37,"94":3,"95":3,"96":3,"97":3,"98":3,"99":3,"100":3,"101":0,"102":3,"103":3,"104":3,"105":3,"106":6,"107":3,"108":3,"109":40,"110":40,"111":40,"112":12,"113":28,"114":114,"115":28,"116":28,"117":28,"118":116,"119":116,"120":150,"121":3,"122":10,"123":10,"124":10,"125":10,"126":14,"127":22,"128":22,"129":22,"130":15,"131":0},"f":{"0":22,"1":22,"2":13,"3":122,"4":122,"5":22,"6":28,"7":22,"8":76,"9":76,"10":55,"11":22,"12":47,"13":22,"14":22,"15":22,"16":3,"17":13,"18":7,"19":22,"20":550,"21":408,"22":0,"23":0,"24":7,"25":4,"26":3,"27":9,"28":3,"29":7,"30":7,"31":92,"32":92,"33":122,"34":101,"35":36,"36":36,"37":120,"38":33,"39":40,"40":40,"41":40,"42":3,"43":3,"44":3,"45":3,"46":3,"47":3,"48":40,"49":101,"50":28,"51":116,"52":122,"53":3,"54":10,"55":14,"56":22,"57":15,"58":0},"b":{"0":[18,10],"1":[3,19],"2":[6,16],"3":[22,0],"4":[13,9],"5":[9,13],"6":[22,19],"7":[3,6],"8":[6,3],"9":[22,528],"10":[22,528],"11":[22,528],"12":[22,528],"13":[22,528],"14":[0],"15":[0,40],"16":[40,40],"17":[37,3],"18":[3,0],"19":[0,3],"20":[12,28],"21":[13,15],"22":[0]}}
,"/Users/dannyyassine/Documents/dev/vuuri/tests/client/src/vuuri/constants.js": {"path":"/Users/dannyyassine/Documents/dev/vuuri/tests/client/src/vuuri/constants.js","statementMap":{"0":{"start":{"line":2,"column":23},"end":{"line":4,"column":1}},"1":{"start":{"line":6,"column":24},"end":{"line":9,"column":1}},"2":{"start":{"line":11,"column":30},"end":{"line":13,"column":1}}},"fnMap":{},"branchMap":{},"s":{"0":16,"1":16,"2":16},"f":{},"b":{},"_coverageSchema":"1a1c01bbd47fc00a2c39e90264f33305004495a9","hash":"f63e07836d7fe61707c5c75cadf6e77a8055d2af"}
,"/Users/dannyyassine/Documents/dev/vuuri/tests/client/src/vuuri/index.js": {"path":"/Users/dannyyassine/Documents/dev/vuuri/tests/client/src/vuuri/index.js","statementMap":{},"fnMap":{},"branchMap":{},"s":{},"f":{},"b":{},"_coverageSchema":"1a1c01bbd47fc00a2c39e90264f33305004495a9","hash":"31400b778813cd3847f97af5dd6c5ee3cf6acca5"}
}
