TN:
SF:tests/client/src/vuuri/Env.js
FN:2,(anonymous_0)
FNF:1
FNH:0
FNDA:0,(anonymous_0)
DA:3,0
LF:1
LH:0
BRF:0
BRH:0
end_of_record
TN:
SF:tests/client/src/vuuri/GridEvent.js
FNF:0
FNH:0
DA:2,16
LF:1
LH:1
BRF:0
BRH:0
end_of_record
TN:
SF:tests/client/src/vuuri/GridStore.js
FN:5,(anonymous_0)
FN:31,(anonymous_1)
FN:40,(anonymous_2)
FN:42,(anonymous_3)
FN:48,(anonymous_4)
FN:55,(anonymous_5)
FN:62,(anonymous_6)
FN:69,(anonymous_7)
FN:77,(anonymous_8)
FN:89,(anonymous_9)
FN:90,(anonymous_10)
FN:97,(anonymous_11)
FN:100,(anonymous_12)
FNF:13
FNH:11
FNDA:16,(anonymous_0)
FNDA:72,(anonymous_1)
FNDA:0,(anonymous_2)
FNDA:0,(anonymous_3)
FNDA:14,(anonymous_4)
FNDA:10,(anonymous_5)
FNDA:3,(anonymous_6)
FNDA:3,(anonymous_7)
FNDA:9,(anonymous_8)
FNDA:6,(anonymous_9)
FNDA:6,(anonymous_10)
FNDA:3,(anonymous_11)
FNDA:3,(anonymous_12)
DA:9,16
DA:14,16
DA:19,16
DA:24,16
DA:32,72
DA:41,0
DA:42,0
DA:49,14
DA:56,10
DA:63,3
DA:70,3
DA:78,9
DA:79,9
DA:80,6
DA:82,9
DA:90,6
DA:98,3
DA:99,3
DA:100,3
DA:101,3
DA:104,0
DA:105,0
LF:22
LH:18
BRDA:79,0,0,6
BRDA:79,0,1,3
BRDA:98,1,0,3
BRDA:98,1,1,0
BRF:4
BRH:3
end_of_record
TN:
SF:tests/client/src/vuuri/Vuuri.vue
FN:39,(anonymous_0)
FN:48,(anonymous_1)
FN:63,(anonymous_2)
FN:71,(anonymous_3)
FN:79,(anonymous_4)
FN:112,(anonymous_5)
FN:131,(anonymous_6)
FN:138,(anonymous_7)
FN:146,(anonymous_8)
FN:147,(anonymous_9)
FN:150,(anonymous_10)
FN:157,(anonymous_11)
FN:166,(anonymous_12)
FN:172,(anonymous_13)
FN:179,(anonymous_14)
FN:197,(anonymous_15)
FN:209,(anonymous_16)
FN:218,(anonymous_17)
FN:230,(anonymous_18)
FN:245,(anonymous_19)
FN:246,(anonymous_20)
FN:247,(anonymous_21)
FN:273,(anonymous_22)
FN:274,(anonymous_23)
FN:284,(anonymous_24)
FN:292,(anonymous_25)
FN:301,(anonymous_26)
FN:302,(anonymous_27)
FN:311,(anonymous_28)
FN:320,(anonymous_29)
FN:329,(anonymous_30)
FN:333,(anonymous_31)
FN:339,(anonymous_32)
FN:348,(anonymous_33)
FN:361,(anonymous_34)
FN:368,(anonymous_35)
FN:369,(anonymous_36)
FN:380,(anonymous_37)
FN:381,(anonymous_38)
FN:391,(anonymous_39)
FN:397,(anonymous_40)
FN:410,(anonymous_41)
FN:417,(anonymous_42)
FN:418,(anonymous_43)
FN:434,(anonymous_44)
FN:436,(anonymous_45)
FN:439,(anonymous_46)
FN:440,(anonymous_47)
FN:455,(anonymous_48)
FN:463,(anonymous_49)
FN:469,(anonymous_50)
FN:470,(anonymous_51)
FN:477,(anonymous_52)
FN:485,(anonymous_53)
FN:488,(anonymous_54)
FN:491,(anonymous_55)
FN:497,(anonymous_56)
FN:501,(anonymous_57)
FN:505,(anonymous_58)
FNF:59
FNH:56
FNDA:22,(anonymous_0)
FNDA:22,(anonymous_1)
FNDA:13,(anonymous_2)
FNDA:122,(anonymous_3)
FNDA:122,(anonymous_4)
FNDA:22,(anonymous_5)
FNDA:28,(anonymous_6)
FNDA:22,(anonymous_7)
FNDA:76,(anonymous_8)
FNDA:76,(anonymous_9)
FNDA:55,(anonymous_10)
FNDA:22,(anonymous_11)
FNDA:47,(anonymous_12)
FNDA:22,(anonymous_13)
FNDA:22,(anonymous_14)
FNDA:22,(anonymous_15)
FNDA:3,(anonymous_16)
FNDA:13,(anonymous_17)
FNDA:7,(anonymous_18)
FNDA:22,(anonymous_19)
FNDA:550,(anonymous_20)
FNDA:408,(anonymous_21)
FNDA:0,(anonymous_22)
FNDA:0,(anonymous_23)
FNDA:7,(anonymous_24)
FNDA:4,(anonymous_25)
FNDA:3,(anonymous_26)
FNDA:9,(anonymous_27)
FNDA:3,(anonymous_28)
FNDA:7,(anonymous_29)
FNDA:7,(anonymous_30)
FNDA:92,(anonymous_31)
FNDA:92,(anonymous_32)
FNDA:122,(anonymous_33)
FNDA:101,(anonymous_34)
FNDA:36,(anonymous_35)
FNDA:36,(anonymous_36)
FNDA:120,(anonymous_37)
FNDA:33,(anonymous_38)
FNDA:40,(anonymous_39)
FNDA:40,(anonymous_40)
FNDA:40,(anonymous_41)
FNDA:3,(anonymous_42)
FNDA:3,(anonymous_43)
FNDA:3,(anonymous_44)
FNDA:3,(anonymous_45)
FNDA:3,(anonymous_46)
FNDA:3,(anonymous_47)
FNDA:40,(anonymous_48)
FNDA:101,(anonymous_49)
FNDA:28,(anonymous_50)
FNDA:116,(anonymous_51)
FNDA:122,(anonymous_52)
FNDA:3,(anonymous_53)
FNDA:10,(anonymous_54)
FNDA:14,(anonymous_55)
FNDA:22,(anonymous_56)
FNDA:15,(anonymous_57)
FNDA:0,(anonymous_58)
DA:39,22
DA:48,22
DA:63,13
DA:71,122
DA:79,122
DA:113,22
DA:132,28
DA:133,18
DA:139,22
DA:147,76
DA:148,76
DA:150,55
DA:158,22
DA:159,22
DA:160,3
DA:162,22
DA:163,6
DA:165,22
DA:166,22
DA:167,47
DA:169,22
DA:171,22
DA:172,22
DA:173,22
DA:183,22
DA:187,22
DA:191,22
DA:198,22
DA:199,13
DA:201,22
DA:202,9
DA:203,9
DA:204,3
DA:206,9
DA:207,6
DA:209,9
DA:210,3
DA:213,22
DA:219,13
DA:231,7
DA:246,22
DA:247,550
DA:248,408
DA:250,550
DA:252,550
DA:253,22
DA:255,550
DA:256,22
DA:258,550
DA:259,22
DA:261,550
DA:262,22
DA:264,550
DA:265,22
DA:274,0
DA:275,0
DA:276,0
DA:285,7
DA:293,4
DA:294,4
DA:302,12
DA:303,3
DA:304,3
DA:305,3
DA:312,3
DA:313,3
DA:314,3
DA:315,3
DA:321,7
DA:322,7
DA:330,7
DA:332,7
DA:333,7
DA:334,92
DA:335,92
DA:336,92
DA:339,7
DA:340,92
DA:341,92
DA:349,122
DA:362,101
DA:369,36
DA:370,36
DA:381,120
DA:382,33
DA:392,40
DA:393,0
DA:396,40
DA:398,40
DA:399,40
DA:400,40
DA:411,40
DA:412,40
DA:413,37
DA:416,3
DA:417,3
DA:418,3
DA:419,3
DA:425,3
DA:426,3
DA:430,3
DA:431,0
DA:434,3
DA:435,3
DA:437,3
DA:439,3
DA:440,6
DA:441,3
DA:444,3
DA:456,40
DA:457,40
DA:458,40
DA:459,12
DA:462,28
DA:463,114
DA:467,28
DA:469,28
DA:470,28
DA:471,116
DA:472,116
DA:477,150
DA:486,3
DA:489,10
DA:490,10
DA:491,10
DA:492,10
DA:493,14
DA:498,22
DA:499,22
DA:502,22
DA:503,15
DA:506,0
LF:132
LH:126
BRDA:132,0,0,18
BRDA:132,0,1,10
BRDA:159,1,0,3
BRDA:159,1,1,19
BRDA:162,2,0,6
BRDA:162,2,1,16
BRDA:165,3,0,22
BRDA:165,3,1,0
BRDA:198,4,0,13
BRDA:198,4,1,9
BRDA:201,5,0,9
BRDA:201,5,1,13
BRDA:201,6,0,22
BRDA:201,6,1,19
BRDA:203,7,0,3
BRDA:203,7,1,6
BRDA:206,8,0,6
BRDA:206,8,1,3
BRDA:252,9,0,22
BRDA:252,9,1,528
BRDA:255,10,0,22
BRDA:255,10,1,528
BRDA:258,11,0,22
BRDA:258,11,1,528
BRDA:261,12,0,22
BRDA:261,12,1,528
BRDA:264,13,0,22
BRDA:264,13,1,528
BRDA:391,14,0,0
BRDA:392,15,0,0
BRDA:392,15,1,40
BRDA:392,16,0,40
BRDA:392,16,1,40
BRDA:412,17,0,37
BRDA:412,17,1,3
BRDA:425,18,0,3
BRDA:425,18,1,0
BRDA:430,19,0,0
BRDA:430,19,1,3
BRDA:458,20,0,12
BRDA:458,20,1,28
BRDA:462,21,0,13
BRDA:462,21,1,15
BRDA:485,22,0,0
BRF:44
BRH:38
end_of_record
TN:
SF:tests/client/src/vuuri/constants.js
FNF:0
FNH:0
DA:2,16
DA:6,16
DA:11,16
LF:3
LH:3
BRF:0
BRH:0
end_of_record
TN:
SF:tests/client/src/vuuri/index.js
FNF:0
FNH:0
LF:0
LH:0
BRF:0
BRH:0
end_of_record
