{
  "/Users/dannyyassine/Documents/dev/vuuri/tests/client/src/vuuri/GridEvent.js": {
    "path": "/Users/dannyyassine/Documents/dev/vuuri/tests/client/src/vuuri/GridEvent.js",
    "statementMap": {
      "0": {
        "start": {
          "line": 2,
          "column": 25
        },
        "end": {
          "line": 28,
          "column": 1
        }
      }
    },
    "fnMap": {},
    "branchMap": {},
    "s": {
      "0": 15
    },
    "f": {},
    "b": {},
    "_coverageSchema": "1a1c01bbd47fc00a2c39e90264f33305004495a9",
    "hash": "10ea54f3c6c907a5a2106de68d253a0932871f9e"
  },
  "/Users/dannyyassine/Documents/dev/vuuri/tests/client/src/vuuri/GridStore.js": {
    "path": "/Users/dannyyassine/Documents/dev/vuuri/tests/client/src/vuuri/GridStore.js",
    "statementMap": {
      "0": {
        "start": {
          "line": 9,
          "column": 4
        },
        "end": {
          "line": 9,
          "column": 28
        }
      },
      "1": {
        "start": {
          "line": 14,
          "column": 4
        },
        "end": {
          "line": 14,
          "column": 32
        }
      },
      "2": {
        "start": {
          "line": 19,
          "column": 4
        },
        "end": {
          "line": 19,
          "column": 34
        }
      },
      "3": {
        "start": {
          "line": 24,
          "column": 4
        },
        "end": {
          "line": 24,
          "column": 30
        }
      },
      "4": {
        "start": {
          "line": 32,
          "column": 4
        },
        "end": {
          "line": 32,
          "column": 39
        }
      },
      "5": {
        "start": {
          "line": 41,
          "column": 18
        },
        "end": {
          "line": 41,
          "column": 45
        }
      },
      "6": {
        "start": {
          "line": 42,
          "column": 4
        },
        "end": {
          "line": 42,
          "column": 81
        }
      },
      "7": {
        "start": {
          "line": 42,
          "column": 30
        },
        "end": {
          "line": 42,
          "column": 79
        }
      },
      "8": {
        "start": {
          "line": 49,
          "column": 4
        },
        "end": {
          "line": 49,
          "column": 35
        }
      },
      "9": {
        "start": {
          "line": 56,
          "column": 4
        },
        "end": {
          "line": 56,
          "column": 31
        }
      },
      "10": {
        "start": {
          "line": 63,
          "column": 4
        },
        "end": {
          "line": 63,
          "column": 34
        }
      },
      "11": {
        "start": {
          "line": 70,
          "column": 4
        },
        "end": {
          "line": 70,
          "column": 30
        }
      },
      "12": {
        "start": {
          "line": 78,
          "column": 26
        },
        "end": {
          "line": 78,
          "column": 36
        }
      },
      "13": {
        "start": {
          "line": 79,
          "column": 4
        },
        "end": {
          "line": 81,
          "column": 5
        }
      },
      "14": {
        "start": {
          "line": 80,
          "column": 6
        },
        "end": {
          "line": 80,
          "column": 44
        }
      },
      "15": {
        "start": {
          "line": 82,
          "column": 4
        },
        "end": {
          "line": 82,
          "column": 46
        }
      },
      "16": {
        "start": {
          "line": 90,
          "column": 4
        },
        "end": {
          "line": 90,
          "column": 61
        }
      },
      "17": {
        "start": {
          "line": 90,
          "column": 32
        },
        "end": {
          "line": 90,
          "column": 59
        }
      },
      "18": {
        "start": {
          "line": 98,
          "column": 4
        },
        "end": {
          "line": 102,
          "column": 5
        }
      },
      "19": {
        "start": {
          "line": 99,
          "column": 19
        },
        "end": {
          "line": 99,
          "column": 21
        }
      },
      "20": {
        "start": {
          "line": 100,
          "column": 6
        },
        "end": {
          "line": 100,
          "column": 86
        }
      },
      "21": {
        "start": {
          "line": 100,
          "column": 32
        },
        "end": {
          "line": 100,
          "column": 84
        }
      },
      "22": {
        "start": {
          "line": 101,
          "column": 6
        },
        "end": {
          "line": 101,
          "column": 20
        }
      },
      "23": {
        "start": {
          "line": 104,
          "column": 26
        },
        "end": {
          "line": 104,
          "column": 34
        }
      },
      "24": {
        "start": {
          "line": 105,
          "column": 4
        },
        "end": {
          "line": 105,
          "column": 42
        }
      }
    },
    "fnMap": {
      "0": {
        "name": "(anonymous_0)",
        "decl": {
          "start": {
            "line": 5,
            "column": 2
          },
          "end": {
            "line": 5,
            "column": 3
          }
        },
        "loc": {
          "start": {
            "line": 5,
            "column": 16
          },
          "end": {
            "line": 25,
            "column": 3
          }
        },
        "line": 5
      },
      "1": {
        "name": "(anonymous_1)",
        "decl": {
          "start": {
            "line": 31,
            "column": 2
          },
          "end": {
            "line": 31,
            "column": 3
          }
        },
        "loc": {
          "start": {
            "line": 31,
            "column": 35
          },
          "end": {
            "line": 33,
            "column": 3
          }
        },
        "line": 31
      },
      "2": {
        "name": "(anonymous_2)",
        "decl": {
          "start": {
            "line": 40,
            "column": 2
          },
          "end": {
            "line": 40,
            "column": 3
          }
        },
        "loc": {
          "start": {
            "line": 40,
            "column": 39
          },
          "end": {
            "line": 43,
            "column": 3
          }
        },
        "line": 40
      },
      "3": {
        "name": "(anonymous_3)",
        "decl": {
          "start": {
            "line": 42,
            "column": 22
          },
          "end": {
            "line": 42,
            "column": 23
          }
        },
        "loc": {
          "start": {
            "line": 42,
            "column": 30
          },
          "end": {
            "line": 42,
            "column": 79
          }
        },
        "line": 42
      },
      "4": {
        "name": "(anonymous_4)",
        "decl": {
          "start": {
            "line": 48,
            "column": 2
          },
          "end": {
            "line": 48,
            "column": 3
          }
        },
        "loc": {
          "start": {
            "line": 48,
            "column": 29
          },
          "end": {
            "line": 50,
            "column": 3
          }
        },
        "line": 48
      },
      "5": {
        "name": "(anonymous_5)",
        "decl": {
          "start": {
            "line": 55,
            "column": 2
          },
          "end": {
            "line": 55,
            "column": 3
          }
        },
        "loc": {
          "start": {
            "line": 55,
            "column": 25
          },
          "end": {
            "line": 57,
            "column": 3
          }
        },
        "line": 55
      },
      "6": {
        "name": "(anonymous_6)",
        "decl": {
          "start": {
            "line": 62,
            "column": 2
          },
          "end": {
            "line": 62,
            "column": 3
          }
        },
        "loc": {
          "start": {
            "line": 62,
            "column": 24
          },
          "end": {
            "line": 64,
            "column": 3
          }
        },
        "line": 62
      },
      "7": {
        "name": "(anonymous_7)",
        "decl": {
          "start": {
            "line": 69,
            "column": 2
          },
          "end": {
            "line": 69,
            "column": 3
          }
        },
        "loc": {
          "start": {
            "line": 69,
            "column": 20
          },
          "end": {
            "line": 71,
            "column": 3
          }
        },
        "line": 69
      },
      "8": {
        "name": "(anonymous_8)",
        "decl": {
          "start": {
            "line": 77,
            "column": 2
          },
          "end": {
            "line": 77,
            "column": 3
          }
        },
        "loc": {
          "start": {
            "line": 77,
            "column": 25
          },
          "end": {
            "line": 83,
            "column": 3
          }
        },
        "line": 77
      },
      "9": {
        "name": "(anonymous_9)",
        "decl": {
          "start": {
            "line": 89,
            "column": 2
          },
          "end": {
            "line": 89,
            "column": 3
          }
        },
        "loc": {
          "start": {
            "line": 89,
            "column": 34
          },
          "end": {
            "line": 91,
            "column": 3
          }
        },
        "line": 89
      },
      "10": {
        "name": "(anonymous_10)",
        "decl": {
          "start": {
            "line": 90,
            "column": 21
          },
          "end": {
            "line": 90,
            "column": 22
          }
        },
        "loc": {
          "start": {
            "line": 90,
            "column": 32
          },
          "end": {
            "line": 90,
            "column": 59
          }
        },
        "line": 90
      },
      "11": {
        "name": "(anonymous_11)",
        "decl": {
          "start": {
            "line": 97,
            "column": 2
          },
          "end": {
            "line": 97,
            "column": 3
          }
        },
        "loc": {
          "start": {
            "line": 97,
            "column": 18
          },
          "end": {
            "line": 106,
            "column": 3
          }
        },
        "line": 97
      },
      "12": {
        "name": "(anonymous_12)",
        "decl": {
          "start": {
            "line": 100,
            "column": 20
          },
          "end": {
            "line": 100,
            "column": 21
          }
        },
        "loc": {
          "start": {
            "line": 100,
            "column": 32
          },
          "end": {
            "line": 100,
            "column": 84
          }
        },
        "line": 100
      }
    },
    "branchMap": {
      "0": {
        "loc": {
          "start": {
            "line": 79,
            "column": 4
          },
          "end": {
            "line": 81,
            "column": 5
          }
        },
        "type": "if",
        "locations": [
          {
            "start": {
              "line": 79,
              "column": 4
            },
            "end": {
              "line": 81,
              "column": 5
            }
          },
          {
            "start": {
              "line": 79,
              "column": 4
            },
            "end": {
              "line": 81,
              "column": 5
            }
          }
        ],
        "line": 79
      },
      "1": {
        "loc": {
          "start": {
            "line": 98,
            "column": 4
          },
          "end": {
            "line": 102,
            "column": 5
          }
        },
        "type": "if",
        "locations": [
          {
            "start": {
              "line": 98,
              "column": 4
            },
            "end": {
              "line": 102,
              "column": 5
            }
          },
          {
            "start": {
              "line": 98,
              "column": 4
            },
            "end": {
              "line": 102,
              "column": 5
            }
          }
        ],
        "line": 98
      }
    },
    "s": {
      "0": 15,
      "1": 15,
      "2": 15,
      "3": 15,
      "4": 62,
      "5": 0,
      "6": 0,
      "7": 0,
      "8": 8,
      "9": 6,
      "10": 2,
      "11": 2,
      "12": 6,
      "13": 6,
      "14": 4,
      "15": 6,
      "16": 4,
      "17": 4,
      "18": 2,
      "19": 2,
      "20": 2,
      "21": 2,
      "22": 2,
      "23": 0,
      "24": 0
    },
    "f": {
      "0": 15,
      "1": 62,
      "2": 0,
      "3": 0,
      "4": 8,
      "5": 6,
      "6": 2,
      "7": 2,
      "8": 6,
      "9": 4,
      "10": 4,
      "11": 2,
      "12": 2
    },
    "b": {
      "0": [
        4,
        2
      ],
      "1": [
        2,
        0
      ]
    },
    "_coverageSchema": "1a1c01bbd47fc00a2c39e90264f33305004495a9",
    "hash": "4eebd64ae29772ccf41a7506ad451d772bf5665f"
  },
  "/Users/dannyyassine/Documents/dev/vuuri/tests/client/src/vuuri/Env.js": {
    "path": "/Users/dannyyassine/Documents/dev/vuuri/tests/client/src/vuuri/Env.js",
    "statementMap": {
      "0": {
        "start": {
          "line": 3,
          "column": 4
        },
        "end": {
          "line": 3,
          "column": 52
        }
      }
    },
    "fnMap": {
      "0": {
        "name": "(anonymous_0)",
        "decl": {
          "start": {
            "line": 2,
            "column": 2
          },
          "end": {
            "line": 2,
            "column": 3
          }
        },
        "loc": {
          "start": {
            "line": 2,
            "column": 18
          },
          "end": {
            "line": 4,
            "column": 3
          }
        },
        "line": 2
      }
    },
    "branchMap": {},
    "s": {
      "0": 0
    },
    "f": {
      "0": 0
    },
    "b": {},
    "_coverageSchema": "1a1c01bbd47fc00a2c39e90264f33305004495a9",
    "hash": "077cdbc7900d7bd716e5d340a051921d554449a7"
  },
  "/Users/dannyyassine/Documents/dev/vuuri/tests/client/src/vuuri/constants.js": {
    "path": "/Users/dannyyassine/Documents/dev/vuuri/tests/client/src/vuuri/constants.js",
    "statementMap": {
      "0": {
        "start": {
          "line": 2,
          "column": 23
        },
        "end": {
          "line": 4,
          "column": 1
        }
      },
      "1": {
        "start": {
          "line": 6,
          "column": 24
        },
        "end": {
          "line": 9,
          "column": 1
        }
      },
      "2": {
        "start": {
          "line": 11,
          "column": 30
        },
        "end": {
          "line": 13,
          "column": 1
        }
      }
    },
    "fnMap": {},
    "branchMap": {},
    "s": {
      "0": 15,
      "1": 15,
      "2": 15
    },
    "f": {},
    "b": {},
    "_coverageSchema": "1a1c01bbd47fc00a2c39e90264f33305004495a9",
    "hash": "f63e07836d7fe61707c5c75cadf6e77a8055d2af"
  },
  "/Users/dannyyassine/Documents/dev/vuuri/tests/client/src/vuuri/Vuuri.vue": {
    "path": "/Users/dannyyassine/Documents/dev/vuuri/tests/client/src/vuuri/Vuuri.vue",
    "statementMap": {
      "0": {
        "start": {
          "line": 39,
          "column": 21
        },
        "end": {
          "line": 39,
          "column": 57
        }
      },
      "1": {
        "start": {
          "line": 48,
          "column": 22
        },
        "end": {
          "line": 48,
          "column": 24
        }
      },
      "2": {
        "start": {
          "line": 63,
          "column": 21
        },
        "end": {
          "line": 63,
          "column": 32
        }
      },
      "3": {
        "start": {
          "line": 71,
          "column": 21
        },
        "end": {
          "line": 71,
          "column": 35
        }
      },
      "4": {
        "start": {
          "line": 79,
          "column": 21
        },
        "end": {
          "line": 79,
          "column": 36
        }
      },
      "5": {
        "start": {
          "line": 113,
          "column": 4
        },
        "end": {
          "line": 128,
          "column": 5
        }
      },
      "6": {
        "start": {
          "line": 132,
          "column": 6
        },
        "end": {
          "line": 134,
          "column": 7
        }
      },
      "7": {
        "start": {
          "line": 133,
          "column": 8
        },
        "end": {
          "line": 133,
          "column": 47
        }
      },
      "8": {
        "start": {
          "line": 139,
          "column": 6
        },
        "end": {
          "line": 139,
          "column": 34
        }
      },
      "9": {
        "start": {
          "line": 147,
          "column": 6
        },
        "end": {
          "line": 151,
          "column": 9
        }
      },
      "10": {
        "start": {
          "line": 148,
          "column": 8
        },
        "end": {
          "line": 150,
          "column": 55
        }
      },
      "11": {
        "start": {
          "line": 150,
          "column": 32
        },
        "end": {
          "line": 150,
          "column": 53
        }
      },
      "12": {
        "start": {
          "line": 158,
          "column": 6
        },
        "end": {
          "line": 158,
          "column": 63
        }
      },
      "13": {
        "start": {
          "line": 159,
          "column": 6
        },
        "end": {
          "line": 161,
          "column": 7
        }
      },
      "14": {
        "start": {
          "line": 160,
          "column": 8
        },
        "end": {
          "line": 160,
          "column": 52
        }
      },
      "15": {
        "start": {
          "line": 162,
          "column": 6
        },
        "end": {
          "line": 164,
          "column": 7
        }
      },
      "16": {
        "start": {
          "line": 163,
          "column": 8
        },
        "end": {
          "line": 163,
          "column": 61
        }
      },
      "17": {
        "start": {
          "line": 165,
          "column": 6
        },
        "end": {
          "line": 170,
          "column": 7
        }
      },
      "18": {
        "start": {
          "line": 166,
          "column": 8
        },
        "end": {
          "line": 168,
          "column": 11
        }
      },
      "19": {
        "start": {
          "line": 167,
          "column": 10
        },
        "end": {
          "line": 167,
          "column": 31
        }
      },
      "20": {
        "start": {
          "line": 169,
          "column": 8
        },
        "end": {
          "line": 169,
          "column": 48
        }
      },
      "21": {
        "start": {
          "line": 171,
          "column": 6
        },
        "end": {
          "line": 171,
          "column": 33
        }
      },
      "22": {
        "start": {
          "line": 172,
          "column": 6
        },
        "end": {
          "line": 174,
          "column": 9
        }
      },
      "23": {
        "start": {
          "line": 173,
          "column": 8
        },
        "end": {
          "line": 173,
          "column": 62
        }
      },
      "24": {
        "start": {
          "line": 183,
          "column": 6
        },
        "end": {
          "line": 183,
          "column": 29
        }
      },
      "25": {
        "start": {
          "line": 187,
          "column": 6
        },
        "end": {
          "line": 187,
          "column": 32
        }
      },
      "26": {
        "start": {
          "line": 191,
          "column": 6
        },
        "end": {
          "line": 191,
          "column": 47
        }
      },
      "27": {
        "start": {
          "line": 198,
          "column": 6
        },
        "end": {
          "line": 200,
          "column": 7
        }
      },
      "28": {
        "start": {
          "line": 199,
          "column": 8
        },
        "end": {
          "line": 199,
          "column": 83
        }
      },
      "29": {
        "start": {
          "line": 201,
          "column": 6
        },
        "end": {
          "line": 212,
          "column": 7
        }
      },
      "30": {
        "start": {
          "line": 202,
          "column": 23
        },
        "end": {
          "line": 202,
          "column": 25
        }
      },
      "31": {
        "start": {
          "line": 203,
          "column": 8
        },
        "end": {
          "line": 205,
          "column": 9
        }
      },
      "32": {
        "start": {
          "line": 204,
          "column": 10
        },
        "end": {
          "line": 204,
          "column": 38
        }
      },
      "33": {
        "start": {
          "line": 206,
          "column": 8
        },
        "end": {
          "line": 208,
          "column": 9
        }
      },
      "34": {
        "start": {
          "line": 207,
          "column": 10
        },
        "end": {
          "line": 207,
          "column": 52
        }
      },
      "35": {
        "start": {
          "line": 209,
          "column": 8
        },
        "end": {
          "line": 211,
          "column": 10
        }
      },
      "36": {
        "start": {
          "line": 210,
          "column": 10
        },
        "end": {
          "line": 210,
          "column": 46
        }
      },
      "37": {
        "start": {
          "line": 213,
          "column": 6
        },
        "end": {
          "line": 213,
          "column": 66
        }
      },
      "38": {
        "start": {
          "line": 219,
          "column": 6
        },
        "end": {
          "line": 239,
          "column": 8
        }
      },
      "39": {
        "start": {
          "line": 231,
          "column": 12
        },
        "end": {
          "line": 231,
          "column": 53
        }
      },
      "40": {
        "start": {
          "line": 246,
          "column": 6
        },
        "end": {
          "line": 267,
          "column": 9
        }
      },
      "41": {
        "start": {
          "line": 247,
          "column": 8
        },
        "end": {
          "line": 249,
          "column": 9
        }
      },
      "42": {
        "start": {
          "line": 248,
          "column": 10
        },
        "end": {
          "line": 248,
          "column": 37
        }
      },
      "43": {
        "start": {
          "line": 250,
          "column": 8
        },
        "end": {
          "line": 250,
          "column": 49
        }
      },
      "44": {
        "start": {
          "line": 252,
          "column": 8
        },
        "end": {
          "line": 254,
          "column": 9
        }
      },
      "45": {
        "start": {
          "line": 253,
          "column": 10
        },
        "end": {
          "line": 253,
          "column": 49
        }
      },
      "46": {
        "start": {
          "line": 255,
          "column": 8
        },
        "end": {
          "line": 257,
          "column": 9
        }
      },
      "47": {
        "start": {
          "line": 256,
          "column": 10
        },
        "end": {
          "line": 256,
          "column": 49
        }
      },
      "48": {
        "start": {
          "line": 258,
          "column": 8
        },
        "end": {
          "line": 260,
          "column": 9
        }
      },
      "49": {
        "start": {
          "line": 259,
          "column": 10
        },
        "end": {
          "line": 259,
          "column": 52
        }
      },
      "50": {
        "start": {
          "line": 261,
          "column": 8
        },
        "end": {
          "line": 263,
          "column": 9
        }
      },
      "51": {
        "start": {
          "line": 262,
          "column": 10
        },
        "end": {
          "line": 262,
          "column": 49
        }
      },
      "52": {
        "start": {
          "line": 264,
          "column": 8
        },
        "end": {
          "line": 266,
          "column": 9
        }
      },
      "53": {
        "start": {
          "line": 265,
          "column": 10
        },
        "end": {
          "line": 265,
          "column": 48
        }
      },
      "54": {
        "start": {
          "line": 274,
          "column": 6
        },
        "end": {
          "line": 277,
          "column": 9
        }
      },
      "55": {
        "start": {
          "line": 275,
          "column": 8
        },
        "end": {
          "line": 275,
          "column": 50
        }
      },
      "56": {
        "start": {
          "line": 276,
          "column": 8
        },
        "end": {
          "line": 276,
          "column": 34
        }
      },
      "57": {
        "start": {
          "line": 285,
          "column": 6
        },
        "end": {
          "line": 285,
          "column": 42
        }
      },
      "58": {
        "start": {
          "line": 293,
          "column": 20
        },
        "end": {
          "line": 293,
          "column": 47
        }
      },
      "59": {
        "start": {
          "line": 294,
          "column": 6
        },
        "end": {
          "line": 294,
          "column": 29
        }
      },
      "60": {
        "start": {
          "line": 302,
          "column": 20
        },
        "end": {
          "line": 302,
          "column": 96
        }
      },
      "61": {
        "start": {
          "line": 302,
          "column": 50
        },
        "end": {
          "line": 302,
          "column": 95
        }
      },
      "62": {
        "start": {
          "line": 303,
          "column": 26
        },
        "end": {
          "line": 303,
          "column": 56
        }
      },
      "63": {
        "start": {
          "line": 304,
          "column": 6
        },
        "end": {
          "line": 304,
          "column": 45
        }
      },
      "64": {
        "start": {
          "line": 305,
          "column": 6
        },
        "end": {
          "line": 305,
          "column": 34
        }
      },
      "65": {
        "start": {
          "line": 312,
          "column": 24
        },
        "end": {
          "line": 312,
          "column": 51
        }
      },
      "66": {
        "start": {
          "line": 313,
          "column": 6
        },
        "end": {
          "line": 313,
          "column": 33
        }
      },
      "67": {
        "start": {
          "line": 314,
          "column": 20
        },
        "end": {
          "line": 314,
          "column": 74
        }
      },
      "68": {
        "start": {
          "line": 315,
          "column": 6
        },
        "end": {
          "line": 315,
          "column": 29
        }
      },
      "69": {
        "start": {
          "line": 321,
          "column": 6
        },
        "end": {
          "line": 321,
          "column": 42
        }
      },
      "70": {
        "start": {
          "line": 322,
          "column": 6
        },
        "end": {
          "line": 322,
          "column": 38
        }
      },
      "71": {
        "start": {
          "line": 330,
          "column": 20
        },
        "end": {
          "line": 330,
          "column": 34
        }
      },
      "72": {
        "start": {
          "line": 332,
          "column": 14
        },
        "end": {
          "line": 332,
          "column": 15
        }
      },
      "73": {
        "start": {
          "line": 333,
          "column": 23
        },
        "end": {
          "line": 337,
          "column": 12
        }
      },
      "74": {
        "start": {
          "line": 334,
          "column": 8
        },
        "end": {
          "line": 334,
          "column": 53
        }
      },
      "75": {
        "start": {
          "line": 335,
          "column": 8
        },
        "end": {
          "line": 335,
          "column": 15
        }
      },
      "76": {
        "start": {
          "line": 336,
          "column": 8
        },
        "end": {
          "line": 336,
          "column": 21
        }
      },
      "77": {
        "start": {
          "line": 339,
          "column": 6
        },
        "end": {
          "line": 342,
          "column": 13
        }
      },
      "78": {
        "start": {
          "line": 340,
          "column": 8
        },
        "end": {
          "line": 340,
          "column": 45
        }
      },
      "79": {
        "start": {
          "line": 341,
          "column": 8
        },
        "end": {
          "line": 341,
          "column": 20
        }
      },
      "80": {
        "start": {
          "line": 349,
          "column": 6
        },
        "end": {
          "line": 352,
          "column": 8
        }
      },
      "81": {
        "start": {
          "line": 362,
          "column": 6
        },
        "end": {
          "line": 362,
          "column": 33
        }
      },
      "82": {
        "start": {
          "line": 369,
          "column": 6
        },
        "end": {
          "line": 371,
          "column": 14
        }
      },
      "83": {
        "start": {
          "line": 370,
          "column": 8
        },
        "end": {
          "line": 370,
          "column": 22
        }
      },
      "84": {
        "start": {
          "line": 381,
          "column": 6
        },
        "end": {
          "line": 383,
          "column": 9
        }
      },
      "85": {
        "start": {
          "line": 382,
          "column": 8
        },
        "end": {
          "line": 382,
          "column": 51
        }
      },
      "86": {
        "start": {
          "line": 392,
          "column": 6
        },
        "end": {
          "line": 394,
          "column": 7
        }
      },
      "87": {
        "start": {
          "line": 393,
          "column": 8
        },
        "end": {
          "line": 393,
          "column": 15
        }
      },
      "88": {
        "start": {
          "line": 396,
          "column": 6
        },
        "end": {
          "line": 401,
          "column": 12
        }
      },
      "89": {
        "start": {
          "line": 398,
          "column": 12
        },
        "end": {
          "line": 398,
          "column": 26
        }
      },
      "90": {
        "start": {
          "line": 399,
          "column": 12
        },
        "end": {
          "line": 399,
          "column": 42
        }
      },
      "91": {
        "start": {
          "line": 400,
          "column": 12
        },
        "end": {
          "line": 400,
          "column": 72
        }
      },
      "92": {
        "start": {
          "line": 411,
          "column": 29
        },
        "end": {
          "line": 411,
          "column": 62
        }
      },
      "93": {
        "start": {
          "line": 412,
          "column": 6
        },
        "end": {
          "line": 414,
          "column": 7
        }
      },
      "94": {
        "start": {
          "line": 413,
          "column": 8
        },
        "end": {
          "line": 413,
          "column": 33
        }
      },
      "95": {
        "start": {
          "line": 416,
          "column": 28
        },
        "end": {
          "line": 416,
          "column": 30
        }
      },
      "96": {
        "start": {
          "line": 417,
          "column": 6
        },
        "end": {
          "line": 428,
          "column": 9
        }
      },
      "97": {
        "start": {
          "line": 418,
          "column": 29
        },
        "end": {
          "line": 423,
          "column": 10
        }
      },
      "98": {
        "start": {
          "line": 419,
          "column": 10
        },
        "end": {
          "line": 422,
          "column": 12
        }
      },
      "99": {
        "start": {
          "line": 425,
          "column": 8
        },
        "end": {
          "line": 427,
          "column": 9
        }
      },
      "100": {
        "start": {
          "line": 426,
          "column": 10
        },
        "end": {
          "line": 426,
          "column": 42
        }
      },
      "101": {
        "start": {
          "line": 430,
          "column": 6
        },
        "end": {
          "line": 432,
          "column": 7
        }
      },
      "102": {
        "start": {
          "line": 431,
          "column": 8
        },
        "end": {
          "line": 431,
          "column": 33
        }
      },
      "103": {
        "start": {
          "line": 434,
          "column": 6
        },
        "end": {
          "line": 447,
          "column": 9
        }
      },
      "104": {
        "start": {
          "line": 435,
          "column": 8
        },
        "end": {
          "line": 446,
          "column": 11
        }
      },
      "105": {
        "start": {
          "line": 437,
          "column": 12
        },
        "end": {
          "line": 437,
          "column": 45
        }
      },
      "106": {
        "start": {
          "line": 439,
          "column": 12
        },
        "end": {
          "line": 442,
          "column": 15
        }
      },
      "107": {
        "start": {
          "line": 440,
          "column": 28
        },
        "end": {
          "line": 440,
          "column": 84
        }
      },
      "108": {
        "start": {
          "line": 440,
          "column": 63
        },
        "end": {
          "line": 440,
          "column": 83
        }
      },
      "109": {
        "start": {
          "line": 441,
          "column": 14
        },
        "end": {
          "line": 441,
          "column": 48
        }
      },
      "110": {
        "start": {
          "line": 444,
          "column": 12
        },
        "end": {
          "line": 444,
          "column": 22
        }
      },
      "111": {
        "start": {
          "line": 456,
          "column": 24
        },
        "end": {
          "line": 456,
          "column": 57
        }
      },
      "112": {
        "start": {
          "line": 457,
          "column": 6
        },
        "end": {
          "line": 457,
          "column": 65
        }
      },
      "113": {
        "start": {
          "line": 458,
          "column": 6
        },
        "end": {
          "line": 460,
          "column": 7
        }
      },
      "114": {
        "start": {
          "line": 459,
          "column": 8
        },
        "end": {
          "line": 459,
          "column": 15
        }
      },
      "115": {
        "start": {
          "line": 462,
          "column": 6
        },
        "end": {
          "line": 464,
          "column": 7
        }
      },
      "116": {
        "start": {
          "line": 463,
          "column": 8
        },
        "end": {
          "line": 463,
          "column": 65
        }
      },
      "117": {
        "start": {
          "line": 463,
          "column": 36
        },
        "end": {
          "line": 463,
          "column": 63
        }
      },
      "118": {
        "start": {
          "line": 467,
          "column": 6
        },
        "end": {
          "line": 467,
          "column": 62
        }
      },
      "119": {
        "start": {
          "line": 469,
          "column": 6
        },
        "end": {
          "line": 478,
          "column": 9
        }
      },
      "120": {
        "start": {
          "line": 470,
          "column": 8
        },
        "end": {
          "line": 476,
          "column": 11
        }
      },
      "121": {
        "start": {
          "line": 471,
          "column": 27
        },
        "end": {
          "line": 471,
          "column": 110
        }
      },
      "122": {
        "start": {
          "line": 472,
          "column": 10
        },
        "end": {
          "line": 475,
          "column": 13
        }
      },
      "123": {
        "start": {
          "line": 477,
          "column": 8
        },
        "end": {
          "line": 477,
          "column": 38
        }
      },
      "124": {
        "start": {
          "line": 477,
          "column": 32
        },
        "end": {
          "line": 477,
          "column": 36
        }
      },
      "125": {
        "start": {
          "line": 481,
          "column": 6
        },
        "end": {
          "line": 481,
          "column": 32
        }
      },
      "126": {
        "start": {
          "line": 482,
          "column": 6
        },
        "end": {
          "line": 482,
          "column": 33
        }
      },
      "127": {
        "start": {
          "line": 483,
          "column": 6
        },
        "end": {
          "line": 486,
          "column": 9
        }
      },
      "128": {
        "start": {
          "line": 484,
          "column": 8
        },
        "end": {
          "line": 484,
          "column": 35
        }
      },
      "129": {
        "start": {
          "line": 485,
          "column": 8
        },
        "end": {
          "line": 485,
          "column": 62
        }
      },
      "130": {
        "start": {
          "line": 490,
          "column": 4
        },
        "end": {
          "line": 490,
          "column": 34
        }
      },
      "131": {
        "start": {
          "line": 491,
          "column": 4
        },
        "end": {
          "line": 491,
          "column": 25
        }
      },
      "132": {
        "start": {
          "line": 494,
          "column": 4
        },
        "end": {
          "line": 494,
          "column": 18
        }
      },
      "133": {
        "start": {
          "line": 495,
          "column": 4
        },
        "end": {
          "line": 495,
          "column": 27
        }
      },
      "134": {
        "start": {
          "line": 498,
          "column": 4
        },
        "end": {
          "line": 498,
          "column": 29
        }
      },
      "135": {
        "start": {
          "line": 499,
          "column": 4
        },
        "end": {
          "line": 499,
          "column": 35
        }
      }
    },
    "fnMap": {
      "0": {
        "name": "(anonymous_0)",
        "decl": {
          "start": {
            "line": 39,
            "column": 15
          },
          "end": {
            "line": 39,
            "column": 16
          }
        },
        "loc": {
          "start": {
            "line": 39,
            "column": 21
          },
          "end": {
            "line": 39,
            "column": 57
          }
        },
        "line": 39
      },
      "1": {
        "name": "(anonymous_1)",
        "decl": {
          "start": {
            "line": 48,
            "column": 15
          },
          "end": {
            "line": 48,
            "column": 16
          }
        },
        "loc": {
          "start": {
            "line": 48,
            "column": 22
          },
          "end": {
            "line": 48,
            "column": 24
          }
        },
        "line": 48
      },
      "2": {
        "name": "(anonymous_2)",
        "decl": {
          "start": {
            "line": 63,
            "column": 15
          },
          "end": {
            "line": 63,
            "column": 16
          }
        },
        "loc": {
          "start": {
            "line": 63,
            "column": 21
          },
          "end": {
            "line": 63,
            "column": 32
          }
        },
        "line": 63
      },
      "3": {
        "name": "(anonymous_3)",
        "decl": {
          "start": {
            "line": 71,
            "column": 15
          },
          "end": {
            "line": 71,
            "column": 16
          }
        },
        "loc": {
          "start": {
            "line": 71,
            "column": 21
          },
          "end": {
            "line": 71,
            "column": 35
          }
        },
        "line": 71
      },
      "4": {
        "name": "(anonymous_4)",
        "decl": {
          "start": {
            "line": 79,
            "column": 15
          },
          "end": {
            "line": 79,
            "column": 16
          }
        },
        "loc": {
          "start": {
            "line": 79,
            "column": 21
          },
          "end": {
            "line": 79,
            "column": 36
          }
        },
        "line": 79
      },
      "5": {
        "name": "(anonymous_5)",
        "decl": {
          "start": {
            "line": 112,
            "column": 2
          },
          "end": {
            "line": 112,
            "column": 3
          }
        },
        "loc": {
          "start": {
            "line": 112,
            "column": 9
          },
          "end": {
            "line": 129,
            "column": 3
          }
        },
        "line": 112
      },
      "6": {
        "name": "(anonymous_6)",
        "decl": {
          "start": {
            "line": 131,
            "column": 4
          },
          "end": {
            "line": 131,
            "column": 5
          }
        },
        "loc": {
          "start": {
            "line": 131,
            "column": 20
          },
          "end": {
            "line": 135,
            "column": 5
          }
        },
        "line": 131
      },
      "7": {
        "name": "(anonymous_7)",
        "decl": {
          "start": {
            "line": 138,
            "column": 4
          },
          "end": {
            "line": 138,
            "column": 5
          }
        },
        "loc": {
          "start": {
            "line": 138,
            "column": 15
          },
          "end": {
            "line": 140,
            "column": 5
          }
        },
        "line": 138
      },
      "8": {
        "name": "(anonymous_8)",
        "decl": {
          "start": {
            "line": 146,
            "column": 4
          },
          "end": {
            "line": 146,
            "column": 5
          }
        },
        "loc": {
          "start": {
            "line": 146,
            "column": 13
          },
          "end": {
            "line": 152,
            "column": 5
          }
        },
        "line": 146
      },
      "9": {
        "name": "(anonymous_9)",
        "decl": {
          "start": {
            "line": 147,
            "column": 21
          },
          "end": {
            "line": 147,
            "column": 22
          }
        },
        "loc": {
          "start": {
            "line": 147,
            "column": 27
          },
          "end": {
            "line": 151,
            "column": 7
          }
        },
        "line": 147
      },
      "10": {
        "name": "(anonymous_10)",
        "decl": {
          "start": {
            "line": 150,
            "column": 26
          },
          "end": {
            "line": 150,
            "column": 27
          }
        },
        "loc": {
          "start": {
            "line": 150,
            "column": 32
          },
          "end": {
            "line": 150,
            "column": 53
          }
        },
        "line": 150
      },
      "11": {
        "name": "(anonymous_11)",
        "decl": {
          "start": {
            "line": 157,
            "column": 4
          },
          "end": {
            "line": 157,
            "column": 5
          }
        },
        "loc": {
          "start": {
            "line": 157,
            "column": 13
          },
          "end": {
            "line": 175,
            "column": 5
          }
        },
        "line": 157
      },
      "12": {
        "name": "(anonymous_12)",
        "decl": {
          "start": {
            "line": 166,
            "column": 43
          },
          "end": {
            "line": 166,
            "column": 44
          }
        },
        "loc": {
          "start": {
            "line": 166,
            "column": 49
          },
          "end": {
            "line": 168,
            "column": 9
          }
        },
        "line": 166
      },
      "13": {
        "name": "(anonymous_13)",
        "decl": {
          "start": {
            "line": 172,
            "column": 21
          },
          "end": {
            "line": 172,
            "column": 22
          }
        },
        "loc": {
          "start": {
            "line": 172,
            "column": 27
          },
          "end": {
            "line": 174,
            "column": 7
          }
        },
        "line": 172
      },
      "14": {
        "name": "(anonymous_14)",
        "decl": {
          "start": {
            "line": 179,
            "column": 4
          },
          "end": {
            "line": 179,
            "column": 5
          }
        },
        "loc": {
          "start": {
            "line": 179,
            "column": 29
          },
          "end": {
            "line": 192,
            "column": 5
          }
        },
        "line": 179
      },
      "15": {
        "name": "(anonymous_15)",
        "decl": {
          "start": {
            "line": 197,
            "column": 4
          },
          "end": {
            "line": 197,
            "column": 5
          }
        },
        "loc": {
          "start": {
            "line": 197,
            "column": 20
          },
          "end": {
            "line": 214,
            "column": 5
          }
        },
        "line": 197
      },
      "16": {
        "name": "(anonymous_16)",
        "decl": {
          "start": {
            "line": 209,
            "column": 37
          },
          "end": {
            "line": 209,
            "column": 38
          }
        },
        "loc": {
          "start": {
            "line": 209,
            "column": 43
          },
          "end": {
            "line": 211,
            "column": 9
          }
        },
        "line": 209
      },
      "17": {
        "name": "(anonymous_17)",
        "decl": {
          "start": {
            "line": 218,
            "column": 4
          },
          "end": {
            "line": 218,
            "column": 5
          }
        },
        "loc": {
          "start": {
            "line": 218,
            "column": 27
          },
          "end": {
            "line": 240,
            "column": 5
          }
        },
        "line": 218
      },
      "18": {
        "name": "(anonymous_18)",
        "decl": {
          "start": {
            "line": 230,
            "column": 10
          },
          "end": {
            "line": 230,
            "column": 11
          }
        },
        "loc": {
          "start": {
            "line": 230,
            "column": 30
          },
          "end": {
            "line": 232,
            "column": 11
          }
        },
        "line": 230
      },
      "19": {
        "name": "(anonymous_19)",
        "decl": {
          "start": {
            "line": 245,
            "column": 4
          },
          "end": {
            "line": 245,
            "column": 5
          }
        },
        "loc": {
          "start": {
            "line": 245,
            "column": 22
          },
          "end": {
            "line": 268,
            "column": 5
          }
        },
        "line": 245
      },
      "20": {
        "name": "(anonymous_20)",
        "decl": {
          "start": {
            "line": 246,
            "column": 39
          },
          "end": {
            "line": 246,
            "column": 40
          }
        },
        "loc": {
          "start": {
            "line": 246,
            "column": 48
          },
          "end": {
            "line": 267,
            "column": 7
          }
        },
        "line": 246
      },
      "21": {
        "name": "(anonymous_21)",
        "decl": {
          "start": {
            "line": 247,
            "column": 29
          },
          "end": {
            "line": 247,
            "column": 30
          }
        },
        "loc": {
          "start": {
            "line": 247,
            "column": 42
          },
          "end": {
            "line": 249,
            "column": 9
          }
        },
        "line": 247
      },
      "22": {
        "name": "(anonymous_22)",
        "decl": {
          "start": {
            "line": 273,
            "column": 4
          },
          "end": {
            "line": 273,
            "column": 5
          }
        },
        "loc": {
          "start": {
            "line": 273,
            "column": 24
          },
          "end": {
            "line": 278,
            "column": 5
          }
        },
        "line": 273
      },
      "23": {
        "name": "(anonymous_23)",
        "decl": {
          "start": {
            "line": 274,
            "column": 39
          },
          "end": {
            "line": 274,
            "column": 40
          }
        },
        "loc": {
          "start": {
            "line": 274,
            "column": 48
          },
          "end": {
            "line": 277,
            "column": 7
          }
        },
        "line": 274
      },
      "24": {
        "name": "(anonymous_24)",
        "decl": {
          "start": {
            "line": 284,
            "column": 4
          },
          "end": {
            "line": 284,
            "column": 5
          }
        },
        "loc": {
          "start": {
            "line": 284,
            "column": 23
          },
          "end": {
            "line": 286,
            "column": 5
          }
        },
        "line": 284
      },
      "25": {
        "name": "(anonymous_25)",
        "decl": {
          "start": {
            "line": 292,
            "column": 4
          },
          "end": {
            "line": 292,
            "column": 5
          }
        },
        "loc": {
          "start": {
            "line": 292,
            "column": 26
          },
          "end": {
            "line": 295,
            "column": 5
          }
        },
        "line": 292
      },
      "26": {
        "name": "(anonymous_26)",
        "decl": {
          "start": {
            "line": 301,
            "column": 4
          },
          "end": {
            "line": 301,
            "column": 5
          }
        },
        "loc": {
          "start": {
            "line": 301,
            "column": 26
          },
          "end": {
            "line": 306,
            "column": 5
          }
        },
        "line": 301
      },
      "27": {
        "name": "(anonymous_27)",
        "decl": {
          "start": {
            "line": 302,
            "column": 41
          },
          "end": {
            "line": 302,
            "column": 42
          }
        },
        "loc": {
          "start": {
            "line": 302,
            "column": 50
          },
          "end": {
            "line": 302,
            "column": 95
          }
        },
        "line": 302
      },
      "28": {
        "name": "(anonymous_28)",
        "decl": {
          "start": {
            "line": 311,
            "column": 4
          },
          "end": {
            "line": 311,
            "column": 5
          }
        },
        "loc": {
          "start": {
            "line": 311,
            "column": 21
          },
          "end": {
            "line": 316,
            "column": 5
          }
        },
        "line": 311
      },
      "29": {
        "name": "(anonymous_29)",
        "decl": {
          "start": {
            "line": 320,
            "column": 4
          },
          "end": {
            "line": 320,
            "column": 5
          }
        },
        "loc": {
          "start": {
            "line": 320,
            "column": 17
          },
          "end": {
            "line": 323,
            "column": 5
          }
        },
        "line": 320
      },
      "30": {
        "name": "(anonymous_30)",
        "decl": {
          "start": {
            "line": 329,
            "column": 4
          },
          "end": {
            "line": 329,
            "column": 5
          }
        },
        "loc": {
          "start": {
            "line": 329,
            "column": 27
          },
          "end": {
            "line": 343,
            "column": 5
          }
        },
        "line": 329
      },
      "31": {
        "name": "(anonymous_31)",
        "decl": {
          "start": {
            "line": 333,
            "column": 47
          },
          "end": {
            "line": 333,
            "column": 48
          }
        },
        "loc": {
          "start": {
            "line": 333,
            "column": 64
          },
          "end": {
            "line": 337,
            "column": 7
          }
        },
        "line": 333
      },
      "32": {
        "name": "(anonymous_32)",
        "decl": {
          "start": {
            "line": 339,
            "column": 31
          },
          "end": {
            "line": 339,
            "column": 32
          }
        },
        "loc": {
          "start": {
            "line": 339,
            "column": 45
          },
          "end": {
            "line": 342,
            "column": 7
          }
        },
        "line": 339
      },
      "33": {
        "name": "(anonymous_33)",
        "decl": {
          "start": {
            "line": 348,
            "column": 4
          },
          "end": {
            "line": 348,
            "column": 5
          }
        },
        "loc": {
          "start": {
            "line": 348,
            "column": 25
          },
          "end": {
            "line": 353,
            "column": 5
          }
        },
        "line": 348
      },
      "34": {
        "name": "(anonymous_34)",
        "decl": {
          "start": {
            "line": 361,
            "column": 4
          },
          "end": {
            "line": 361,
            "column": 5
          }
        },
        "loc": {
          "start": {
            "line": 361,
            "column": 27
          },
          "end": {
            "line": 363,
            "column": 5
          }
        },
        "line": 361
      },
      "35": {
        "name": "(anonymous_35)",
        "decl": {
          "start": {
            "line": 368,
            "column": 28
          },
          "end": {
            "line": 368,
            "column": 29
          }
        },
        "loc": {
          "start": {
            "line": 368,
            "column": 39
          },
          "end": {
            "line": 372,
            "column": 5
          }
        },
        "line": 368
      },
      "36": {
        "name": "(anonymous_36)",
        "decl": {
          "start": {
            "line": 369,
            "column": 21
          },
          "end": {
            "line": 369,
            "column": 22
          }
        },
        "loc": {
          "start": {
            "line": 369,
            "column": 27
          },
          "end": {
            "line": 371,
            "column": 7
          }
        },
        "line": 369
      },
      "37": {
        "name": "(anonymous_37)",
        "decl": {
          "start": {
            "line": 380,
            "column": 4
          },
          "end": {
            "line": 380,
            "column": 5
          }
        },
        "loc": {
          "start": {
            "line": 380,
            "column": 33
          },
          "end": {
            "line": 384,
            "column": 5
          }
        },
        "line": 380
      },
      "38": {
        "name": "(anonymous_38)",
        "decl": {
          "start": {
            "line": 381,
            "column": 48
          },
          "end": {
            "line": 381,
            "column": 49
          }
        },
        "loc": {
          "start": {
            "line": 381,
            "column": 58
          },
          "end": {
            "line": 383,
            "column": 7
          }
        },
        "line": 381
      },
      "39": {
        "name": "(anonymous_39)",
        "decl": {
          "start": {
            "line": 391,
            "column": 4
          },
          "end": {
            "line": 391,
            "column": 5
          }
        },
        "loc": {
          "start": {
            "line": 391,
            "column": 44
          },
          "end": {
            "line": 402,
            "column": 5
          }
        },
        "line": 391
      },
      "40": {
        "name": "(anonymous_40)",
        "decl": {
          "start": {
            "line": 397,
            "column": 16
          },
          "end": {
            "line": 397,
            "column": 17
          }
        },
        "loc": {
          "start": {
            "line": 397,
            "column": 22
          },
          "end": {
            "line": 401,
            "column": 11
          }
        },
        "line": 397
      },
      "41": {
        "name": "(anonymous_41)",
        "decl": {
          "start": {
            "line": 410,
            "column": 4
          },
          "end": {
            "line": 410,
            "column": 5
          }
        },
        "loc": {
          "start": {
            "line": 410,
            "column": 32
          },
          "end": {
            "line": 448,
            "column": 5
          }
        },
        "line": 410
      },
      "42": {
        "name": "(anonymous_42)",
        "decl": {
          "start": {
            "line": 417,
            "column": 29
          },
          "end": {
            "line": 417,
            "column": 30
          }
        },
        "loc": {
          "start": {
            "line": 417,
            "column": 38
          },
          "end": {
            "line": 428,
            "column": 7
          }
        },
        "line": 417
      },
      "43": {
        "name": "(anonymous_43)",
        "decl": {
          "start": {
            "line": 418,
            "column": 56
          },
          "end": {
            "line": 418,
            "column": 57
          }
        },
        "loc": {
          "start": {
            "line": 418,
            "column": 64
          },
          "end": {
            "line": 423,
            "column": 9
          }
        },
        "line": 418
      },
      "44": {
        "name": "(anonymous_44)",
        "decl": {
          "start": {
            "line": 434,
            "column": 25
          },
          "end": {
            "line": 434,
            "column": 26
          }
        },
        "loc": {
          "start": {
            "line": 434,
            "column": 38
          },
          "end": {
            "line": 447,
            "column": 7
          }
        },
        "line": 434
      },
      "45": {
        "name": "(anonymous_45)",
        "decl": {
          "start": {
            "line": 436,
            "column": 20
          },
          "end": {
            "line": 436,
            "column": 21
          }
        },
        "loc": {
          "start": {
            "line": 436,
            "column": 26
          },
          "end": {
            "line": 445,
            "column": 11
          }
        },
        "line": 436
      },
      "46": {
        "name": "(anonymous_46)",
        "decl": {
          "start": {
            "line": 439,
            "column": 35
          },
          "end": {
            "line": 439,
            "column": 36
          }
        },
        "loc": {
          "start": {
            "line": 439,
            "column": 44
          },
          "end": {
            "line": 442,
            "column": 13
          }
        },
        "line": 439
      },
      "47": {
        "name": "(anonymous_47)",
        "decl": {
          "start": {
            "line": 440,
            "column": 55
          },
          "end": {
            "line": 440,
            "column": 56
          }
        },
        "loc": {
          "start": {
            "line": 440,
            "column": 63
          },
          "end": {
            "line": 440,
            "column": 83
          }
        },
        "line": 440
      },
      "48": {
        "name": "(anonymous_48)",
        "decl": {
          "start": {
            "line": 455,
            "column": 4
          },
          "end": {
            "line": 455,
            "column": 5
          }
        },
        "loc": {
          "start": {
            "line": 455,
            "column": 29
          },
          "end": {
            "line": 479,
            "column": 5
          }
        },
        "line": 455
      },
      "49": {
        "name": "(anonymous_49)",
        "decl": {
          "start": {
            "line": 463,
            "column": 28
          },
          "end": {
            "line": 463,
            "column": 29
          }
        },
        "loc": {
          "start": {
            "line": 463,
            "column": 36
          },
          "end": {
            "line": 463,
            "column": 63
          }
        },
        "line": 463
      },
      "50": {
        "name": "(anonymous_50)",
        "decl": {
          "start": {
            "line": 469,
            "column": 21
          },
          "end": {
            "line": 469,
            "column": 22
          }
        },
        "loc": {
          "start": {
            "line": 469,
            "column": 27
          },
          "end": {
            "line": 478,
            "column": 7
          }
        },
        "line": 469
      },
      "51": {
        "name": "(anonymous_51)",
        "decl": {
          "start": {
            "line": 470,
            "column": 28
          },
          "end": {
            "line": 470,
            "column": 29
          }
        },
        "loc": {
          "start": {
            "line": 470,
            "column": 37
          },
          "end": {
            "line": 476,
            "column": 9
          }
        },
        "line": 470
      },
      "52": {
        "name": "(anonymous_52)",
        "decl": {
          "start": {
            "line": 477,
            "column": 26
          },
          "end": {
            "line": 477,
            "column": 27
          }
        },
        "loc": {
          "start": {
            "line": 477,
            "column": 32
          },
          "end": {
            "line": 477,
            "column": 36
          }
        },
        "line": 477
      },
      "53": {
        "name": "(anonymous_53)",
        "decl": {
          "start": {
            "line": 480,
            "column": 4
          },
          "end": {
            "line": 480,
            "column": 5
          }
        },
        "loc": {
          "start": {
            "line": 480,
            "column": 22
          },
          "end": {
            "line": 487,
            "column": 5
          }
        },
        "line": 480
      },
      "54": {
        "name": "(anonymous_54)",
        "decl": {
          "start": {
            "line": 483,
            "column": 21
          },
          "end": {
            "line": 483,
            "column": 22
          }
        },
        "loc": {
          "start": {
            "line": 483,
            "column": 27
          },
          "end": {
            "line": 486,
            "column": 7
          }
        },
        "line": 483
      },
      "55": {
        "name": "(anonymous_55)",
        "decl": {
          "start": {
            "line": 489,
            "column": 2
          },
          "end": {
            "line": 489,
            "column": 3
          }
        },
        "loc": {
          "start": {
            "line": 489,
            "column": 12
          },
          "end": {
            "line": 492,
            "column": 3
          }
        },
        "line": 489
      },
      "56": {
        "name": "(anonymous_56)",
        "decl": {
          "start": {
            "line": 493,
            "column": 2
          },
          "end": {
            "line": 493,
            "column": 3
          }
        },
        "loc": {
          "start": {
            "line": 493,
            "column": 12
          },
          "end": {
            "line": 496,
            "column": 3
          }
        },
        "line": 493
      },
      "57": {
        "name": "(anonymous_57)",
        "decl": {
          "start": {
            "line": 497,
            "column": 2
          },
          "end": {
            "line": 497,
            "column": 3
          }
        },
        "loc": {
          "start": {
            "line": 497,
            "column": 18
          },
          "end": {
            "line": 500,
            "column": 3
          }
        },
        "line": 497
      }
    },
    "branchMap": {
      "0": {
        "loc": {
          "start": {
            "line": 132,
            "column": 6
          },
          "end": {
            "line": 134,
            "column": 7
          }
        },
        "type": "if",
        "locations": [
          {
            "start": {
              "line": 132,
              "column": 6
            },
            "end": {
              "line": 134,
              "column": 7
            }
          },
          {
            "start": {
              "line": 132,
              "column": 6
            },
            "end": {
              "line": 134,
              "column": 7
            }
          }
        ],
        "line": 132
      },
      "1": {
        "loc": {
          "start": {
            "line": 159,
            "column": 6
          },
          "end": {
            "line": 161,
            "column": 7
          }
        },
        "type": "if",
        "locations": [
          {
            "start": {
              "line": 159,
              "column": 6
            },
            "end": {
              "line": 161,
              "column": 7
            }
          },
          {
            "start": {
              "line": 159,
              "column": 6
            },
            "end": {
              "line": 161,
              "column": 7
            }
          }
        ],
        "line": 159
      },
      "2": {
        "loc": {
          "start": {
            "line": 162,
            "column": 6
          },
          "end": {
            "line": 164,
            "column": 7
          }
        },
        "type": "if",
        "locations": [
          {
            "start": {
              "line": 162,
              "column": 6
            },
            "end": {
              "line": 164,
              "column": 7
            }
          },
          {
            "start": {
              "line": 162,
              "column": 6
            },
            "end": {
              "line": 164,
              "column": 7
            }
          }
        ],
        "line": 162
      },
      "3": {
        "loc": {
          "start": {
            "line": 165,
            "column": 6
          },
          "end": {
            "line": 170,
            "column": 7
          }
        },
        "type": "if",
        "locations": [
          {
            "start": {
              "line": 165,
              "column": 6
            },
            "end": {
              "line": 170,
              "column": 7
            }
          },
          {
            "start": {
              "line": 165,
              "column": 6
            },
            "end": {
              "line": 170,
              "column": 7
            }
          }
        ],
        "line": 165
      },
      "4": {
        "loc": {
          "start": {
            "line": 198,
            "column": 6
          },
          "end": {
            "line": 200,
            "column": 7
          }
        },
        "type": "if",
        "locations": [
          {
            "start": {
              "line": 198,
              "column": 6
            },
            "end": {
              "line": 200,
              "column": 7
            }
          },
          {
            "start": {
              "line": 198,
              "column": 6
            },
            "end": {
              "line": 200,
              "column": 7
            }
          }
        ],
        "line": 198
      },
      "5": {
        "loc": {
          "start": {
            "line": 201,
            "column": 6
          },
          "end": {
            "line": 212,
            "column": 7
          }
        },
        "type": "if",
        "locations": [
          {
            "start": {
              "line": 201,
              "column": 6
            },
            "end": {
              "line": 212,
              "column": 7
            }
          },
          {
            "start": {
              "line": 201,
              "column": 6
            },
            "end": {
              "line": 212,
              "column": 7
            }
          }
        ],
        "line": 201
      },
      "6": {
        "loc": {
          "start": {
            "line": 201,
            "column": 10
          },
          "end": {
            "line": 201,
            "column": 39
          }
        },
        "type": "binary-expr",
        "locations": [
          {
            "start": {
              "line": 201,
              "column": 10
            },
            "end": {
              "line": 201,
              "column": 22
            }
          },
          {
            "start": {
              "line": 201,
              "column": 26
            },
            "end": {
              "line": 201,
              "column": 39
            }
          }
        ],
        "line": 201
      },
      "7": {
        "loc": {
          "start": {
            "line": 203,
            "column": 8
          },
          "end": {
            "line": 205,
            "column": 9
          }
        },
        "type": "if",
        "locations": [
          {
            "start": {
              "line": 203,
              "column": 8
            },
            "end": {
              "line": 205,
              "column": 9
            }
          },
          {
            "start": {
              "line": 203,
              "column": 8
            },
            "end": {
              "line": 205,
              "column": 9
            }
          }
        ],
        "line": 203
      },
      "8": {
        "loc": {
          "start": {
            "line": 206,
            "column": 8
          },
          "end": {
            "line": 208,
            "column": 9
          }
        },
        "type": "if",
        "locations": [
          {
            "start": {
              "line": 206,
              "column": 8
            },
            "end": {
              "line": 208,
              "column": 9
            }
          },
          {
            "start": {
              "line": 206,
              "column": 8
            },
            "end": {
              "line": 208,
              "column": 9
            }
          }
        ],
        "line": 206
      },
      "9": {
        "loc": {
          "start": {
            "line": 252,
            "column": 8
          },
          "end": {
            "line": 254,
            "column": 9
          }
        },
        "type": "if",
        "locations": [
          {
            "start": {
              "line": 252,
              "column": 8
            },
            "end": {
              "line": 254,
              "column": 9
            }
          },
          {
            "start": {
              "line": 252,
              "column": 8
            },
            "end": {
              "line": 254,
              "column": 9
            }
          }
        ],
        "line": 252
      },
      "10": {
        "loc": {
          "start": {
            "line": 255,
            "column": 8
          },
          "end": {
            "line": 257,
            "column": 9
          }
        },
        "type": "if",
        "locations": [
          {
            "start": {
              "line": 255,
              "column": 8
            },
            "end": {
              "line": 257,
              "column": 9
            }
          },
          {
            "start": {
              "line": 255,
              "column": 8
            },
            "end": {
              "line": 257,
              "column": 9
            }
          }
        ],
        "line": 255
      },
      "11": {
        "loc": {
          "start": {
            "line": 258,
            "column": 8
          },
          "end": {
            "line": 260,
            "column": 9
          }
        },
        "type": "if",
        "locations": [
          {
            "start": {
              "line": 258,
              "column": 8
            },
            "end": {
              "line": 260,
              "column": 9
            }
          },
          {
            "start": {
              "line": 258,
              "column": 8
            },
            "end": {
              "line": 260,
              "column": 9
            }
          }
        ],
        "line": 258
      },
      "12": {
        "loc": {
          "start": {
            "line": 261,
            "column": 8
          },
          "end": {
            "line": 263,
            "column": 9
          }
        },
        "type": "if",
        "locations": [
          {
            "start": {
              "line": 261,
              "column": 8
            },
            "end": {
              "line": 263,
              "column": 9
            }
          },
          {
            "start": {
              "line": 261,
              "column": 8
            },
            "end": {
              "line": 263,
              "column": 9
            }
          }
        ],
        "line": 261
      },
      "13": {
        "loc": {
          "start": {
            "line": 264,
            "column": 8
          },
          "end": {
            "line": 266,
            "column": 9
          }
        },
        "type": "if",
        "locations": [
          {
            "start": {
              "line": 264,
              "column": 8
            },
            "end": {
              "line": 266,
              "column": 9
            }
          },
          {
            "start": {
              "line": 264,
              "column": 8
            },
            "end": {
              "line": 266,
              "column": 9
            }
          }
        ],
        "line": 264
      },
      "14": {
        "loc": {
          "start": {
            "line": 391,
            "column": 10
          },
          "end": {
            "line": 391,
            "column": 25
          }
        },
        "type": "default-arg",
        "locations": [
          {
            "start": {
              "line": 391,
              "column": 21
            },
            "end": {
              "line": 391,
              "column": 25
            }
          }
        ],
        "line": 391
      },
      "15": {
        "loc": {
          "start": {
            "line": 391,
            "column": 27
          },
          "end": {
            "line": 391,
            "column": 42
          }
        },
        "type": "default-arg",
        "locations": [
          {
            "start": {
              "line": 391,
              "column": 38
            },
            "end": {
              "line": 391,
              "column": 42
            }
          }
        ],
        "line": 391
      },
      "16": {
        "loc": {
          "start": {
            "line": 392,
            "column": 6
          },
          "end": {
            "line": 394,
            "column": 7
          }
        },
        "type": "if",
        "locations": [
          {
            "start": {
              "line": 392,
              "column": 6
            },
            "end": {
              "line": 394,
              "column": 7
            }
          },
          {
            "start": {
              "line": 392,
              "column": 6
            },
            "end": {
              "line": 394,
              "column": 7
            }
          }
        ],
        "line": 392
      },
      "17": {
        "loc": {
          "start": {
            "line": 392,
            "column": 10
          },
          "end": {
            "line": 392,
            "column": 32
          }
        },
        "type": "binary-expr",
        "locations": [
          {
            "start": {
              "line": 392,
              "column": 10
            },
            "end": {
              "line": 392,
              "column": 19
            }
          },
          {
            "start": {
              "line": 392,
              "column": 23
            },
            "end": {
              "line": 392,
              "column": 32
            }
          }
        ],
        "line": 392
      },
      "18": {
        "loc": {
          "start": {
            "line": 412,
            "column": 6
          },
          "end": {
            "line": 414,
            "column": 7
          }
        },
        "type": "if",
        "locations": [
          {
            "start": {
              "line": 412,
              "column": 6
            },
            "end": {
              "line": 414,
              "column": 7
            }
          },
          {
            "start": {
              "line": 412,
              "column": 6
            },
            "end": {
              "line": 414,
              "column": 7
            }
          }
        ],
        "line": 412
      },
      "19": {
        "loc": {
          "start": {
            "line": 425,
            "column": 8
          },
          "end": {
            "line": 427,
            "column": 9
          }
        },
        "type": "if",
        "locations": [
          {
            "start": {
              "line": 425,
              "column": 8
            },
            "end": {
              "line": 427,
              "column": 9
            }
          },
          {
            "start": {
              "line": 425,
              "column": 8
            },
            "end": {
              "line": 427,
              "column": 9
            }
          }
        ],
        "line": 425
      },
      "20": {
        "loc": {
          "start": {
            "line": 430,
            "column": 6
          },
          "end": {
            "line": 432,
            "column": 7
          }
        },
        "type": "if",
        "locations": [
          {
            "start": {
              "line": 430,
              "column": 6
            },
            "end": {
              "line": 432,
              "column": 7
            }
          },
          {
            "start": {
              "line": 430,
              "column": 6
            },
            "end": {
              "line": 432,
              "column": 7
            }
          }
        ],
        "line": 430
      },
      "21": {
        "loc": {
          "start": {
            "line": 458,
            "column": 6
          },
          "end": {
            "line": 460,
            "column": 7
          }
        },
        "type": "if",
[...]
      "51": 19,
      "52": 475,
      "53": 19,
      "54": 2,
      "55": 50,
      "56": 50,
      "57": 4,
      "58": 2,
      "59": 2,
      "60": 2,
      "61": 6,
      "62": 2,
      "63": 2,
      "64": 2,
      "65": 2,
      "66": 2,
      "67": 2,
      "68": 2,
      "69": 4,
      "70": 4,
      "71": 4,
      "72": 4,
      "73": 4,
      "74": 48,
      "75": 48,
      "76": 48,
      "77": 4,
      "78": 48,
      "79": 48,
      "80": 77,
      "81": 56,
      "82": 32,
      "83": 32,
      "84": 111,
      "85": 33,
      "86": 37,
      "87": 0,
      "88": 37,
      "89": 37,
      "90": 37,
      "91": 37,
      "92": 37,
      "93": 37,
      "94": 34,
      "95": 3,
      "96": 3,
      "97": 3,
      "98": 3,
      "99": 3,
      "100": 3,
      "101": 3,
      "102": 0,
      "103": 3,
      "104": 3,
      "105": 3,
      "106": 3,
      "107": 3,
      "108": 3,
      "109": 3,
      "110": 3,
      "111": 37,
      "112": 37,
      "113": 37,
      "114": 12,
      "115": 25,
      "116": 10,
      "117": 56,
      "118": 25,
      "119": 25,
      "120": 25,
      "121": 71,
      "122": 71,
      "123": 25,
      "124": 77,
      "125": 6,
      "126": 6,
      "127": 6,
      "128": 6,
      "129": 6,
      "130": 19,
      "131": 19,
      "132": 19,
      "133": 19,
      "134": 2,
      "135": 2
    },
    "f": {
      "0": 19,
      "1": 19,
      "2": 10,
      "3": 77,
      "4": 77,
      "5": 19,
      "6": 24,
      "7": 19,
      "8": 69,
      "9": 69,
      "10": 47,
      "11": 19,
      "12": 40,
      "13": 19,
      "14": 19,
      "15": 19,
      "16": 2,
      "17": 8,
      "18": 4,
      "19": 19,
      "20": 475,
      "21": 295,
      "22": 2,
      "23": 50,
      "24": 4,
      "25": 2,
      "26": 2,
      "27": 6,
      "28": 2,
      "29": 4,
      "30": 4,
      "31": 48,
      "32": 48,
      "33": 77,
      "34": 56,
      "35": 32,
      "36": 32,
      "37": 111,
      "38": 33,
      "39": 37,
      "40": 37,
      "41": 37,
      "42": 3,
      "43": 3,
      "44": 3,
      "45": 3,
      "46": 3,
      "47": 3,
      "48": 37,
      "49": 56,
      "50": 25,
      "51": 71,
      "52": 77,
      "53": 6,
      "54": 6,
      "55": 19,
      "56": 19,
      "57": 2
    },
    "b": {
      "0": [
        18,
        6
      ],
      "1": [
        2,
        17
      ],
      "2": [
        4,
        15
      ],
      "3": [
        19,
        0
      ],
      "4": [
        8,
        11
      ],
      "5": [
        6,
        13
      ],
      "6": [
        19,
        17
      ],
      "7": [
        2,
        4
      ],
      "8": [
        4,
        2
      ],
      "9": [
        19,
        456
      ],
      "10": [
        19,
        456
      ],
      "11": [
        19,
        456
      ],
      "12": [
        19,
        456
      ],
      "13": [
        19,
        456
      ],
      "14": [
        0
      ],
      "15": [
        0
      ],
      "16": [
        0,
        37
      ],
      "17": [
        37,
        37
      ],
      "18": [
        34,
        3
      ],
      "19": [
        3,
        0
      ],
      "20": [
        0,
        3
      ],
      "21": [
        12,
        25
      ],
      "22": [
        10,
        15
      ]
    },
    "inputSourceMap": {
      "version": 3,
      "sources": [
        "/Users/dannyyassine/Documents/dev/vuuri/tests/client/src/vuuri/Vuuri.vue"
      ],
      "names": [],
      "mappings": ";;;;;;;;;;;;;;;;;;;;;AAqBA;AACA;AACA;AACA;AACA;AACA;AACA;;AAEA;AACA;AACA;AACA;AACA;AACA;AACA;AACA;AACA;AACA;AACA;AACA;AACA;AACA;AACA;AACA;AACA;AACA;AACA;AACA;AACA;AACA;AACA;AACA;AACA;AACA;AACA;AACA;AACA;AACA;AACA;AACA;AACA;AACA;AACA;AACA;AACA;AACA;AACA;AACA;AACA;AACA;AACA;AACA;AACA;AACA;AACA;AACA;AACA;AACA;AACA;AACA;AACA;AACA;AACA;AACA;AACA;AACA;AACA;AACA;AACA;AACA;AACA;AACA;AACA;AACA;AACA;AACA;AACA;AACA;AACA;AACA;AACA;AACA;AACA;AACA;AACA;AACA;AACA;AACA;AACA;AACA;AACA;AACA;AACA;AACA;AACA;AACA;AACA;AACA;AACA;AACA;AACA;AACA;AACA;AACA;AACA;AACA;AACA;AACA;AACA;AACA;AACA;AACA;AACA;AACA;AACA;AACA;AACA;AACA;AACA;AACA;AACA;AACA;AACA;AACA;AACA;AACA;AACA;AACA;AACA;AACA;AACA;AACA;AACA;AACA;AACA;AACA;AACA;AACA;AACA;AACA;AACA;AACA;AACA;AACA;AACA;AACA;AACA;AACA;AACA;AACA;AACA;AACA;AACA;AACA;AACA;AACA;AACA;AACA;AACA;AACA;AACA;AACA;AACA;AACA;AACA;AACA;AACA;AACA;AACA;AACA;AACA;AACA;AACA;AACA;AACA;AACA;AACA;AACA;AACA;AACA;AACA;AACA;AACA;AACA;AACA;AACA;AACA;AACA;AACA;AACA;AACA;AACA;AACA;AACA;AACA;AACA;AACA;AACA;AACA;AACA;AACA;AACA;AACA;AACA;AACA;AACA;AACA;AACA;AACA;AACA;AACA;AACA;AACA;AACA;AACA;AACA;AACA;AACA;AACA;AACA;AACA;AACA;AACA;AACA;AACA;AACA;AACA;AACA;AACA;;AAEA;AACA;AACA;AACA;AACA;AACA;AACA;AACA;AACA;AACA;AACA;AACA;AACA;AACA;AACA;AACA;AACA;AACA;AACA;AACA;AACA;AACA;AACA;AACA;AACA;AACA;AACA;AACA;AACA;AACA;AACA;AACA;AACA;AACA;AACA;AACA;AACA;AACA;AACA;AACA;AACA;AACA;AACA;AACA;AACA;AACA;AACA;AACA;AACA;AACA;AACA;AACA;AACA;AACA;AACA;AACA;AACA;AACA;AACA;AACA;AACA;AACA;AACA;AACA;AACA;AACA;AACA;AACA;AACA;AACA;AACA;AACA;AACA;AACA;AACA;AACA;AACA;AACA;AACA;;AAEA;AACA;AACA;AACA;AACA;AACA;;AAEA;AACA;AACA;AACA;AACA;AACA;AACA;AACA;AACA;AACA;AACA;AACA;AACA;AACA;AACA;AACA;AACA;AACA;AACA;AACA;AACA;AACA;AACA;AACA;AACA;AACA;AACA;AACA;AACA;AACA;AACA;AACA;AACA;AACA;AACA;AACA;AACA;AACA;AACA;AACA;AACA;AACA;AACA;AACA;AACA;AACA;AACA;AACA;AACA;AACA;AACA;AACA;AACA;AACA;AACA;AACA;;AAEA;AACA;AACA;AACA;AACA;AACA;AACA;AACA;AACA;AACA;AACA;AACA;AACA;AACA;AACA;AACA;AACA;AACA;AACA;;AAEA;AACA;AACA;AACA;AACA;AACA;AACA;AACA;;AAEA;AACA;AACA;AACA;;AAEA;AACA;AACA;;AAEA;AACA;AACA;AACA;;AAEA;AACA;AACA;AACA;;AAEA;AACA;AACA;AACA;AACA;AACA;AACA;AACA;AACA;AACA;AACA;AACA;AACA;AACA;AACA;AACA;AACA;;AAEA;AACA;AACA;;AAEA;AACA;;AAEA;AACA;AACA;AACA;AACA;AACA;AACA;AACA;AACA;AACA;AACA;AACA;AACA;AACA;AACA;AACA;AACA;AACA;AACA;AACA;AACA;AACA;AACA;AACA;AACA;AACA;AACA;AACA;AACA;AACA;AACA;AACA;AACA",
      "file": "Vuuri.vue",
      "sourceRoot": "",
      "sourcesContent": [
        "<template>\n  <div\n      ref=\"muuri\"\n      class=\"muuri-grid\"\n      :class=\"className\"\n      :data-grid-key=\"gridKey\">\n    <div\n        v-for=\"item in copiedItems\"\n        :key=\"item[itemKey]\"\n        :style=\"_getItemStyles(item)\"\n        class=\"muuri-item\"\n        :data-item-key=\"item[itemKey]\"\n    >\n      <div class=\"muuri-item-content\">\n        <slot name=\"item\" :item=\"item\" />\n      </div>\n    </div>\n  </div>\n</template>\n\n<script>\nimport { debounce, differenceWith } from 'lodash';\nimport Muuri from 'muuri';\nimport { v4 as uuidv4 } from 'uuid';\nimport { GridEvent } from './GridEvent';\nimport GridStore from './GridStore';\nimport { Env } from './Env';\nimport { ItemKey, ItemSize, ItemDragHandle } from './constants';\n\nexport default {\n  name: 'Vuuri',\n  props: {\n    /**\n     * Optional class name to add to the grid. If not, one will be provided\n     */\n    className: {\n      type: String,\n      required: false,\n      default: () => `class${uuidv4().replace(/-/g, '')}`\n    },\n    /**\n     * To set up options of the grid\n     * https://github.com/haltu/muuri#grid-options\n     */\n    options: {\n      type: Object,\n      required: false,\n      default: () => ({})\n    },\n    /**\n     * Array input for items to display (via v-model)\n     */\n    value: {\n      type: Array,\n      required: false\n    },\n    /**\n     * Identifier property for each item\n     */\n    itemKey: {\n      type: String,\n      required: false,\n      default: () => ItemKey.key\n    },\n    /**\n     * Callback to fetch a dynamic width based on item\n     */\n    getItemWidth: {\n      type: Function,\n      required: false,\n      default: () => ItemSize.width\n    },\n    /**\n     * Callback to fetch a dynamic height based on item\n     */\n    getItemHeight: {\n      type: Function,\n      required: false,\n      default: () => ItemSize.height\n    },\n    /**\n     * Enable drag and drop feature on the grid\n     */\n    dragEnabled: {\n      type: Boolean,\n      required: false,\n      default: false\n    },\n    /**\n     * Selector for determining the handle to activate dragging\n     */\n    dragHandle: {\n      type: String,\n      required: false,\n      default: ItemDragHandle.select\n    },\n    /**\n     * When dragEnabled is on, can control which other grid you can drag into\n     */\n    groupId: {\n      type: [String, Number],\n      required: false\n    },\n    /**\n     * When dragEnabled is on, can control which other grid you can drag into\n     */\n    groupIds: {\n      type: [Array],\n      required: false\n    }\n  },\n  data() {\n    return {\n      /**\n       * Deep copy of props items\n       * @type Array<*>\n       */\n      copiedItems: [],\n      /**\n       * Map of events with respective listener function\n       * @type Object.<string, function>\n       */\n      events: {},\n      /*\n      * The generated Muuri Options object\n      */\n      muuriOptions: {}\n    }\n  },\n  watch: {\n    value(newItems) {\n      if (!this.internallySet) {\n        this._sync(newItems, this.copiedItems);\n      }\n    }\n  },\n  computed: {\n    selector() {\n      return `.${this.className}`;\n    }\n  },\n  methods: {\n    /**\n     * Manually update the items in the muuri grid\n     */\n    update() {\n      this.$nextTick(() => {\n        this.muuri\n            .refreshItems()\n            .layout(true, () => this.$emit('updated'));\n      });\n    },\n    /**\n     * Prepares the muuri instance\n     * @private\n     */\n    _setup() {\n      this.muuri = new Muuri(this.selector, this.muuriOptions);\n      if (this.groupId) {\n        GridStore.addGrid(this.groupId, this.muuri);\n      }\n      if (this.groupIds) {\n        GridStore.addGridToGroups(this.groupIds, this.muuri);\n      }\n      if (!Env.isUnitTesting) {\n        this.observer = new ResizeObserver(() => {\n          this._resizeOnLoad();\n        });\n        this.observer.observe(this.$refs.muuri);\n      }\n      this._sync(this.value, []);\n      this.$nextTick(() => {\n        GridStore.setItemsForGridId(this.gridKey, this.value);\n      });\n    },\n    /**\n     * @private\n     */\n    _setupNonReactiveProps() {\n      /**\n       * @type {Muuri}\n       */\n      this.muuri = undefined;\n      /**\n       * @type {ResizeObserver}\n       */\n      this.observer = undefined;\n      /**\n       * @type {string}\n       */\n      this.gridKey = uuidv4().replace(/-/g, '')\n    },\n    /**\n     * Creates the options object for Muuri\n     * @private\n     */\n    _setupOptions() {\n      if (this.dragEnabled) {\n        this.muuriOptions = {...this._generateDragOptions(), ...this.muuriOptions};\n      }\n      if (this.groupId || this.groupIds) {\n        let groupIds = [];\n        if (this.groupId) {\n          groupIds.push(this.groupId);\n        }\n        if (this.groupIds) {\n          groupIds = groupIds.concat(this.groupIds);\n        }\n        this.muuriOptions.dragSort = () => {\n          return GridStore.getGrids(groupIds);\n        };\n      }\n      this.muuriOptions = {...this.options, ...this.muuriOptions};\n    },\n    /**\n     * @private\n     */\n    _generateDragOptions() {\n      return {\n        dragEnabled: true,\n        dragHandle: this.dragHandle,\n        dragContainer: document.querySelector(`.muuri-grid${this.selector}`),\n        dragRelease: {\n          duration: 400,\n          easing: \"cubic-bezier(0.625, 0.225, 0.100, 0.890)\",\n          useDragContainer: true,\n        },\n        dragPlaceholder: {\n          enabled: true,\n          createElement(item) {\n            return item.getElement().cloneNode(true);\n          },\n        },\n        dragAutoScroll: {\n          targets: [window],\n            sortDuringScroll: false,\n            syncAfterScroll: false,\n        },\n      };\n    },\n    /**\n     * Registers Muuri events\n     * @private\n     */\n    _registerEvents() {\n      Object.values(GridEvent).forEach(event => {\n        this.events[event] = (...args) => {\n          this.$emit(event, ...args);\n        }\n        this.muuri.on(event, this.events[event]);\n\n        if (event === GridEvent.dragStart) {\n          this.muuri.on(event, this._onDragStart)\n        }\n        if (event === GridEvent.send) {\n          this.muuri.on(event, this._onItemSend);\n        }\n        if (event === GridEvent.receive) {\n          this.muuri.on(event, this._onItemReceive);\n        }\n        if (event === GridEvent.move) {\n          this.muuri.on(event, this._onItemMove);\n        }\n        if (event === GridEvent.dragEnd) {\n          this.muuri.on(event, this._onDragEnd);\n        }\n      });\n    },\n    /**\n     * Unregister Muuri events\n     * @private\n     */\n    _unregisterEvents() {\n      Object.values(GridEvent).forEach(event => {\n        this.muuri.off(event, this.events[event]);\n        delete this.events[event];\n      });\n    },\n    /**\n     * Listener when dragging begins\n     * @type {Muuri.Item} item\n     * @private\n     */\n    _onDragStart(item) {\n      GridStore.setDraggingGridItem(item);\n    },\n    /**\n     * Listener when item moves within the same grid\n     * @type {Muuri.Item} item\n     * @private\n     */\n    _onItemMove({ item }) {\n      const value = this._reOrderWithItem(item);\n      this._emitValue(value);\n    },\n    /**\n     * Listener when item leaves its original grid\n     * @type {Muuri.Item} item\n     * @private\n     */\n    _onItemSend({ item }) {\n      const index = this.value.findIndex(value => value.id == item.getElement().dataset.itemKey);\n      const removedItem = this.value.splice(index, 1)[0];\n      GridStore.setDraggingItem(removedItem);\n      this._emitValue(this.value);\n    },\n    /**\n     * Listener when item enters a new grid\n     * @private\n     */\n    _onItemReceive() {\n      const vuuriItem = GridStore.getDraggingItem();\n      this.value.push(vuuriItem);\n      const value = this._reOrderWithItem(GridStore.getDraggingGridItem())\n      this._emitValue(value);\n    },\n    /**\n     * Listener when dragging ends\n     */\n    _onDragEnd() {\n      GridStore.setDraggingGridItem(null);\n      GridStore.setDraggingItem(null);\n    },\n    /**\n     * Makes sure the items order is updated with value\n     * @type {Muuri.Item} item\n     * @private\n     */\n    _reOrderWithItem(item) {\n      const $grid = item.getGrid();\n\n      let i = 0\n      const itemKeys = $grid.getItems().reduce((accum, item) => {\n        accum[item.getElement().dataset.itemKey] = i;\n        i += 1;\n        return accum;\n      }, {});\n\n      return this.value.reduce((accum, a) => {\n        accum[itemKeys[a[this.itemKey]]] = a;\n        return accum\n      }, []);\n    },\n    /**\n     * Styles for each grid item\n     * @private\n     */\n    _getItemStyles(item) {\n      return {\n        width: this.getItemWidth(item),\n        height: this.getItemHeight(item)\n      };\n    },\n    /**\n     * Creates a unique identifier for the item based its property values\n     * and adds a uuid\n     * @param item\n     * @returns {string}\n     * @private\n     */\n    _generateItemKey(item) {\n      item._$muuri_id = uuidv4();\n    },\n    /**\n     * Callback used to resize the muuri grid\n     * @private\n     */\n    _resizeOnLoad: debounce(function() {\n      this.$nextTick(() => {\n        this.update();\n      }, 100);\n    }),\n    /**\n     * Returns the difference between the two arrays\n     * @param {Array<*>} newValue\n     * @param {Array<*>} oldValue\n     * @returns {Array<*>}\n     * @private\n     */\n    _getDiff(newValue, oldValue) {\n      return differenceWith(newValue, oldValue, (a, b) => {\n        return a[this.itemKey] === b[this.itemKey];\n      });\n    },\n    /**\n     * Apply items updates on muuri\n     * @param {?Array<*>} newItems\n     * @param {?Array<*>} oldItems\n     * @private\n     */\n    _sync(newItems = null, oldItems = null) {\n      if (!newItems || !oldItems) {\n        return;\n      }\n\n      this._remove(newItems, oldItems)\n          .then(() => {\n            this.update();\n            this._add(newItems, oldItems);\n            GridStore.setItemsForGridId(this.gridKey, this.copiedItems);\n          })\n    },\n    /**\n     * Remove deleted items from muuri\n     * @param {Array<*>}  newItems\n     * @param {Array<*>}  oldItems\n     * @returns {Promise<void>}\n     * @private\n     */\n    _remove(newItems, oldItems) {\n      const valuesToRemove = this._getDiff(oldItems, newItems);\n      if (!valuesToRemove.length) {\n        return Promise.resolve();\n      }\n\n      const itemsToRemove = []\n      valuesToRemove.forEach(value => {\n        const itemToRemove = this.muuri.getItems().find(item => {\n          return (\n              value[this.itemKey]+'' ===\n              item.getElement().dataset.itemKey\n          );\n        });\n\n        if (itemToRemove) {\n          itemsToRemove.push(itemToRemove)\n        }\n      });\n\n      if (!itemsToRemove.length) {\n        return Promise.resolve();\n      }\n\n      return new Promise((resolve) => {\n        this.muuri.hide(itemsToRemove, {\n          onFinish: () => {\n            this.muuri.remove(itemsToRemove);\n\n            valuesToRemove.forEach(value => {\n              const index = this.copiedItems.findIndex(item => item.id === value.id);\n              this.copiedItems.splice(index, 1);\n            });\n\n            resolve();\n          }\n        });\n      });\n    },\n    /**\n     * Add new items to muuri\n     * @param newItems\n     * @param oldItems\n     * @private\n     */\n    _add(newItems, oldItems) {\n      let valuesToAdd = this._getDiff(newItems, oldItems);\n      valuesToAdd = this._getDiff(valuesToAdd, this.copiedItems); // sync from setup and watch may overlap\n      if (!valuesToAdd.length) {\n        return;\n      }\n\n      if (this.itemKey === ItemKey.key) {\n        valuesToAdd.forEach(item => this._generateItemKey(item));\n      }\n\n      // renders new elements\n      this.copiedItems = this.copiedItems.concat(valuesToAdd);\n\n      this.$nextTick(() => {\n        valuesToAdd.forEach(value => {\n          const $element = document.querySelector(`${this.selector} [data-item-key=\"${value[this.itemKey]}\"]`);\n          this.muuri.add($element, {\n            layout: false,\n            active: false\n          });\n        });\n        this.muuri.filter(() => true);\n      });\n    },\n    _emitValue(value) {\n      this.internallySet = true;\n      this.$emit('input', value);\n      this.$nextTick(() => {\n        this.internallySet = false;\n        GridStore.setItemsForGridId(this.gridKey, this.value);\n      });\n    }\n  },\n  created() {\n    this._setupNonReactiveProps();\n    this._setupOptions();\n  },\n  mounted() {\n    this._setup();\n    this._registerEvents();\n  },\n  beforeDestroy() {\n    this._unregisterEvents();\n    this.$emit('on-destroy', this);\n  }\n}\n</script>\n\n<style scoped>\n.muuri-grid {\n  position: relative;\n}\n.muuri-item {\n  display: block;\n  position: absolute;\n  z-index: 1;\n}\n.muuri-item.muuri-item-dragging {\n  z-index: 3;\n}\n.muuri-item.muuri-item-releasing {\n  z-index: 2;\n}\n.muuri-item.muuri-item-hidden {\n  z-index: 0;\n}\n.muuri-item-content {\n  position: relative;\n  width: 100%;\n  height: 100%;\n}\n.muuri-item-placeholder {\n  opacity: 0.5;\n  margin: 0 !important;\n}\n</style>"
      ]
    },
    "_coverageSchema": "1a1c01bbd47fc00a2c39e90264f33305004495a9",
    "hash": "2217b45edb9762881f10eebb6646951bf0d5c739"
  },
  "/Users/dannyyassine/Documents/dev/vuuri/tests/client/src/vuuri/index.js": {
    "path": "/Users/dannyyassine/Documents/dev/vuuri/tests/client/src/vuuri/index.js",
    "statementMap": {},
    "fnMap": {},
    "branchMap": {},
    "s": {},
    "f": {},
    "b": {},
    "_coverageSchema": "1a1c01bbd47fc00a2c39e90264f33305004495a9",
    "hash": "31400b778813cd3847f97af5dd6c5ee3cf6acca5"
  }
}