{"/Users/dannyyassine/Documents/dev/vuuri/tests/client/src/vuuri/GridEvent.js": {"path":"/Users/dannyyassine/Documents/dev/vuuri/tests/client/src/vuuri/GridEvent.js","statementMap":{"0":{"start":{"line":2,"column":25},"end":{"line":28,"column":1}}},"fnMap":{},"branchMap":{},"s":{"0":15},"f":{},"b":{},"_coverageSchema":"1a1c01bbd47fc00a2c39e90264f33305004495a9","hash":"10ea54f3c6c907a5a2106de68d253a0932871f9e"}
,"/Users/dannyyassine/Documents/dev/vuuri/tests/client/src/vuuri/GridStore.js": {"path":"/Users/dannyyassine/Documents/dev/vuuri/tests/client/src/vuuri/GridStore.js","statementMap":{"0":{"start":{"line":9,"column":4},"end":{"line":9,"column":28}},"1":{"start":{"line":14,"column":4},"end":{"line":14,"column":32}},"2":{"start":{"line":19,"column":4},"end":{"line":19,"column":34}},"3":{"start":{"line":24,"column":4},"end":{"line":24,"column":30}},"4":{"start":{"line":32,"column":4},"end":{"line":32,"column":39}},"5":{"start":{"line":39,"column":4},"end":{"line":39,"column":35}},"6":{"start":{"line":46,"column":4},"end":{"line":46,"column":31}},"7":{"start":{"line":53,"column":4},"end":{"line":53,"column":34}},"8":{"start":{"line":60,"column":4},"end":{"line":60,"column":30}},"9":{"start":{"line":68,"column":26},"end":{"line":68,"column":36}},"10":{"start":{"line":69,"column":4},"end":{"line":71,"column":5}},"11":{"start":{"line":70,"column":6},"end":{"line":70,"column":44}},"12":{"start":{"line":72,"column":4},"end":{"line":72,"column":46}},"13":{"start":{"line":80,"column":4},"end":{"line":80,"column":61}},"14":{"start":{"line":80,"column":32},"end":{"line":80,"column":59}},"15":{"start":{"line":88,"column":17},"end":{"line":88,"column":19}},"16":{"start":{"line":89,"column":4},"end":{"line":89,"column":84}},"17":{"start":{"line":89,"column":30},"end":{"line":89,"column":82}},"18":{"start":{"line":90,"column":4},"end":{"line":90,"column":18}}},"fnMap":{"0":{"name":"(anonymous_0)","decl":{"start":{"line":5,"column":2},"end":{"line":5,"column":3}},"loc":{"start":{"line":5,"column":16},"end":{"line":25,"column":3}},"line":5},"1":{"name":"(anonymous_1)","decl":{"start":{"line":31,"column":2},"end":{"line":31,"column":3}},"loc":{"start":{"line":31,"column":35},"end":{"line":33,"column":3}},"line":31},"2":{"name":"(anonymous_2)","decl":{"start":{"line":38,"column":2},"end":{"line":38,"column":3}},"loc":{"start":{"line":38,"column":29},"end":{"line":40,"column":3}},"line":38},"3":{"name":"(anonymous_3)","decl":{"start":{"line":45,"column":2},"end":{"line":45,"column":3}},"loc":{"start":{"line":45,"column":25},"end":{"line":47,"column":3}},"line":45},"4":{"name":"(anonymous_4)","decl":{"start":{"line":52,"column":2},"end":{"line":52,"column":3}},"loc":{"start":{"line":52,"column":24},"end":{"line":54,"column":3}},"line":52},"5":{"name":"(anonymous_5)","decl":{"start":{"line":59,"column":2},"end":{"line":59,"column":3}},"loc":{"start":{"line":59,"column":20},"end":{"line":61,"column":3}},"line":59},"6":{"name":"(anonymous_6)","decl":{"start":{"line":67,"column":2},"end":{"line":67,"column":3}},"loc":{"start":{"line":67,"column":25},"end":{"line":73,"column":3}},"line":67},"7":{"name":"(anonymous_7)","decl":{"start":{"line":79,"column":2},"end":{"line":79,"column":3}},"loc":{"start":{"line":79,"column":34},"end":{"line":81,"column":3}},"line":79},"8":{"name":"(anonymous_8)","decl":{"start":{"line":80,"column":21},"end":{"line":80,"column":22}},"loc":{"start":{"line":80,"column":32},"end":{"line":80,"column":59}},"line":80},"9":{"name":"(anonymous_9)","decl":{"start":{"line":87,"column":2},"end":{"line":87,"column":3}},"loc":{"start":{"line":87,"column":18},"end":{"line":91,"column":3}},"line":87},"10":{"name":"(anonymous_10)","decl":{"start":{"line":89,"column":18},"end":{"line":89,"column":19}},"loc":{"start":{"line":89,"column":30},"end":{"line":89,"column":82}},"line":89}},"branchMap":{"0":{"loc":{"start":{"line":69,"column":4},"end":{"line":71,"column":5}},"type":"if","locations":[{"start":{"line":69,"column":4},"end":{"line":71,"column":5}},{"start":{"line":69,"column":4},"end":{"line":71,"column":5}}],"line":69}},"s":{"0":15,"1":15,"2":15,"3":15,"4":68,"5":18,"6":12,"7":3,"8":3,"9":15,"10":15,"11":10,"12":15,"13":10,"14":10,"15":3,"16":3,"17":3,"18":3},"f":{"0":15,"1":68,"2":18,"3":12,"4":3,"5":3,"6":15,"7":10,"8":10,"9":3,"10":3},"b":{"0":[10,5]},"_coverageSchema":"1a1c01bbd47fc00a2c39e90264f33305004495a9","hash":"82e2d7127a66155a015b702069d24d33051d739e"}
,"/Users/dannyyassine/Documents/dev/vuuri/tests/client/src/vuuri/Vuuri.vue": {"path":"/Users/dannyyassine/Documents/dev/vuuri/tests/client/src/vuuri/Vuuri.vue","statementMap":{"0":{"start":{"line":38,"column":0},"end":{"line":38,"column":null}},"1":{"start":{"line":47,"column":0},"end":{"line":47,"column":null}},"2":{"start":{"line":62,"column":0},"end":{"line":62,"column":null}},"3":{"start":{"line":70,"column":0},"end":{"line":70,"column":null}},"4":{"start":{"line":78,"column":0},"end":{"line":78,"column":null}},"5":{"start":{"line":112,"column":0},"end":{"line":127,"column":null}},"6":{"start":{"line":131,"column":0},"end":{"line":133,"column":null}},"7":{"start":{"line":132,"column":0},"end":{"line":132,"column":null}},"8":{"start":{"line":138,"column":0},"end":{"line":138,"column":null}},"9":{"start":{"line":146,"column":0},"end":{"line":150,"column":null}},"10":{"start":{"line":147,"column":0},"end":{"line":149,"column":null}},"11":{"start":{"line":149,"column":0},"end":{"line":149,"column":null}},"12":{"start":{"line":157,"column":0},"end":{"line":157,"column":null}},"13":{"start":{"line":158,"column":0},"end":{"line":160,"column":null}},"14":{"start":{"line":159,"column":0},"end":{"line":159,"column":null}},"15":{"start":{"line":161,"column":0},"end":{"line":163,"column":null}},"16":{"start":{"line":162,"column":0},"end":{"line":162,"column":null}},"17":{"start":{"line":164,"column":0},"end":{"line":166,"column":null}},"18":{"start":{"line":165,"column":0},"end":{"line":165,"column":null}},"19":{"start":{"line":167,"column":0},"end":{"line":167,"column":null}},"20":{"start":{"line":168,"column":0},"end":{"line":168,"column":null}},"21":{"start":{"line":169,"column":0},"end":{"line":171,"column":null}},"22":{"start":{"line":170,"column":0},"end":{"line":170,"column":null}},"23":{"start":{"line":180,"column":0},"end":{"line":180,"column":null}},"24":{"start":{"line":184,"column":0},"end":{"line":184,"column":null}},"25":{"start":{"line":188,"column":0},"end":{"line":188,"column":null}},"26":{"start":{"line":195,"column":0},"end":{"line":197,"column":null}},"27":{"start":{"line":196,"column":0},"end":{"line":196,"column":null}},"28":{"start":{"line":198,"column":0},"end":{"line":209,"column":null}},"29":{"start":{"line":199,"column":0},"end":{"line":199,"column":null}},"30":{"start":{"line":200,"column":0},"end":{"line":202,"column":null}},"31":{"start":{"line":201,"column":0},"end":{"line":201,"column":null}},"32":{"start":{"line":203,"column":0},"end":{"line":205,"column":null}},"33":{"start":{"line":204,"column":0},"end":{"line":204,"column":null}},"34":{"start":{"line":206,"column":0},"end":{"line":208,"column":null}},"35":{"start":{"line":207,"column":0},"end":{"line":207,"column":null}},"36":{"start":{"line":210,"column":0},"end":{"line":210,"column":null}},"37":{"start":{"line":216,"column":0},"end":{"line":236,"column":null}},"38":{"start":{"line":228,"column":0},"end":{"line":228,"column":null}},"39":{"start":{"line":243,"column":0},"end":{"line":264,"column":null}},"40":{"start":{"line":244,"column":0},"end":{"line":246,"column":null}},"41":{"start":{"line":245,"column":0},"end":{"line":245,"column":null}},"42":{"start":{"line":247,"column":0},"end":{"line":247,"column":null}},"43":{"start":{"line":249,"column":0},"end":{"line":251,"column":null}},"44":{"start":{"line":250,"column":0},"end":{"line":250,"column":null}},"45":{"start":{"line":252,"column":0},"end":{"line":254,"column":null}},"46":{"start":{"line":253,"column":0},"end":{"line":253,"column":null}},"47":{"start":{"line":255,"column":0},"end":{"line":257,"column":null}},"48":{"start":{"line":256,"column":0},"end":{"line":256,"column":null}},"49":{"start":{"line":258,"column":0},"end":{"line":260,"column":null}},"50":{"start":{"line":259,"column":0},"end":{"line":259,"column":null}},"51":{"start":{"line":261,"column":0},"end":{"line":263,"column":null}},"52":{"start":{"line":262,"column":0},"end":{"line":262,"column":null}},"53":{"start":{"line":271,"column":0},"end":{"line":274,"column":null}},"54":{"start":{"line":272,"column":0},"end":{"line":272,"column":null}},"55":{"start":{"line":273,"column":0},"end":{"line":273,"column":null}},"56":{"start":{"line":282,"column":0},"end":{"line":282,"column":null}},"57":{"start":{"line":290,"column":0},"end":{"line":290,"column":null}},"58":{"start":{"line":291,"column":0},"end":{"line":291,"column":null}},"59":{"start":{"line":299,"column":0},"end":{"line":299,"column":null}},"60":{"start":{"line":300,"column":0},"end":{"line":300,"column":null}},"61":{"start":{"line":301,"column":0},"end":{"line":301,"column":null}},"62":{"start":{"line":302,"column":0},"end":{"line":302,"column":null}},"63":{"start":{"line":309,"column":0},"end":{"line":309,"column":null}},"64":{"start":{"line":310,"column":0},"end":{"line":310,"column":null}},"65":{"start":{"line":311,"column":0},"end":{"line":311,"column":null}},"66":{"start":{"line":312,"column":0},"end":{"line":312,"column":null}},"67":{"start":{"line":318,"column":0},"end":{"line":318,"column":null}},"68":{"start":{"line":319,"column":0},"end":{"line":319,"column":null}},"69":{"start":{"line":327,"column":0},"end":{"line":327,"column":null}},"70":{"start":{"line":329,"column":0},"end":{"line":329,"column":null}},"71":{"start":{"line":330,"column":0},"end":{"line":334,"column":null}},"72":{"start":{"line":331,"column":0},"end":{"line":331,"column":null}},"73":{"start":{"line":332,"column":0},"end":{"line":332,"column":null}},"74":{"start":{"line":333,"column":0},"end":{"line":333,"column":null}},"75":{"start":{"line":336,"column":0},"end":{"line":340,"column":null}},"76":{"start":{"line":337,"column":0},"end":{"line":337,"column":null}},"77":{"start":{"line":339,"column":0},"end":{"line":339,"column":null}},"78":{"start":{"line":347,"column":0},"end":{"line":350,"column":null}},"79":{"start":{"line":360,"column":0},"end":{"line":360,"column":null}},"80":{"start":{"line":367,"column":0},"end":{"line":369,"column":null}},"81":{"start":{"line":368,"column":0},"end":{"line":368,"column":null}},"82":{"start":{"line":379,"column":0},"end":{"line":381,"column":null}},"83":{"start":{"line":380,"column":0},"end":{"line":380,"column":null}},"84":{"start":{"line":390,"column":0},"end":{"line":392,"column":null}},"85":{"start":{"line":391,"column":0},"end":{"line":391,"column":null}},"86":{"start":{"line":394,"column":0},"end":{"line":399,"column":null}},"87":{"start":{"line":396,"column":0},"end":{"line":396,"column":null}},"88":{"start":{"line":397,"column":0},"end":{"line":397,"column":null}},"89":{"start":{"line":398,"column":0},"end":{"line":398,"column":null}},"90":{"start":{"line":409,"column":0},"end":{"line":409,"column":null}},"91":{"start":{"line":410,"column":0},"end":{"line":412,"column":null}},"92":{"start":{"line":411,"column":0},"end":{"line":411,"column":null}},"93":{"start":{"line":414,"column":0},"end":{"line":414,"column":null}},"94":{"start":{"line":415,"column":0},"end":{"line":426,"column":null}},"95":{"start":{"line":416,"column":0},"end":{"line":421,"column":null}},"96":{"start":{"line":417,"column":0},"end":{"line":420,"column":null}},"97":{"start":{"line":423,"column":0},"end":{"line":425,"column":null}},"98":{"start":{"line":424,"column":0},"end":{"line":424,"column":null}},"99":{"start":{"line":428,"column":0},"end":{"line":430,"column":null}},"100":{"start":{"line":429,"column":0},"end":{"line":429,"column":null}},"101":{"start":{"line":432,"column":0},"end":{"line":445,"column":null}},"102":{"start":{"line":433,"column":0},"end":{"line":444,"column":null}},"103":{"start":{"line":435,"column":0},"end":{"line":435,"column":null}},"104":{"start":{"line":437,"column":0},"end":{"line":440,"column":null}},"105":{"start":{"line":438,"column":0},"end":{"line":438,"column":null}},"106":{"start":{"line":439,"column":0},"end":{"line":439,"column":null}},"107":{"start":{"line":442,"column":0},"end":{"line":442,"column":null}},"108":{"start":{"line":454,"column":0},"end":{"line":454,"column":null}},"109":{"start":{"line":455,"column":0},"end":{"line":455,"column":null}},"110":{"start":{"line":456,"column":0},"end":{"line":458,"column":null}},"111":{"start":{"line":457,"column":0},"end":{"line":457,"column":null}},"112":{"start":{"line":460,"column":0},"end":{"line":462,"column":null}},"113":{"start":{"line":461,"column":0},"end":{"line":461,"column":null}},"114":{"start":{"line":465,"column":0},"end":{"line":465,"column":null}},"115":{"start":{"line":467,"column":0},"end":{"line":476,"column":null}},"116":{"start":{"line":468,"column":0},"end":{"line":474,"column":null}},"117":{"start":{"line":469,"column":0},"end":{"line":469,"column":null}},"118":{"start":{"line":470,"column":0},"end":{"line":473,"column":null}},"119":{"start":{"line":475,"column":0},"end":{"line":475,"column":null}},"120":{"start":{"line":479,"column":0},"end":{"line":479,"column":null}},"121":{"start":{"line":480,"column":0},"end":{"line":480,"column":null}},"122":{"start":{"line":481,"column":0},"end":{"line":484,"column":null}},"123":{"start":{"line":482,"column":0},"end":{"line":482,"column":null}},"124":{"start":{"line":483,"column":0},"end":{"line":483,"column":null}},"125":{"start":{"line":488,"column":0},"end":{"line":488,"column":null}},"126":{"start":{"line":489,"column":0},"end":{"line":489,"column":null}},"127":{"start":{"line":492,"column":0},"end":{"line":492,"column":null}},"128":{"start":{"line":493,"column":0},"end":{"line":493,"column":null}},"129":{"start":{"line":496,"column":0},"end":{"line":496,"column":null}},"130":{"start":{"line":497,"column":0},"end":{"line":497,"column":null}}},"fnMap":{"0":{"name":"(anonymous_0)","decl":{"start":{"line":38,"column":0},"end":{"line":38,"column":null}},"loc":{"start":{"line":38,"column":0},"end":{"line":38,"column":null}}},"1":{"name":"(anonymous_1)","decl":{"start":{"line":47,"column":0},"end":{"line":47,"column":null}},"loc":{"start":{"line":47,"column":0},"end":{"line":47,"column":null}}},"2":{"name":"(anonymous_2)","decl":{"start":{"line":62,"column":0},"end":{"line":62,"column":null}},"loc":{"start":{"line":62,"column":0},"end":{"line":62,"column":null}}},"3":{"name":"(anonymous_3)","decl":{"start":{"line":70,"column":0},"end":{"line":70,"column":null}},"loc":{"start":{"line":70,"column":0},"end":{"line":70,"column":null}}},"4":{"name":"(anonymous_4)","decl":{"start":{"line":78,"column":0},"end":{"line":78,"column":null}},"loc":{"start":{"line":78,"column":0},"end":{"line":78,"column":null}}},"5":{"name":"(anonymous_5)","decl":{"start":{"line":111,"column":0},"end":{"line":111,"column":null}},"loc":{"start":{"line":111,"column":0},"end":{"line":128,"column":null}}},"6":{"name":"(anonymous_6)","decl":{"start":{"line":130,"column":0},"end":{"line":130,"column":null}},"loc":{"start":{"line":130,"column":0},"end":{"line":134,"column":null}}},"7":{"name":"(anonymous_7)","decl":{"start":{"line":137,"column":0},"end":{"line":137,"column":null}},"loc":{"start":{"line":137,"column":0},"end":{"line":139,"column":null}}},"8":{"name":"(anonymous_8)","decl":{"start":{"line":145,"column":0},"end":{"line":145,"column":null}},"loc":{"start":{"line":145,"column":0},"end":{"line":151,"column":null}}},"9":{"name":"(anonymous_9)","decl":{"start":{"line":146,"column":0},"end":{"line":146,"column":null}},"loc":{"start":{"line":146,"column":0},"end":{"line":150,"column":null}}},"10":{"name":"(anonymous_10)","decl":{"start":{"line":149,"column":0},"end":{"line":149,"column":null}},"loc":{"start":{"line":149,"column":0},"end":{"line":149,"column":null}}},"11":{"name":"(anonymous_11)","decl":{"start":{"line":156,"column":0},"end":{"line":156,"column":null}},"loc":{"start":{"line":156,"column":0},"end":{"line":172,"column":null}}},"12":{"name":"(anonymous_12)","decl":{"start":{"line":164,"column":0},"end":{"line":164,"column":null}},"loc":{"start":{"line":164,"column":0},"end":{"line":166,"column":null}}},"13":{"name":"(anonymous_13)","decl":{"start":{"line":169,"column":0},"end":{"line":169,"column":null}},"loc":{"start":{"line":169,"column":0},"end":{"line":171,"column":null}}},"14":{"name":"(anonymous_14)","decl":{"start":{"line":176,"column":0},"end":{"line":176,"column":null}},"loc":{"start":{"line":176,"column":0},"end":{"line":189,"column":null}}},"15":{"name":"(anonymous_15)","decl":{"start":{"line":194,"column":0},"end":{"line":194,"column":null}},"loc":{"start":{"line":194,"column":0},"end":{"line":211,"column":null}}},"16":{"name":"(anonymous_16)","decl":{"start":{"line":206,"column":0},"end":{"line":206,"column":null}},"loc":{"start":{"line":206,"column":0},"end":{"line":208,"column":null}}},"17":{"name":"(anonymous_17)","decl":{"start":{"line":215,"column":0},"end":{"line":215,"column":null}},"loc":{"start":{"line":215,"column":0},"end":{"line":237,"column":null}}},"18":{"name":"(anonymous_18)","decl":{"start":{"line":227,"column":0},"end":{"line":227,"column":null}},"loc":{"start":{"line":227,"column":0},"end":{"line":229,"column":null}}},"19":{"name":"(anonymous_19)","decl":{"start":{"line":242,"column":0},"end":{"line":242,"column":null}},"loc":{"start":{"line":242,"column":0},"end":{"line":265,"column":null}}},"20":{"name":"(anonymous_20)","decl":{"start":{"line":243,"column":0},"end":{"line":243,"column":null}},"loc":{"start":{"line":243,"column":0},"end":{"line":264,"column":null}}},"21":{"name":"(anonymous_21)","decl":{"start":{"line":244,"column":0},"end":{"line":244,"column":null}},"loc":{"start":{"line":244,"column":0},"end":{"line":246,"column":null}}},"22":{"name":"(anonymous_22)","decl":{"start":{"line":270,"column":0},"end":{"line":270,"column":null}},"loc":{"start":{"line":270,"column":0},"end":{"line":275,"column":null}}},"23":{"name":"(anonymous_23)","decl":{"start":{"line":271,"column":0},"end":{"line":271,"column":null}},"loc":{"start":{"line":271,"column":0},"end":{"line":274,"column":null}}},"24":{"name":"(anonymous_24)","decl":{"start":{"line":281,"column":0},"end":{"line":281,"column":null}},"loc":{"start":{"line":281,"column":0},"end":{"line":283,"column":null}}},"25":{"name":"(anonymous_25)","decl":{"start":{"line":289,"column":0},"end":{"line":289,"column":null}},"loc":{"start":{"line":289,"column":0},"end":{"line":292,"column":null}}},"26":{"name":"(anonymous_26)","decl":{"start":{"line":298,"column":0},"end":{"line":298,"column":null}},"loc":{"start":{"line":298,"column":0},"end":{"line":303,"column":null}}},"27":{"name":"(anonymous_27)","decl":{"start":{"line":299,"column":0},"end":{"line":299,"column":null}},"loc":{"start":{"line":299,"column":0},"end":{"line":299,"column":null}}},"28":{"name":"(anonymous_28)","decl":{"start":{"line":308,"column":0},"end":{"line":308,"column":null}},"loc":{"start":{"line":308,"column":0},"end":{"line":313,"column":null}}},"29":{"name":"(anonymous_29)","decl":{"start":{"line":317,"column":0},"end":{"line":317,"column":null}},"loc":{"start":{"line":317,"column":0},"end":{"line":320,"column":null}}},"30":{"name":"(anonymous_30)","decl":{"start":{"line":326,"column":0},"end":{"line":326,"column":null}},"loc":{"start":{"line":326,"column":0},"end":{"line":341,"column":null}}},"31":{"name":"(anonymous_31)","decl":{"start":{"line":330,"column":0},"end":{"line":330,"column":null}},"loc":{"start":{"line":330,"column":0},"end":{"line":334,"column":null}}},"32":{"name":"(anonymous_32)","decl":{"start":{"line":336,"column":0},"end":{"line":336,"column":null}},"loc":{"start":{"line":336,"column":0},"end":{"line":340,"column":null}}},"33":{"name":"(anonymous_33)","decl":{"start":{"line":346,"column":0},"end":{"line":346,"column":null}},"loc":{"start":{"line":346,"column":0},"end":{"line":351,"column":null}}},"34":{"name":"(anonymous_34)","decl":{"start":{"line":359,"column":0},"end":{"line":359,"column":null}},"loc":{"start":{"line":359,"column":0},"end":{"line":361,"column":null}}},"35":{"name":"(anonymous_35)","decl":{"start":{"line":366,"column":0},"end":{"line":366,"column":null}},"loc":{"start":{"line":366,"column":0},"end":{"line":370,"column":null}}},"36":{"name":"(anonymous_36)","decl":{"start":{"line":367,"column":0},"end":{"line":367,"column":null}},"loc":{"start":{"line":367,"column":0},"end":{"line":369,"column":null}}},"37":{"name":"(anonymous_37)","decl":{"start":{"line":378,"column":0},"end":{"line":378,"column":null}},"loc":{"start":{"line":378,"column":0},"end":{"line":382,"column":null}}},"38":{"name":"(anonymous_38)","decl":{"start":{"line":379,"column":0},"end":{"line":379,"column":null}},"loc":{"start":{"line":379,"column":0},"end":{"line":381,"column":null}}},"39":{"name":"(anonymous_39)","decl":{"start":{"line":389,"column":0},"end":{"line":389,"column":null}},"loc":{"start":{"line":389,"column":0},"end":{"line":400,"column":null}}},"40":{"name":"(anonymous_40)","decl":{"start":{"line":395,"column":0},"end":{"line":395,"column":null}},"loc":{"start":{"line":395,"column":0},"end":{"line":399,"column":null}}},"41":{"name":"(anonymous_41)","decl":{"start":{"line":408,"column":0},"end":{"line":408,"column":null}},"loc":{"start":{"line":408,"column":0},"end":{"line":446,"column":null}}},"42":{"name":"(anonymous_42)","decl":{"start":{"line":415,"column":0},"end":{"line":415,"column":null}},"loc":{"start":{"line":415,"column":0},"end":{"line":426,"column":null}}},"43":{"name":"(anonymous_43)","decl":{"start":{"line":416,"column":0},"end":{"line":416,"column":null}},"loc":{"start":{"line":416,"column":0},"end":{"line":421,"column":null}}},"44":{"name":"(anonymous_44)","decl":{"start":{"line":432,"column":0},"end":{"line":432,"column":null}},"loc":{"start":{"line":432,"column":0},"end":{"line":445,"column":null}}},"45":{"name":"(anonymous_45)","decl":{"start":{"line":434,"column":0},"end":{"line":434,"column":null}},"loc":{"start":{"line":434,"column":0},"end":{"line":443,"column":null}}},"46":{"name":"(anonymous_46)","decl":{"start":{"line":437,"column":0},"end":{"line":437,"column":null}},"loc":{"start":{"line":437,"column":0},"end":{"line":440,"column":null}}},"47":{"name":"(anonymous_47)","decl":{"start":{"line":438,"column":0},"end":{"line":438,"column":null}},"loc":{"start":{"line":438,"column":0},"end":{"line":438,"column":null}}},"48":{"name":"(anonymous_48)","decl":{"start":{"line":453,"column":0},"end":{"line":453,"column":null}},"loc":{"start":{"line":453,"column":0},"end":{"line":477,"column":null}}},"49":{"name":"(anonymous_49)","decl":{"start":{"line":461,"column":0},"end":{"line":461,"column":null}},"loc":{"start":{"line":461,"column":0},"end":{"line":461,"column":null}}},"50":{"name":"(anonymous_50)","decl":{"start":{"line":467,"column":0},"end":{"line":467,"column":null}},"loc":{"start":{"line":467,"column":0},"end":{"line":476,"column":null}}},"51":{"name":"(anonymous_51)","decl":{"start":{"line":468,"column":0},"end":{"line":468,"column":null}},"loc":{"start":{"line":468,"column":0},"end":{"line":474,"column":null}}},"52":{"name":"(anonymous_52)","decl":{"start":{"line":475,"column":0},"end":{"line":475,"column":null}},"loc":{"start":{"line":475,"column":0},"end":{"line":475,"column":null}}},"53":{"name":"(anonymous_53)","decl":{"start":{"line":478,"column":0},"end":{"line":478,"column":null}},"loc":{"start":{"line":478,"column":0},"end":{"line":485,"column":null}}},"54":{"name":"(anonymous_54)","decl":{"start":{"line":481,"column":0},"end":{"line":481,"column":null}},"loc":{"start":{"line":481,"column":0},"end":{"line":484,"column":null}}},"55":{"name":"(anonymous_55)","decl":{"start":{"line":487,"column":0},"end":{"line":487,"column":null}},"loc":{"start":{"line":487,"column":0},"end":{"line":490,"column":null}}},"56":{"name":"(anonymous_56)","decl":{"start":{"line":491,"column":0},"end":{"line":491,"column":null}},"loc":{"start":{"line":491,"column":0},"end":{"line":494,"column":null}}},"57":{"name":"(anonymous_57)","decl":{"start":{"line":495,"column":0},"end":{"line":495,"column":null}},"loc":{"start":{"line":495,"column":0},"end":{"line":498,"column":null}}}},"branchMap":{"0":{"loc":{"start":{"line":131,"column":0},"end":{"line":133,"column":null}},"type":"if","locations":[{"start":{"line":131,"column":0},"end":{"line":133,"column":null}},{"start":{"line":131,"column":0},"end":{"line":133,"column":null}}]},"1":{"loc":{"start":{"line":158,"column":0},"end":{"line":160,"column":null}},"type":"if","locations":[{"start":{"line":158,"column":0},"end":{"line":160,"column":null}},{"start":{"line":158,"column":0},"end":{"line":160,"column":null}}]},"2":{"loc":{"start":{"line":161,"column":0},"end":{"line":163,"column":null}},"type":"if","locations":[{"start":{"line":161,"column":0},"end":{"line":163,"column":null}},{"start":{"line":161,"column":0},"end":{"line":163,"column":null}}]},"3":{"loc":{"start":{"line":195,"column":0},"end":{"line":197,"column":null}},"type":"if","locations":[{"start":{"line":195,"column":0},"end":{"line":197,"column":null}},{"start":{"line":195,"column":0},"end":{"line":197,"column":null}}]},"4":{"loc":{"start":{"line":198,"column":0},"end":{"line":209,"column":null}},"type":"if","locations":[{"start":{"line":198,"column":0},"end":{"line":209,"column":null}},{"start":{"line":198,"column":0},"end":{"line":209,"column":null}}]},"5":{"loc":{"start":{"line":198,"column":0},"end":{"line":198,"column":null}},"type":"binary-expr","locations":[{"start":{"line":198,"column":0},"end":{"line":198,"column":null}},{"start":{"line":198,"column":0},"end":{"line":198,"column":null}}]},"6":{"loc":{"start":{"line":200,"column":0},"end":{"line":202,"column":null}},"type":"if","locations":[{"start":{"line":200,"column":0},"end":{"line":202,"column":null}},{"start":{"line":200,"column":0},"end":{"line":202,"column":null}}]},"7":{"loc":{"start":{"line":203,"column":0},"end":{"line":205,"column":null}},"type":"if","locations":[{"start":{"line":203,"column":0},"end":{"line":205,"column":null}},{"start":{"line":203,"column":0},"end":{"line":205,"column":null}}]},"8":{"loc":{"start":{"line":249,"column":0},"end":{"line":251,"column":null}},"type":"if","locations":[{"start":{"line":249,"column":0},"end":{"line":251,"column":null}},{"start":{"line":249,"column":0},"end":{"line":251,"column":null}}]},"9":{"loc":{"start":{"line":252,"column":0},"end":{"line":254,"column":null}},"type":"if","locations":[{"start":{"line":252,"column":0},"end":{"line":254,"column":null}},{"start":{"line":252,"column":0},"end":{"line":254,"column":null}}]},"10":{"loc":{"start":{"line":255,"column":0},"end":{"line":257,"column":null}},"type":"if","locations":[{"start":{"line":255,"column":0},"end":{"line":257,"column":null}},{"start":{"line":255,"column":0},"end":{"line":257,"column":null}}]},"11":{"loc":{"start":{"line":258,"column":0},"end":{"line":260,"column":null}},"type":"if","locations":[{"start":{"line":258,"column":0},"end":{"line":260,"column":null}},{"start":{"line":258,"column":0},"end":{"line":260,"column":null}}]},"12":{"loc":{"start":{"line":261,"column":0},"end":{"line":263,"column":null}},"type":"if","locations":[{"start":{"line":261,"column":0},"end":{"line":263,"column":null}},{"start":{"line":261,"column":0},"end":{"line":263,"column":null}}]},"13":{"loc":{"start":{"line":389,"column":0},"end":{"line":389,"column":null}},"type":"default-arg","locations":[{"start":{"line":389,"column":0},"end":{"line":389,"column":null}}]},"14":{"loc":{"start":{"line":390,"column":0},"end":{"line":392,"column":null}},"type":"if","locations":[{"start":{"line":390,"column":0},"end":{"line":392,"column":null}},{"start":{"line":390,"column":0},"end":{"line":392,"column":null}}]},"15":{"loc":{"start":{"line":390,"column":0},"end":{"line":390,"column":null}},"type":"binary-expr","locations":[{"start":{"line":390,"column":0},"end":{"line":390,"column":null}},{"start":{"line":390,"column":0},"end":{"line":390,"column":null}}]},"16":{"loc":{"start":{"line":410,"column":0},"end":{"line":412,"column":null}},"type":"if","locations":[{"start":{"line":410,"column":0},"end":{"line":412,"column":null}},{"start":{"line":410,"column":0},"end":{"line":412,"column":null}}]},"17":{"loc":{"start":{"line":423,"column":0},"end":{"line":425,"column":null}},"type":"if","locations":[{"start":{"line":423,"column":0},"end":{"line":425,"column":null}},{"start":{"line":423,"column":0},"end":{"line":425,"column":null}}]},"18":{"loc":{"start":{"line":428,"column":0},"end":{"line":430,"column":null}},"type":"if","locations":[{"start":{"line":428,"column":0},"end":{"line":430,"column":null}},{"start":{"line":428,"column":0},"end":{"line":430,"column":null}}]},"19":{"loc":{"start":{"line":456,"column":0},"end":{"line":458,"column":null}},"type":"if","locations":[{"start":{"line":456,"column":0},"end":{"line":458,"column":null}},{"start":{"line":456,"column":0},"end":{"line":458,"column":null}}]},"20":{"loc":{"start":{"line":460,"column":0},"end":{"line":462,"column":null}},"type":"if","locations":[{"start":{"line":460,"column":0},"end":{"line":462,"column":null}},{"start":{"line":460,"column":0},"end":{"line":462,"column":null}}]}},"s":{"0":25,"1":25,"2":22,"3":61,"4":61,"5":25,"6":18,"7":6,"8":25,"9":60,"10":60,"11":54,"12":25,"13":25,"14":5,"15":25,"16":10,"17":25,"18":48,"19":25,"20":25,"21":25,"22":25,"23":25,"24":25,"25":25,"26":25,"27":21,"28":25,"29":15,"30":15,"31":5,"32":15,"33":10,"34":15,"35":3,"36":25,"37":21,"38":9,"39":25,"40":625,"41":351,"42":625,"43":625,"44":25,"45":625,"46":25,"47":625,"48":25,"49":625,"50":25,"51":625,"52":25,"53":1,"54":25,"55":25,"56":9,"57":6,"58":6,"59":6,"60":3,"61":3,"62":3,"63":3,"64":3,"65":3,"66":3,"67":9,"68":9,"69":9,"70":9,"71":9,"72":30,"73":30,"74":30,"75":9,"76":30,"77":30,"78":61,"79":54,"80":29,"81":29,"82":93,"83":11,"84":31,"85":0,"86":31,"87":31,"88":31,"89":31,"90":31,"91":31,"92":30,"93":1,"94":1,"95":1,"96":1,"97":1,"98":1,"99":1,"100":0,"101":1,"102":1,"103":1,"104":1,"105":2,"106":1,"107":1,"108":31,"109":31,"110":31,"111":4,"112":27,"113":76,"114":27,"115":27,"116":27,"117":59,"118":59,"119":88,"120":12,"121":12,"122":12,"123":12,"124":12,"125":25,"126":25,"127":25,"128":25,"129":1,"130":1},"f":{"0":25,"1":25,"2":22,"3":61,"4":61,"5":25,"6":18,"7":25,"8":60,"9":60,"10":54,"11":25,"12":48,"13":25,"14":25,"15":25,"16":3,"17":21,"18":9,"19":25,"20":625,"21":351,"22":1,"23":25,"24":9,"25":6,"26":3,"27":3,"28":3,"29":9,"30":9,"31":30,"32":30,"33":61,"34":54,"35":29,"36":29,"37":93,"38":11,"39":31,"40":31,"41":31,"42":1,"43":1,"44":1,"45":1,"46":1,"47":1,"48":31,"49":54,"50":27,"51":59,"52":61,"53":12,"54":12,"55":25,"56":25,"57":1},"b":{"0":[6,12],"1":[5,20],"2":[10,15],"3":[21,4],"4":[15,10],"5":[25,20],"6":[5,10],"7":[10,5],"8":[25,600],"9":[25,600],"10":[25,600],"11":[25,600],"12":[25,600],"13":[0],"14":[0,31],"15":[31,31],"16":[30,1],"17":[1,0],"18":[0,1],"19":[4,27],"20":[22,5]}}
,"/Users/dannyyassine/Documents/dev/vuuri/tests/client/src/vuuri/constants.js": {"path":"/Users/dannyyassine/Documents/dev/vuuri/tests/client/src/vuuri/constants.js","statementMap":{"0":{"start":{"line":2,"column":23},"end":{"line":4,"column":1}},"1":{"start":{"line":6,"column":24},"end":{"line":9,"column":1}},"2":{"start":{"line":11,"column":30},"end":{"line":13,"column":1}}},"fnMap":{},"branchMap":{},"s":{"0":15,"1":15,"2":15},"f":{},"b":{},"_coverageSchema":"1a1c01bbd47fc00a2c39e90264f33305004495a9","hash":"f63e07836d7fe61707c5c75cadf6e77a8055d2af"}
,"/Users/dannyyassine/Documents/dev/vuuri/tests/client/src/vuuri/index.js": {"path":"/Users/dannyyassine/Documents/dev/vuuri/tests/client/src/vuuri/index.js","statementMap":{},"fnMap":{},"branchMap":{},"s":{},"f":{},"b":{},"_coverageSchema":"1a1c01bbd47fc00a2c39e90264f33305004495a9","hash":"31400b778813cd3847f97af5dd6c5ee3cf6acca5"}
}
