{"total": {"lines":{"total":159,"covered":152,"skipped":0,"pct":95.6},"statements":{"total":162,"covered":154,"skipped":0,"pct":95.06},"functions":{"total":72,"covered":69,"skipped":0,"pct":95.83},"branches":{"total":47,"covered":41,"skipped":0,"pct":87.23}}
,"/Users/dannyyassine/Documents/dev/vuuri/tests/client/src/vuuri/Env.js": {"lines":{"total":1,"covered":0,"skipped":0,"pct":0},"functions":{"total":1,"covered":0,"skipped":0,"pct":0},"statements":{"total":1,"covered":0,"skipped":0,"pct":0},"branches":{"total":0,"covered":0,"skipped":0,"pct":100}}
,"/Users/dannyyassine/Documents/dev/vuuri/tests/client/src/vuuri/GridEvent.js": {"lines":{"total":1,"covered":1,"skipped":0,"pct":100},"functions":{"total":0,"covered":0,"skipped":0,"pct":100},"statements":{"total":1,"covered":1,"skipped":0,"pct":100},"branches":{"total":0,"covered":0,"skipped":0,"pct":100}}
,"/Users/dannyyassine/Documents/dev/vuuri/tests/client/src/vuuri/GridStore.js": {"lines":{"total":22,"covered":18,"skipped":0,"pct":81.82},"functions":{"total":13,"covered":11,"skipped":0,"pct":84.62},"statements":{"total":25,"covered":20,"skipped":0,"pct":80},"branches":{"total":4,"covered":3,"skipped":0,"pct":75}}
,"/Users/dannyyassine/Documents/dev/vuuri/tests/client/src/vuuri/Vuuri.vue": {"lines":{"total":132,"covered":130,"skipped":0,"pct":98.48},"functions":{"total":58,"covered":58,"skipped":0,"pct":100},"statements":{"total":132,"covered":130,"skipped":0,"pct":98.48},"branches":{"total":43,"covered":38,"skipped":0,"pct":88.37}}
,"/Users/dannyyassine/Documents/dev/vuuri/tests/client/src/vuuri/constants.js": {"lines":{"total":3,"covered":3,"skipped":0,"pct":100},"functions":{"total":0,"covered":0,"skipped":0,"pct":100},"statements":{"total":3,"covered":3,"skipped":0,"pct":100},"branches":{"total":0,"covered":0,"skipped":0,"pct":100}}
,"/Users/dannyyassine/Documents/dev/vuuri/tests/client/src/vuuri/index.js": {"lines":{"total":0,"covered":0,"skipped":0,"pct":0},"functions":{"total":0,"covered":0,"skipped":0,"pct":0},"statements":{"total":0,"covered":0,"skipped":0,"pct":0},"branches":{"total":0,"covered":0,"skipped":0,"pct":0}}
}
