{"total": {"lines":{"total":152,"covered":150,"skipped":0,"pct":98.68},"statements":{"total":154,"covered":152,"skipped":0,"pct":98.7},"functions":{"total":69,"covered":69,"skipped":0,"pct":100},"branches":{"total":43,"covered":39,"skipped":0,"pct":90.7}}
,"/Users/dannyyassine/Documents/dev/vuuri/tests/client/src/vuuri/GridEvent.js": {"lines":{"total":1,"covered":1,"skipped":0,"pct":100},"functions":{"total":0,"covered":0,"skipped":0,"pct":100},"statements":{"total":1,"covered":1,"skipped":0,"pct":100},"branches":{"total":0,"covered":0,"skipped":0,"pct":100}}
,"/Users/dannyyassine/Documents/dev/vuuri/tests/client/src/vuuri/GridStore.js": {"lines":{"total":17,"covered":17,"skipped":0,"pct":100},"functions":{"total":11,"covered":11,"skipped":0,"pct":100},"statements":{"total":19,"covered":19,"skipped":0,"pct":100},"branches":{"total":2,"covered":2,"skipped":0,"pct":100}}
,"/Users/dannyyassine/Documents/dev/vuuri/tests/client/src/vuuri/Vuuri.vue": {"lines":{"total":131,"covered":129,"skipped":0,"pct":98.47},"functions":{"total":58,"covered":58,"skipped":0,"pct":100},"statements":{"total":131,"covered":129,"skipped":0,"pct":98.47},"branches":{"total":41,"covered":37,"skipped":0,"pct":90.24}}
,"/Users/dannyyassine/Documents/dev/vuuri/tests/client/src/vuuri/constants.js": {"lines":{"total":3,"covered":3,"skipped":0,"pct":100},"functions":{"total":0,"covered":0,"skipped":0,"pct":100},"statements":{"total":3,"covered":3,"skipped":0,"pct":100},"branches":{"total":0,"covered":0,"skipped":0,"pct":100}}
,"/Users/dannyyassine/Documents/dev/vuuri/tests/client/src/vuuri/index.js": {"lines":{"total":0,"covered":0,"skipped":0,"pct":0},"functions":{"total":0,"covered":0,"skipped":0,"pct":0},"statements":{"total":0,"covered":0,"skipped":0,"pct":0},"branches":{"total":0,"covered":0,"skipped":0,"pct":0}}
}
