TN:
SF:tests/client/src/vuuri/Env.js
FN:2,(anonymous_0)
FNF:1
FNH:0
FNDA:0,(anonymous_0)
DA:3,0
LF:1
LH:0
BRF:0
BRH:0
end_of_record
TN:
SF:tests/client/src/vuuri/GridEvent.js
FNF:0
FNH:0
DA:2,12
LF:1
LH:1
BRF:0
BRH:0
end_of_record
TN:
SF:tests/client/src/vuuri/GridStore.js
FN:5,(anonymous_0)
FN:31,(anonymous_1)
FN:40,(anonymous_2)
FN:42,(anonymous_3)
FN:48,(anonymous_4)
FN:55,(anonymous_5)
FN:62,(anonymous_6)
FN:69,(anonymous_7)
FN:77,(anonymous_8)
FN:89,(anonymous_9)
FN:90,(anonymous_10)
FN:97,(anonymous_11)
FN:100,(anonymous_12)
FNF:13
FNH:11
FNDA:12,(anonymous_0)
FNDA:49,(anonymous_1)
FNDA:0,(anonymous_2)
FNDA:0,(anonymous_3)
FNDA:4,(anonymous_4)
FNDA:3,(anonymous_5)
FNDA:1,(anonymous_6)
FNDA:1,(anonymous_7)
FNDA:3,(anonymous_8)
FNDA:2,(anonymous_9)
FNDA:2,(anonymous_10)
FNDA:1,(anonymous_11)
FNDA:1,(anonymous_12)
DA:9,12
DA:14,12
DA:19,12
DA:24,12
DA:32,49
DA:41,0
DA:42,0
DA:49,4
DA:56,3
DA:63,1
DA:70,1
DA:78,3
DA:79,3
DA:80,2
DA:82,3
DA:90,2
DA:98,1
DA:99,1
DA:100,1
DA:101,1
DA:104,0
DA:105,0
LF:22
LH:18
BRDA:79,0,0,2
BRDA:79,0,1,1
BRDA:98,1,0,1
BRDA:98,1,1,0
BRF:4
BRH:3
end_of_record
TN:
SF:tests/client/src/vuuri/Vuuri.vue
FN:39,(anonymous_0)
FN:48,(anonymous_1)
FN:63,(anonymous_2)
FN:71,(anonymous_3)
FN:79,(anonymous_4)
FN:112,(anonymous_5)
FN:131,(anonymous_6)
FN:138,(anonymous_7)
FN:146,(anonymous_8)
FN:147,(anonymous_9)
FN:150,(anonymous_10)
FN:157,(anonymous_11)
FN:166,(anonymous_12)
FN:172,(anonymous_13)
FN:179,(anonymous_14)
FN:197,(anonymous_15)
FN:209,(anonymous_16)
FN:218,(anonymous_17)
FN:230,(anonymous_18)
FN:245,(anonymous_19)
FN:246,(anonymous_20)
FN:247,(anonymous_21)
FN:273,(anonymous_22)
FN:274,(anonymous_23)
FN:284,(anonymous_24)
FN:292,(anonymous_25)
FN:301,(anonymous_26)
FN:302,(anonymous_27)
FN:311,(anonymous_28)
FN:320,(anonymous_29)
FN:329,(anonymous_30)
FN:333,(anonymous_31)
FN:339,(anonymous_32)
FN:348,(anonymous_33)
FN:361,(anonymous_34)
FN:368,(anonymous_35)
FN:369,(anonymous_36)
FN:380,(anonymous_37)
FN:381,(anonymous_38)
FN:391,(anonymous_39)
FN:397,(anonymous_40)
FN:410,(anonymous_41)
FN:417,(anonymous_42)
FN:418,(anonymous_43)
FN:434,(anonymous_44)
FN:436,(anonymous_45)
FN:439,(anonymous_46)
FN:440,(anonymous_47)
FN:455,(anonymous_48)
FN:463,(anonymous_49)
FN:469,(anonymous_50)
FN:470,(anonymous_51)
FN:477,(anonymous_52)
FN:480,(anonymous_53)
FN:483,(anonymous_54)
FN:489,(anonymous_55)
FN:493,(anonymous_56)
FN:497,(anonymous_57)
FNF:58
FNH:58
FNDA:14,(anonymous_0)
FNDA:14,(anonymous_1)
FNDA:5,(anonymous_2)
FNDA:49,(anonymous_3)
FNDA:49,(anonymous_4)
FNDA:14,(anonymous_5)
FNDA:21,(anonymous_6)
FNDA:14,(anonymous_7)
FNDA:57,(anonymous_8)
FNDA:57,(anonymous_9)
FNDA:36,(anonymous_10)
FNDA:14,(anonymous_11)
FNDA:30,(anonymous_12)
FNDA:14,(anonymous_13)
FNDA:14,(anonymous_14)
FNDA:14,(anonymous_15)
FNDA:1,(anonymous_16)
FNDA:4,(anonymous_17)
FNDA:2,(anonymous_18)
FNDA:14,(anonymous_19)
FNDA:350,(anonymous_20)
FNDA:209,(anonymous_21)
FNDA:1,(anonymous_22)
FNDA:25,(anonymous_23)
FNDA:2,(anonymous_24)
FNDA:1,(anonymous_25)
FNDA:1,(anonymous_26)
FNDA:3,(anonymous_27)
FNDA:1,(anonymous_28)
FNDA:2,(anonymous_29)
FNDA:2,(anonymous_30)
FNDA:24,(anonymous_31)
FNDA:24,(anonymous_32)
FNDA:49,(anonymous_33)
FNDA:28,(anonymous_34)
FNDA:25,(anonymous_35)
FNDA:25,(anonymous_36)
FNDA:96,(anonymous_37)
FNDA:33,(anonymous_38)
FNDA:32,(anonymous_39)
FNDA:32,(anonymous_40)
FNDA:32,(anonymous_41)
FNDA:3,(anonymous_42)
FNDA:3,(anonymous_43)
FNDA:3,(anonymous_44)
FNDA:3,(anonymous_45)
FNDA:3,(anonymous_46)
FNDA:3,(anonymous_47)
FNDA:32,(anonymous_48)
FNDA:28,(anonymous_49)
FNDA:20,(anonymous_50)
FNDA:43,(anonymous_51)
FNDA:49,(anonymous_52)
FNDA:3,(anonymous_53)
FNDA:3,(anonymous_54)
FNDA:14,(anonymous_55)
FNDA:14,(anonymous_56)
FNDA:1,(anonymous_57)
DA:39,14
DA:48,14
DA:63,5
DA:71,49
DA:79,49
DA:113,14
DA:132,21
DA:133,18
DA:139,14
DA:147,57
DA:148,57
DA:150,36
DA:158,14
DA:159,14
DA:160,1
DA:162,14
DA:163,2
DA:165,14
DA:166,14
DA:167,30
DA:169,14
DA:171,14
DA:172,14
DA:173,14
DA:183,14
DA:187,14
DA:191,14
DA:198,14
DA:199,4
DA:201,14
DA:202,3
DA:203,3
DA:204,1
DA:206,3
DA:207,2
DA:209,3
DA:210,1
DA:213,14
DA:219,4
DA:231,2
DA:246,14
DA:247,350
DA:248,209
DA:250,350
DA:252,350
DA:253,14
DA:255,350
DA:256,14
DA:258,350
DA:259,14
DA:261,350
DA:262,14
DA:264,350
DA:265,14
DA:274,1
DA:275,25
DA:276,25
DA:285,2
DA:293,1
DA:294,1
DA:302,4
DA:303,1
DA:304,1
DA:305,1
DA:312,1
DA:313,1
DA:314,1
DA:315,1
DA:321,2
DA:322,2
DA:330,2
DA:332,2
DA:333,2
DA:334,24
DA:335,24
DA:336,24
DA:339,2
DA:340,24
DA:341,24
DA:349,49
DA:362,28
DA:369,25
DA:370,25
DA:381,96
DA:382,33
DA:392,32
DA:393,0
DA:396,32
DA:398,32
DA:399,32
DA:400,32
DA:411,32
DA:412,32
DA:413,29
DA:416,3
DA:417,3
DA:418,3
DA:419,3
DA:425,3
DA:426,3
DA:430,3
DA:431,0
DA:434,3
DA:435,3
DA:437,3
DA:439,3
DA:440,6
DA:441,3
DA:444,3
DA:456,32
DA:457,32
DA:458,32
DA:459,12
DA:462,20
DA:463,33
DA:467,20
DA:469,20
DA:470,20
DA:471,43
DA:472,43
DA:477,69
DA:481,3
DA:482,3
DA:483,3
DA:484,3
DA:485,3
DA:490,14
DA:491,14
DA:494,14
DA:495,14
DA:498,1
DA:499,1
LF:132
LH:130
BRDA:132,0,0,18
BRDA:132,0,1,3
BRDA:159,1,0,1
BRDA:159,1,1,13
BRDA:162,2,0,2
BRDA:162,2,1,12
BRDA:165,3,0,14
BRDA:165,3,1,0
BRDA:198,4,0,4
BRDA:198,4,1,10
BRDA:201,5,0,3
BRDA:201,5,1,11
BRDA:201,6,0,14
BRDA:201,6,1,13
BRDA:203,7,0,1
BRDA:203,7,1,2
BRDA:206,8,0,2
BRDA:206,8,1,1
BRDA:252,9,0,14
BRDA:252,9,1,336
BRDA:255,10,0,14
BRDA:255,10,1,336
BRDA:258,11,0,14
BRDA:258,11,1,336
BRDA:261,12,0,14
BRDA:261,12,1,336
BRDA:264,13,0,14
BRDA:264,13,1,336
BRDA:391,14,0,0
BRDA:392,15,0,0
BRDA:392,15,1,32
BRDA:392,16,0,32
BRDA:392,16,1,32
BRDA:412,17,0,29
BRDA:412,17,1,3
BRDA:425,18,0,3
BRDA:425,18,1,0
BRDA:430,19,0,0
BRDA:430,19,1,3
BRDA:458,20,0,12
BRDA:458,20,1,20
BRDA:462,21,0,5
BRDA:462,21,1,15
BRF:43
BRH:38
end_of_record
TN:
SF:tests/client/src/vuuri/constants.js
FNF:0
FNH:0
DA:2,12
DA:6,12
DA:11,12
LF:3
LH:3
BRF:0
BRH:0
end_of_record
TN:
SF:tests/client/src/vuuri/index.js
FNF:0
FNH:0
LF:0
LH:0
BRF:0
BRH:0
end_of_record
