TN:
SF:tests/client/src/vuuri/Env.js
FN:2,(anonymous_0)
FNF:1
FNH:0
FNDA:0,(anonymous_0)
DA:3,0
LF:1
LH:0
BRF:0
BRH:0
end_of_record
TN:
SF:tests/client/src/vuuri/GridEvent.js
FNF:0
FNH:0
DA:2,15
LF:1
LH:1
BRF:0
BRH:0
end_of_record
TN:
SF:tests/client/src/vuuri/GridStore.js
FN:5,(anonymous_0)
FN:31,(anonymous_1)
FN:40,(anonymous_2)
FN:42,(anonymous_3)
FN:48,(anonymous_4)
FN:55,(anonymous_5)
FN:62,(anonymous_6)
FN:69,(anonymous_7)
FN:77,(anonymous_8)
FN:89,(anonymous_9)
FN:90,(anonymous_10)
FN:97,(anonymous_11)
FN:100,(anonymous_12)
FNF:13
FNH:11
FNDA:15,(anonymous_0)
FNDA:62,(anonymous_1)
FNDA:0,(anonymous_2)
FNDA:0,(anonymous_3)
FNDA:8,(anonymous_4)
FNDA:6,(anonymous_5)
FNDA:2,(anonymous_6)
FNDA:2,(anonymous_7)
FNDA:6,(anonymous_8)
FNDA:4,(anonymous_9)
FNDA:4,(anonymous_10)
FNDA:2,(anonymous_11)
FNDA:2,(anonymous_12)
DA:9,15
DA:14,15
DA:19,15
DA:24,15
DA:32,62
DA:41,0
DA:42,0
DA:49,8
DA:56,6
DA:63,2
DA:70,2
DA:78,6
DA:79,6
DA:80,4
DA:82,6
DA:90,4
DA:98,2
DA:99,2
DA:100,2
DA:101,2
DA:104,0
DA:105,0
LF:22
LH:18
BRDA:79,0,0,4
BRDA:79,0,1,2
BRDA:98,1,0,2
BRDA:98,1,1,0
BRF:4
BRH:3
end_of_record
TN:
SF:tests/client/src/vuuri/Vuuri.vue
FN:39,(anonymous_0)
FN:48,(anonymous_1)
FN:63,(anonymous_2)
FN:71,(anonymous_3)
FN:79,(anonymous_4)
FN:112,(anonymous_5)
FN:131,(anonymous_6)
FN:138,(anonymous_7)
FN:146,(anonymous_8)
FN:147,(anonymous_9)
FN:150,(anonymous_10)
FN:157,(anonymous_11)
FN:166,(anonymous_12)
FN:172,(anonymous_13)
FN:179,(anonymous_14)
FN:197,(anonymous_15)
FN:209,(anonymous_16)
FN:218,(anonymous_17)
FN:230,(anonymous_18)
FN:245,(anonymous_19)
FN:246,(anonymous_20)
FN:247,(anonymous_21)
FN:273,(anonymous_22)
FN:274,(anonymous_23)
FN:284,(anonymous_24)
FN:292,(anonymous_25)
FN:301,(anonymous_26)
FN:302,(anonymous_27)
FN:311,(anonymous_28)
FN:320,(anonymous_29)
FN:329,(anonymous_30)
FN:333,(anonymous_31)
FN:339,(anonymous_32)
FN:348,(anonymous_33)
FN:361,(anonymous_34)
FN:368,(anonymous_35)
FN:369,(anonymous_36)
FN:380,(anonymous_37)
FN:381,(anonymous_38)
FN:391,(anonymous_39)
FN:397,(anonymous_40)
FN:410,(anonymous_41)
FN:417,(anonymous_42)
FN:418,(anonymous_43)
FN:434,(anonymous_44)
FN:436,(anonymous_45)
FN:439,(anonymous_46)
FN:440,(anonymous_47)
FN:455,(anonymous_48)
FN:463,(anonymous_49)
FN:469,(anonymous_50)
FN:470,(anonymous_51)
FN:477,(anonymous_52)
FN:480,(anonymous_53)
FN:483,(anonymous_54)
FN:489,(anonymous_55)
FN:493,(anonymous_56)
FN:497,(anonymous_57)
FNF:58
FNH:58
FNDA:19,(anonymous_0)
FNDA:19,(anonymous_1)
FNDA:10,(anonymous_2)
FNDA:77,(anonymous_3)
FNDA:77,(anonymous_4)
FNDA:19,(anonymous_5)
FNDA:24,(anonymous_6)
FNDA:19,(anonymous_7)
FNDA:69,(anonymous_8)
FNDA:69,(anonymous_9)
FNDA:47,(anonymous_10)
FNDA:19,(anonymous_11)
FNDA:40,(anonymous_12)
FNDA:19,(anonymous_13)
FNDA:19,(anonymous_14)
FNDA:19,(anonymous_15)
FNDA:2,(anonymous_16)
FNDA:8,(anonymous_17)
FNDA:4,(anonymous_18)
FNDA:19,(anonymous_19)
FNDA:475,(anonymous_20)
FNDA:295,(anonymous_21)
FNDA:2,(anonymous_22)
FNDA:50,(anonymous_23)
FNDA:4,(anonymous_24)
FNDA:2,(anonymous_25)
FNDA:2,(anonymous_26)
FNDA:6,(anonymous_27)
FNDA:2,(anonymous_28)
FNDA:4,(anonymous_29)
FNDA:4,(anonymous_30)
FNDA:48,(anonymous_31)
FNDA:48,(anonymous_32)
FNDA:77,(anonymous_33)
FNDA:56,(anonymous_34)
FNDA:32,(anonymous_35)
FNDA:32,(anonymous_36)
FNDA:111,(anonymous_37)
FNDA:33,(anonymous_38)
FNDA:37,(anonymous_39)
FNDA:37,(anonymous_40)
FNDA:37,(anonymous_41)
FNDA:3,(anonymous_42)
FNDA:3,(anonymous_43)
FNDA:3,(anonymous_44)
FNDA:3,(anonymous_45)
FNDA:3,(anonymous_46)
FNDA:3,(anonymous_47)
FNDA:37,(anonymous_48)
FNDA:56,(anonymous_49)
FNDA:25,(anonymous_50)
FNDA:71,(anonymous_51)
FNDA:77,(anonymous_52)
FNDA:6,(anonymous_53)
FNDA:6,(anonymous_54)
FNDA:19,(anonymous_55)
FNDA:19,(anonymous_56)
FNDA:2,(anonymous_57)
DA:39,19
DA:48,19
DA:63,10
DA:71,77
DA:79,77
DA:113,19
DA:132,24
DA:133,18
DA:139,19
DA:147,69
DA:148,69
DA:150,47
DA:158,19
DA:159,19
DA:160,2
DA:162,19
DA:163,4
DA:165,19
DA:166,19
DA:167,40
DA:169,19
DA:171,19
DA:172,19
DA:173,19
DA:183,19
DA:187,19
DA:191,19
DA:198,19
DA:199,8
DA:201,19
DA:202,6
DA:203,6
DA:204,2
DA:206,6
DA:207,4
DA:209,6
DA:210,2
DA:213,19
DA:219,8
DA:231,4
DA:246,19
DA:247,475
DA:248,295
DA:250,475
DA:252,475
DA:253,19
DA:255,475
DA:256,19
DA:258,475
DA:259,19
DA:261,475
DA:262,19
DA:264,475
DA:265,19
DA:274,2
DA:275,50
DA:276,50
DA:285,4
DA:293,2
DA:294,2
DA:302,8
DA:303,2
DA:304,2
DA:305,2
DA:312,2
DA:313,2
DA:314,2
DA:315,2
DA:321,4
DA:322,4
DA:330,4
DA:332,4
DA:333,4
DA:334,48
DA:335,48
DA:336,48
DA:339,4
DA:340,48
DA:341,48
DA:349,77
DA:362,56
DA:369,32
DA:370,32
DA:381,111
DA:382,33
DA:392,37
DA:393,0
DA:396,37
DA:398,37
DA:399,37
DA:400,37
DA:411,37
DA:412,37
DA:413,34
DA:416,3
DA:417,3
DA:418,3
DA:419,3
DA:425,3
DA:426,3
DA:430,3
DA:431,0
DA:434,3
DA:435,3
DA:437,3
DA:439,3
DA:440,6
DA:441,3
DA:444,3
DA:456,37
DA:457,37
DA:458,37
DA:459,12
DA:462,25
DA:463,66
DA:467,25
DA:469,25
DA:470,25
DA:471,71
DA:472,71
DA:477,102
DA:481,6
DA:482,6
DA:483,6
DA:484,6
DA:485,6
DA:490,19
DA:491,19
DA:494,19
DA:495,19
DA:498,2
DA:499,2
LF:132
LH:130
BRDA:132,0,0,18
BRDA:132,0,1,6
BRDA:159,1,0,2
BRDA:159,1,1,17
BRDA:162,2,0,4
BRDA:162,2,1,15
BRDA:165,3,0,19
BRDA:165,3,1,0
BRDA:198,4,0,8
BRDA:198,4,1,11
BRDA:201,5,0,6
BRDA:201,5,1,13
BRDA:201,6,0,19
BRDA:201,6,1,17
BRDA:203,7,0,2
BRDA:203,7,1,4
BRDA:206,8,0,4
BRDA:206,8,1,2
BRDA:252,9,0,19
BRDA:252,9,1,456
BRDA:255,10,0,19
BRDA:255,10,1,456
BRDA:258,11,0,19
BRDA:258,11,1,456
BRDA:261,12,0,19
BRDA:261,12,1,456
BRDA:264,13,0,19
BRDA:264,13,1,456
BRDA:391,14,0,0
BRDA:392,15,0,0
BRDA:392,15,1,37
BRDA:392,16,0,37
BRDA:392,16,1,37
BRDA:412,17,0,34
BRDA:412,17,1,3
BRDA:425,18,0,3
BRDA:425,18,1,0
BRDA:430,19,0,0
BRDA:430,19,1,3
BRDA:458,20,0,12
BRDA:458,20,1,25
BRDA:462,21,0,10
BRDA:462,21,1,15
BRF:43
BRH:38
end_of_record
TN:
SF:tests/client/src/vuuri/constants.js
FNF:0
FNH:0
DA:2,15
DA:6,15
DA:11,15
LF:3
LH:3
BRF:0
BRH:0
end_of_record
TN:
SF:tests/client/src/vuuri/index.js
FNF:0
FNH:0
LF:0
LH:0
BRF:0
BRH:0
end_of_record
